2025-03-19 10:17:54,203-INFO-Client: Start DexHand client.
2025-03-19 10:17:54,203-INFO-Client: Try to start DexHand server.
2025-03-19 10:17:54,209-INFO-Server: Starting server...
2025-03-19 10:17:54,512-INFO-Hand: DexHand has initialized successfully.
2025-03-19 10:17:54,669-DEBUG-error:False, NORMAL (EMPTY,FINISHED)Pos:2.11/0.00 Speed:-0.42/-0.43, Current:-288.00 Force:0.506/0.500
2025-03-19 10:17:54,769-DEBUG-error:False, NORMAL (EMPTY,FINISHED)Pos:2.08/0.00 Speed:-0.35/-0.28, Current:-640.00 Force:0.314/0.500
2025-03-19 10:17:54,888-DEBUG-error:False, NORMAL (EMPTY,FINISHED)Pos:2.05/0.00 Speed:-0.13/-0.18, Current:-736.00 Force:0.212/0.500
2025-03-19 10:17:54,998-DEBUG-error:False, NORMAL (EMPTY,FINISHED)Pos:2.04/0.00 Speed:-0.04/-0.09, Current:-512.00 Force:0.140/0.500
2025-03-19 10:17:55,100-DEBUG-error:False, NORMAL (EMPTY,FINISHED)Pos:2.03/0.00 Speed:0.00/-0.03, Current:-336.00 Force:0.121/0.500
2025-03-19 10:17:55,199-DEBUG-error:False, NORMAL (EMPTY,FINISHED)Pos:2.02/0.00 Speed:0.00/0.01, Current:-64.00 Force:0.120/0.500
2025-03-19 10:17:55,300-DEBUG-error:False, NORMAL (EMPTY,FINISHED)Pos:2.02/0.00 Speed:0.00/0.04, Current:-80.00 Force:0.137/0.500
2025-03-19 10:17:55,399-DEBUG-error:False, NORMAL (EMPTY,FINISHED)Pos:2.02/0.00 Speed:0.00/0.07, Current:-208.00 Force:0.151/0.500
2025-03-19 10:17:55,499-DEBUG-error:False, NORMAL (EMPTY,FINISHED)Pos:2.03/0.00 Speed:0.00/0.11, Current:96.00 Force:0.160/0.500
2025-03-19 10:17:55,600-DEBUG-error:False, NORMAL (EMPTY,FINISHED)Pos:2.03/0.00 Speed:0.00/0.13, Current:64.00 Force:0.173/0.500
2025-03-19 10:17:55,700-DEBUG-error:False, NORMAL (EMPTY,FINISHED)Pos:2.03/0.00 Speed:0.07/0.16, Current:112.00 Force:0.188/0.500
2025-03-19 10:17:55,799-DEBUG-error:False, NORMAL (EMPTY,FINISHED)Pos:2.04/0.00 Speed:0.08/0.16, Current:304.00 Force:0.230/0.500
2025-03-19 10:17:55,960-DEBUG-error:False, NORMAL (EMPTY,FINISHED)Pos:2.06/0.00 Speed:0.14/0.12, Current:256.00 Force:0.350/0.500
2025-03-19 10:17:56,079-DEBUG-error:False, NORMAL (EMPTY,FINISHED)Pos:2.07/0.00 Speed:0.07/0.07, Current:208.00 Force:0.433/0.500
2025-03-19 10:17:56,179-DEBUG-error:False, NORMAL (EMPTY,FINISHED)Pos:2.07/0.00 Speed:0.00/0.06, Current:320.00 Force:0.466/0.500
2025-03-19 10:17:56,278-DEBUG-error:False, NORMAL (EMPTY,FINISHED)Pos:2.07/0.00 Speed:0.00/0.04, Current:352.00 Force:0.485/0.500
2025-03-19 10:17:56,378-DEBUG-error:False, NORMAL (EMPTY,FINISHED)Pos:2.08/0.00 Speed:0.00/0.03, Current:272.00 Force:0.509/0.500
2025-03-19 10:17:56,478-DEBUG-error:False, NORMAL (EMPTY,FINISHED)Pos:2.08/0.00 Speed:0.00/0.02, Current:336.00 Force:0.524/0.500
2025-03-19 10:17:56,578-DEBUG-error:False, NORMAL (EMPTY,FINISHED)Pos:2.08/0.00 Speed:0.00/0.01, Current:336.00 Force:0.528/0.500
2025-03-19 10:17:56,679-DEBUG-error:False, NORMAL (EMPTY,FINISHED)Pos:2.08/0.00 Speed:0.00/0.00, Current:336.00 Force:0.535/0.500
2025-03-19 10:17:56,778-DEBUG-error:False, NORMAL (EMPTY,FINISHED)Pos:2.08/0.00 Speed:0.00/-0.01, Current:272.00 Force:0.539/0.500
2025-03-19 10:17:56,878-DEBUG-error:False, NORMAL (EMPTY,FINISHED)Pos:2.08/0.00 Speed:0.00/-0.01, Current:304.00 Force:0.543/0.500
2025-03-19 10:17:56,979-DEBUG-error:False, NORMAL (EMPTY,FINISHED)Pos:2.08/0.00 Speed:0.00/-0.02, Current:336.00 Force:0.544/0.500
2025-03-19 10:17:57,078-DEBUG-error:False, NORMAL (EMPTY,FINISHED)Pos:2.08/0.00 Speed:0.00/-0.02, Current:224.00 Force:0.541/0.500
2025-03-19 10:17:57,179-DEBUG-error:False, NORMAL (EMPTY,FINISHED)Pos:2.08/0.00 Speed:0.00/-0.03, Current:224.00 Force:0.540/0.500
2025-03-19 10:17:57,278-DEBUG-error:False, NORMAL (EMPTY,FINISHED)Pos:2.08/0.00 Speed:0.00/-0.03, Current:176.00 Force:0.538/0.500
2025-03-19 10:17:57,379-DEBUG-error:False, NORMAL (EMPTY,FINISHED)Pos:2.08/0.00 Speed:-0.04/-0.04, Current:160.00 Force:0.541/0.500
2025-03-19 10:17:57,478-DEBUG-error:False, NORMAL (EMPTY,FINISHED)Pos:2.08/0.00 Speed:0.00/-0.04, Current:96.00 Force:0.540/0.500
2025-03-19 10:17:57,579-DEBUG-error:False, NORMAL (EMPTY,FINISHED)Pos:2.08/0.00 Speed:0.00/-0.04, Current:96.00 Force:0.539/0.500
2025-03-19 10:17:57,678-DEBUG-error:False, NORMAL (EMPTY,FINISHED)Pos:2.08/0.00 Speed:0.00/-0.05, Current:80.00 Force:0.537/0.500
2025-03-19 10:17:57,778-DEBUG-error:False, NORMAL (EMPTY,FINISHED)Pos:2.08/0.00 Speed:0.00/-0.05, Current:96.00 Force:0.534/0.500
2025-03-19 10:17:57,878-DEBUG-error:False, NORMAL (EMPTY,FINISHED)Pos:2.08/0.00 Speed:0.00/-0.05, Current:-352.00 Force:0.534/0.500
2025-03-19 10:17:57,979-DEBUG-error:False, NORMAL (EMPTY,FINISHED)Pos:2.08/0.00 Speed:0.00/-0.05, Current:16.00 Force:0.531/0.500
2025-03-19 10:17:58,078-DEBUG-error:False, NORMAL (EMPTY,FINISHED)Pos:2.08/0.00 Speed:0.00/-0.05, Current:-112.00 Force:0.524/0.500
2025-03-19 10:17:58,179-DEBUG-error:False, NORMAL (EMPTY,FINISHED)Pos:2.08/0.00 Speed:0.00/-0.05, Current:-480.00 Force:0.517/0.500
2025-03-19 10:17:58,279-DEBUG-error:False, NORMAL (EMPTY,FINISHED)Pos:2.07/0.00 Speed:-0.08/-0.04, Current:80.00 Force:0.506/0.500
2025-03-19 10:17:58,380-DEBUG-error:False, NORMAL (EMPTY,FINISHED)Pos:2.07/0.00 Speed:0.00/-0.03, Current:-464.00 Force:0.495/0.500
2025-03-19 10:17:58,480-DEBUG-error:False, NORMAL (EMPTY,FINISHED)Pos:2.07/0.00 Speed:0.00/-0.03, Current:-592.00 Force:0.487/0.500
2025-03-19 10:17:58,708-DEBUG-error:False, NORMAL (EMPTY,FINISHED)Pos:2.07/0.00 Speed:0.00/-0.01, Current:-256.00 Force:0.474/0.500
2025-03-19 10:17:58,808-DEBUG-error:False, NORMAL (EMPTY,FINISHED)Pos:2.07/0.00 Speed:0.00/-0.01, Current:-128.00 Force:0.471/0.500
2025-03-19 10:17:58,908-DEBUG-error:False, NORMAL (EMPTY,FINISHED)Pos:2.07/0.00 Speed:0.00/-0.00, Current:-176.00 Force:0.469/0.500
2025-03-19 10:17:59,009-DEBUG-error:False, NORMAL (EMPTY,FINISHED)Pos:2.07/0.00 Speed:0.00/-0.00, Current:64.00 Force:0.470/0.500
2025-03-19 10:17:59,109-DEBUG-error:False, NORMAL (EMPTY,FINISHED)Pos:2.07/0.00 Speed:0.00/0.00, Current:-208.00 Force:0.470/0.500
2025-03-19 10:17:59,208-DEBUG-error:False, NORMAL (EMPTY,FINISHED)Pos:2.07/0.00 Speed:0.00/0.01, Current:-448.00 Force:0.469/0.500
2025-03-19 10:17:59,309-DEBUG-error:False, NORMAL (EMPTY,FINISHED)Pos:2.07/0.00 Speed:0.00/0.01, Current:80.00 Force:0.469/0.500
2025-03-19 10:17:59,409-DEBUG-error:False, NORMAL (EMPTY,FINISHED)Pos:2.07/0.00 Speed:0.00/0.02, Current:-144.00 Force:0.468/0.500
2025-03-19 10:17:59,513-DEBUG-error:False, NORMAL (EMPTY,FINISHED)Pos:2.07/0.00 Speed:0.00/0.02, Current:-96.00 Force:0.470/0.500
2025-03-19 10:17:59,638-DEBUG-error:False, NORMAL (EMPTY,FINISHED)Pos:2.07/0.00 Speed:0.00/0.02, Current:192.00 Force:0.474/0.500
2025-03-19 10:17:59,738-DEBUG-error:False, NORMAL (EMPTY,FINISHED)Pos:2.07/0.00 Speed:0.00/0.02, Current:-208.00 Force:0.470/0.500
2025-03-19 10:17:59,839-DEBUG-error:False, NORMAL (EMPTY,FINISHED)Pos:2.07/0.00 Speed:0.00/0.03, Current:160.00 Force:0.471/0.500
2025-03-19 10:17:59,942-DEBUG-error:False, NORMAL (EMPTY,FINISHED)Pos:2.07/0.00 Speed:0.00/0.03, Current:-32.00 Force:0.475/0.500
2025-03-19 10:18:00,039-DEBUG-error:False, NORMAL (EMPTY,FINISHED)Pos:2.07/0.00 Speed:0.00/0.03, Current:240.00 Force:0.477/0.500
2025-03-19 10:18:00,138-DEBUG-error:False, NORMAL (EMPTY,FINISHED)Pos:2.07/0.00 Speed:0.00/0.03, Current:-384.00 Force:0.476/0.500
2025-03-19 10:18:00,239-DEBUG-error:False, NORMAL (EMPTY,FINISHED)Pos:2.07/0.00 Speed:0.00/0.04, Current:208.00 Force:0.474/0.500
2025-03-19 10:18:00,338-DEBUG-error:False, NORMAL (EMPTY,FINISHED)Pos:2.07/0.00 Speed:0.00/0.04, Current:80.00 Force:0.479/0.500
2025-03-19 10:18:00,438-DEBUG-error:False, NORMAL (EMPTY,FINISHED)Pos:2.07/0.00 Speed:0.00/0.04, Current:32.00 Force:0.482/0.500
2025-03-19 10:18:00,538-DEBUG-error:False, NORMAL (EMPTY,FINISHED)Pos:2.07/0.00 Speed:0.00/0.04, Current:144.00 Force:0.481/0.500
2025-03-19 10:18:00,640-DEBUG-error:False, NORMAL (EMPTY,FINISHED)Pos:2.07/0.00 Speed:0.00/0.04, Current:192.00 Force:0.484/0.500
2025-03-19 10:18:00,738-DEBUG-error:False, NORMAL (EMPTY,FINISHED)Pos:2.07/0.00 Speed:0.00/0.04, Current:144.00 Force:0.489/0.500
2025-03-19 10:18:00,838-DEBUG-error:False, NORMAL (EMPTY,FINISHED)Pos:2.07/0.00 Speed:0.11/0.04, Current:144.00 Force:0.491/0.500
2025-03-19 10:18:00,938-DEBUG-error:False, NORMAL (EMPTY,FINISHED)Pos:2.07/0.00 Speed:0.00/0.04, Current:240.00 Force:0.492/0.500
2025-03-19 10:18:01,040-DEBUG-error:False, NORMAL (EMPTY,FINISHED)Pos:2.07/0.00 Speed:0.00/0.00, Current:272.00 Force:0.538/0.500
2025-03-19 10:18:01,138-DEBUG-error:False, NORMAL (EMPTY,FINISHED)Pos:2.07/0.00 Speed:0.00/0.03, Current:208.00 Force:0.502/0.500
2025-03-19 10:18:01,238-DEBUG-error:False, NORMAL (EMPTY,FINISHED)Pos:2.08/0.00 Speed:0.00/0.01, Current:256.00 Force:0.521/0.500
2025-03-19 10:18:01,338-DEBUG-error:False, NORMAL (EMPTY,FINISHED)Pos:2.08/0.00 Speed:0.00/0.01, Current:320.00 Force:0.520/0.500
2025-03-19 10:18:01,438-DEBUG-error:False, NORMAL (EMPTY,FINISHED)Pos:2.08/0.00 Speed:0.00/-0.03, Current:256.00 Force:0.573/0.500
2025-03-19 10:18:01,538-DEBUG-error:False, NORMAL (EMPTY,FINISHED)Pos:2.08/0.00 Speed:0.00/-0.05, Current:128.00 Force:0.588/0.500
2025-03-19 10:18:01,639-DEBUG-error:False, NORMAL (EMPTY,FINISHED)Pos:2.08/0.00 Speed:0.00/-0.06, Current:144.00 Force:0.583/0.500
2025-03-19 10:18:01,738-DEBUG-error:False, NORMAL (EMPTY,FINISHED)Pos:2.07/0.00 Speed:-0.11/-0.23, Current:128.00 Force:0.800/0.500
2025-03-19 10:18:01,838-DEBUG-error:False, NORMAL (EMPTY,FINISHED)Pos:2.07/0.00 Speed:-0.17/-0.27, Current:-80.00 Force:0.809/0.500
2025-03-19 10:18:01,938-DEBUG-error:False, NORMAL (EMPTY,FINISHED)Pos:2.05/0.00 Speed:-0.28/-0.26, Current:-112.00 Force:0.755/0.500
2025-03-19 10:18:02,039-DEBUG-error:False, NORMAL (EMPTY,FINISHED)Pos:2.03/0.00 Speed:-0.27/-0.27, Current:-352.00 Force:0.729/0.500
2025-03-19 10:18:02,138-DEBUG-error:False, NORMAL (EMPTY,FINISHED)Pos:2.00/0.00 Speed:-0.13/-0.19, Current:-384.00 Force:0.588/0.500
2025-03-19 10:18:02,238-DEBUG-error:False, NORMAL (EMPTY,FINISHED)Pos:1.99/0.00 Speed:-0.11/-0.16, Current:-80.00 Force:0.532/0.500
2025-03-19 10:18:02,338-DEBUG-error:False, NORMAL (EMPTY,FINISHED)Pos:1.98/0.00 Speed:-0.21/-0.15, Current:-576.00 Force:0.511/0.500
2025-03-19 10:18:02,438-DEBUG-error:False, NORMAL (EMPTY,FINISHED)Pos:1.96/0.00 Speed:-0.20/-0.13, Current:-112.00 Force:0.480/0.500
2025-03-19 10:18:02,538-DEBUG-error:False, NORMAL (EMPTY,FINISHED)Pos:1.94/0.00 Speed:-0.01/-0.07, Current:-224.00 Force:0.408/0.500
2025-03-19 10:18:02,638-DEBUG-error:False, NORMAL (EMPTY,FINISHED)Pos:1.94/0.00 Speed:0.00/0.05, Current:-160.00 Force:0.263/0.500
2025-03-19 10:18:02,738-DEBUG-error:False, NORMAL (EMPTY,FINISHED)Pos:1.94/0.00 Speed:0.06/0.35, Current:48.00 Force:-0.094/0.500
2025-03-19 10:18:02,837-DEBUG-error:False, NORMAL (EMPTY,FINISHED)Pos:1.96/0.00 Speed:0.20/0.39, Current:272.00 Force:-0.065/0.500
2025-03-19 10:18:02,939-DEBUG-error:False, NORMAL (EMPTY,FINISHED)Pos:1.99/0.00 Speed:0.40/0.36, Current:256.00 Force:0.066/0.500
2025-03-19 10:18:03,039-DEBUG-error:False, NORMAL (EMPTY,FINISHED)Pos:2.02/0.00 Speed:0.11/0.26, Current:288.00 Force:0.257/0.500
2025-03-19 10:18:03,139-DEBUG-error:False, NORMAL (EMPTY,FINISHED)Pos:2.04/0.00 Speed:0.21/0.21, Current:336.00 Force:0.361/0.500
2025-03-19 10:18:03,240-DEBUG-error:False, NORMAL (EMPTY,FINISHED)Pos:2.06/0.00 Speed:0.20/0.15, Current:272.00 Force:0.472/0.500
2025-03-19 10:18:03,338-DEBUG-error:False, NORMAL (EMPTY,FINISHED)Pos:2.07/0.00 Speed:0.10/0.09, Current:224.00 Force:0.547/0.500
2025-03-19 10:18:03,443-DEBUG-error:False, NORMAL (EMPTY,FINISHED)Pos:2.08/0.00 Speed:0.00/0.06, Current:368.00 Force:0.582/0.500
2025-03-19 10:18:03,539-DEBUG-error:False, NORMAL (EMPTY,FINISHED)Pos:2.08/0.00 Speed:0.00/0.03, Current:352.00 Force:0.603/0.500
2025-03-19 10:18:03,638-DEBUG-error:False, NORMAL (EMPTY,FINISHED)Pos:2.08/0.00 Speed:0.00/0.01, Current:384.00 Force:0.610/0.500
2025-03-19 10:18:03,743-DEBUG-error:False, NORMAL (EMPTY,FINISHED)Pos:2.08/0.00 Speed:0.00/-0.01, Current:304.00 Force:0.621/0.500
2025-03-19 10:18:03,843-DEBUG-error:False, NORMAL (EMPTY,FINISHED)Pos:2.08/0.00 Speed:0.00/-0.02, Current:320.00 Force:0.620/0.500
2025-03-19 10:18:03,940-DEBUG-error:False, NORMAL (EMPTY,FINISHED)Pos:2.08/0.00 Speed:0.00/-0.03, Current:288.00 Force:0.622/0.500
2025-03-19 10:18:04,039-DEBUG-error:False, NORMAL (EMPTY,FINISHED)Pos:2.08/0.00 Speed:0.00/-0.04, Current:192.00 Force:0.619/0.500
2025-03-19 10:18:04,138-DEBUG-error:False, NORMAL (EMPTY,FINISHED)Pos:2.08/0.00 Speed:0.00/-0.06, Current:160.00 Force:0.617/0.500
2025-03-19 10:18:04,239-DEBUG-error:False, NORMAL (EMPTY,FINISHED)Pos:2.08/0.00 Speed:0.00/-0.07, Current:128.00 Force:0.617/0.500
2025-03-19 10:18:04,341-DEBUG-error:False, NORMAL (EMPTY,FINISHED)Pos:2.08/0.00 Speed:0.00/-0.08, Current:-368.00 Force:0.614/0.500
2025-03-19 10:18:04,439-DEBUG-error:False, NORMAL (EMPTY,FINISHED)Pos:2.08/0.00 Speed:-0.10/-0.09, Current:64.00 Force:0.609/0.500
2025-03-19 10:18:04,543-DEBUG-error:False, NORMAL (EMPTY,FINISHED)Pos:2.08/0.00 Speed:0.00/-0.10, Current:-416.00 Force:0.601/0.500
2025-03-19 10:18:04,632-INFO-Tac3D: Tac3D has initialized successfully
2025-03-19 10:18:04,633-INFO-Server: Started.
2025-03-19 10:18:04,634-INFO-Client: exiting program.
2025-03-19 10:20:22,069-INFO-Client: Start DexHand client.
2025-03-19 10:20:22,070-INFO-Client: Try to start DexHand server.
2025-03-19 10:20:22,074-INFO-Server: Starting server...
2025-03-19 10:20:22,074-INFO-Server: Started.
2025-03-19 10:20:22,075-INFO-Client: Acquire DexHand control.
2025-03-19 10:20:22,084-DEBUG-Hand: Hand is under control.
2025-03-19 10:20:22,085-INFO-Client: Set DexHand's position zeropoint.
2025-03-19 10:20:22,088-INFO-Hand: Finding home position...
2025-03-19 10:20:22,160-DEBUG-error:False, SETHOME (SETZERO,RUNNING)Pos:1.82/0.00 Speed:-4.12/-4.00, Current:-352.00 Force:-0.173/0.500
2025-03-19 10:20:22,259-DEBUG-error:False, SETHOME (SETZERO,RUNNING)Pos:1.42/0.00 Speed:-3.59/-4.00, Current:-496.00 Force:-0.093/0.500
2025-03-19 10:20:22,359-DEBUG-error:False, SETHOME (SETZERO,RUNNING)Pos:1.02/0.00 Speed:-3.97/-4.00, Current:-336.00 Force:-0.011/0.500
2025-03-19 10:20:22,461-DEBUG-error:False, SETHOME (SETZERO,RUNNING)Pos:0.62/0.00 Speed:-4.13/-4.00, Current:-208.00 Force:-0.010/0.500
2025-03-19 10:20:22,558-DEBUG-error:False, SETHOME (SETZERO,RUNNING)Pos:0.22/0.00 Speed:-3.81/-4.00, Current:-320.00 Force:-0.008/0.500
2025-03-19 10:20:22,659-DEBUG-error:False, SETHOME (SETZERO,RUNNING)Pos:-0.18/0.00 Speed:-3.83/-4.00, Current:-336.00 Force:-0.015/0.500
2025-03-19 10:20:22,765-DEBUG-error:False, SETHOME (SETZERO,RUNNING)Pos:-0.59/0.00 Speed:-3.91/-4.00, Current:-272.00 Force:-0.010/0.500
2025-03-19 10:20:22,864-DEBUG-error:False, SETHOME (SETZERO,RUNNING)Pos:-0.99/0.00 Speed:-4.26/-4.00, Current:-288.00 Force:-0.011/0.500
2025-03-19 10:20:22,962-DEBUG-error:False, SETHOME (SETZERO,RUNNING)Pos:-1.39/0.00 Speed:-4.02/-4.00, Current:-304.00 Force:-0.009/0.500
2025-03-19 10:20:23,058-DEBUG-error:False, SETHOME (SETZERO,RUNNING)Pos:-1.79/0.00 Speed:-4.05/-4.00, Current:-320.00 Force:-0.012/0.500
2025-03-19 10:20:23,160-DEBUG-error:False, SETHOME (SETZERO,RUNNING)Pos:-2.19/0.00 Speed:-4.05/-4.00, Current:-208.00 Force:-0.013/0.500
2025-03-19 10:20:23,265-DEBUG-error:False, SETHOME (SETZERO,RUNNING)Pos:-2.60/0.00 Speed:-3.98/-4.00, Current:-272.00 Force:-0.011/0.500
2025-03-19 10:20:23,359-DEBUG-error:False, SETHOME (SETZERO,RUNNING)Pos:-3.00/0.00 Speed:-4.12/-4.00, Current:-352.00 Force:-0.013/0.500
2025-03-19 10:20:23,480-DEBUG-error:False, SETHOME (SETZERO,RUNNING)Pos:-3.39/0.00 Speed:-3.98/-4.00, Current:-672.00 Force:-0.018/0.500
2025-03-19 10:20:23,557-DEBUG-error:False, SETHOME (SETZERO,RUNNING)Pos:-3.79/0.00 Speed:-4.15/-4.00, Current:-576.00 Force:-0.011/0.500
2025-03-19 10:20:23,664-DEBUG-error:False, SETHOME (SETZERO,RUNNING)Pos:-4.19/0.00 Speed:-3.97/-4.00, Current:-320.00 Force:-0.011/0.500
2025-03-19 10:20:23,757-DEBUG-error:False, SETHOME (SETZERO,RUNNING)Pos:-4.59/0.00 Speed:-3.80/-4.00, Current:-416.00 Force:-0.013/0.500
2025-03-19 10:20:23,860-DEBUG-error:False, SETHOME (SETZERO,RUNNING)Pos:-4.99/0.00 Speed:-3.85/-4.00, Current:-464.00 Force:-0.009/0.500
2025-03-19 10:20:23,960-DEBUG-error:False, SETHOME (SETZERO,RUNNING)Pos:-5.40/0.00 Speed:-3.90/-4.00, Current:-304.00 Force:-0.012/0.500
2025-03-19 10:20:24,061-DEBUG-error:False, SETHOME (SETZERO,RUNNING)Pos:-5.80/0.00 Speed:-4.17/-4.00, Current:-128.00 Force:-0.013/0.500
2025-03-19 10:20:24,163-DEBUG-error:False, SETHOME (SETZERO,RUNNING)Pos:-6.20/0.00 Speed:-4.13/-4.00, Current:-656.00 Force:-0.013/0.500
2025-03-19 10:20:24,267-DEBUG-error:False, SETHOME (SETZERO,RUNNING)Pos:-6.65/0.00 Speed:-4.30/-4.00, Current:-240.00 Force:-0.013/0.500
2025-03-19 10:20:24,368-DEBUG-error:False, SETHOME (SETZERO,RUNNING)Pos:-7.05/0.00 Speed:-4.16/-4.00, Current:-288.00 Force:-0.012/0.500
2025-03-19 10:20:24,472-DEBUG-error:False, SETHOME (SETZERO,RUNNING)Pos:-7.45/0.00 Speed:-4.01/-4.00, Current:-272.00 Force:-0.014/0.500
2025-03-19 10:20:24,568-DEBUG-error:False, SETHOME (SETZERO,RUNNING)Pos:-7.85/0.00 Speed:-3.80/-4.00, Current:-336.00 Force:-0.012/0.500
2025-03-19 10:20:24,668-DEBUG-error:False, SETHOME (SETZERO,RUNNING)Pos:-8.25/0.00 Speed:-3.83/-4.00, Current:-336.00 Force:-0.014/0.500
2025-03-19 10:20:24,772-DEBUG-error:False, SETHOME (SETZERO,RUNNING)Pos:-8.64/0.00 Speed:-4.08/-4.00, Current:-304.00 Force:-0.016/0.500
2025-03-19 10:20:24,887-DEBUG-error:False, SETHOME (SETZERO,RUNNING)Pos:-9.05/0.00 Speed:-3.77/-4.00, Current:-416.00 Force:-0.016/0.500
2025-03-19 10:20:24,970-DEBUG-error:False, SETHOME (SETZERO,RUNNING)Pos:-9.45/0.00 Speed:-4.02/-4.00, Current:-576.00 Force:-0.015/0.500
2025-03-19 10:20:25,068-DEBUG-error:False, SETHOME (SETZERO,RUNNING)Pos:-9.85/0.00 Speed:-4.34/-4.00, Current:-160.00 Force:-0.015/0.500
2025-03-19 10:20:25,170-DEBUG-error:False, SETHOME (SETZERO,RUNNING)Pos:-10.25/0.00 Speed:-4.01/-4.00, Current:-48.00 Force:-0.012/0.500
2025-03-19 10:20:25,270-DEBUG-error:False, SETHOME (SETZERO,RUNNING)Pos:-10.65/0.00 Speed:-3.91/-4.00, Current:-384.00 Force:-0.012/0.500
2025-03-19 10:20:25,367-DEBUG-error:False, SETHOME (SETZERO,RUNNING)Pos:-11.06/0.00 Speed:-3.69/-4.00, Current:-384.00 Force:-0.015/0.500
2025-03-19 10:20:25,468-DEBUG-error:False, SETHOME (SETZERO,RUNNING)Pos:-11.45/0.00 Speed:-4.20/-4.00, Current:-272.00 Force:-0.014/0.500
2025-03-19 10:20:25,574-DEBUG-error:False, SETHOME (SETZERO,RUNNING)Pos:-11.86/0.00 Speed:-4.23/-4.00, Current:-224.00 Force:-0.012/0.500
2025-03-19 10:20:25,667-DEBUG-error:False, SETHOME (SETZERO,RUNNING)Pos:-12.26/0.00 Speed:-3.69/-4.00, Current:-576.00 Force:-0.012/0.500
2025-03-19 10:20:25,779-DEBUG-error:False, SETHOME (SETZERO,RUNNING)Pos:-12.70/0.00 Speed:-4.12/-4.00, Current:-192.00 Force:-0.010/0.500
2025-03-19 10:20:25,885-DEBUG-error:False, SETHOME (SETZERO,RUNNING)Pos:-13.10/0.00 Speed:-3.99/-4.00, Current:-512.00 Force:-0.012/0.500
2025-03-19 10:20:25,989-DEBUG-error:False, SETHOME (SETZERO,RUNNING)Pos:-13.50/0.00 Speed:-3.87/-4.00, Current:-160.00 Force:-0.011/0.500
2025-03-19 10:20:26,077-DEBUG-error:False, SETHOME (SETZERO,RUNNING)Pos:-13.89/0.00 Speed:-3.91/-4.00, Current:-400.00 Force:-0.014/0.500
2025-03-19 10:20:26,177-DEBUG-error:False, SETHOME (SETZERO,RUNNING)Pos:-14.30/0.00 Speed:-3.90/-4.00, Current:-416.00 Force:-0.017/0.500
2025-03-19 10:20:26,279-DEBUG-error:False, SETHOME (SETZERO,RUNNING)Pos:-14.70/0.00 Speed:-3.90/-4.00, Current:-320.00 Force:-0.011/0.500
2025-03-19 10:20:26,386-DEBUG-error:False, SETHOME (SETZERO,RUNNING)Pos:-15.10/0.00 Speed:-4.04/-4.00, Current:-288.00 Force:-0.013/0.500
2025-03-19 10:20:26,481-DEBUG-error:False, SETHOME (SETZERO,RUNNING)Pos:-15.50/0.00 Speed:-4.29/-4.00, Current:-240.00 Force:-0.011/0.500
2025-03-19 10:20:26,578-DEBUG-error:False, SETHOME (SETZERO,RUNNING)Pos:-15.90/0.00 Speed:-3.92/-4.00, Current:-688.00 Force:-0.012/0.500
2025-03-19 10:20:26,678-DEBUG-error:False, SETHOME (SETZERO,RUNNING)Pos:-16.30/0.00 Speed:-3.88/-4.00, Current:-160.00 Force:-0.016/0.500
2025-03-19 10:20:26,781-DEBUG-error:False, SETHOME (SETZERO,RUNNING)Pos:-16.71/0.00 Speed:-4.12/-4.00, Current:-176.00 Force:-0.013/0.500
2025-03-19 10:20:26,878-DEBUG-error:False, SETHOME (SETZERO,RUNNING)Pos:-17.11/0.00 Speed:-4.11/-4.00, Current:-208.00 Force:-0.014/0.500
2025-03-19 10:20:26,979-DEBUG-error:False, SETHOME (SETZERO,RUNNING)Pos:-17.51/0.00 Speed:-4.02/-4.00, Current:-320.00 Force:-0.013/0.500
2025-03-19 10:20:27,083-DEBUG-error:False, SETHOME (SETZERO,RUNNING)Pos:-17.91/0.00 Speed:-3.43/-4.00, Current:-512.00 Force:-0.017/0.500
2025-03-19 10:20:27,178-DEBUG-error:False, SETHOME (SETZERO,RUNNING)Pos:-18.31/0.00 Speed:-4.08/-4.00, Current:-288.00 Force:-0.011/0.500
2025-03-19 10:20:27,285-DEBUG-error:False, SETHOME (SETZERO,RUNNING)Pos:-18.71/0.00 Speed:-4.06/-4.00, Current:-288.00 Force:-0.013/0.500
2025-03-19 10:20:27,380-DEBUG-error:False, SETHOME (SETZERO,RUNNING)Pos:-19.11/0.00 Speed:-3.69/-4.00, Current:-656.00 Force:-0.013/0.500
2025-03-19 10:20:27,482-DEBUG-error:False, SETHOME (SETZERO,RUNNING)Pos:-19.51/0.00 Speed:-3.92/-4.00, Current:-640.00 Force:-0.010/0.500
2025-03-19 10:20:27,584-DEBUG-error:False, SETHOME (SETZERO,RUNNING)Pos:-19.90/0.00 Speed:-4.20/-4.00, Current:16.00 Force:-0.012/0.500
2025-03-19 10:20:27,677-DEBUG-error:False, SETHOME (SETZERO,RUNNING)Pos:-20.31/0.00 Speed:-4.15/-4.00, Current:-208.00 Force:-0.013/0.500
2025-03-19 10:20:27,778-DEBUG-error:False, SETHOME (SETZERO,RUNNING)Pos:-20.71/0.00 Speed:-3.87/-4.00, Current:-368.00 Force:-0.014/0.500
2025-03-19 10:20:27,878-DEBUG-error:False, SETHOME (SETZERO,RUNNING)Pos:-21.11/0.00 Speed:-3.88/-4.00, Current:-384.00 Force:-0.010/0.500
2025-03-19 10:20:27,978-DEBUG-error:False, SETHOME (SETZERO,RUNNING)Pos:-21.51/0.00 Speed:-4.36/-4.00, Current:-256.00 Force:-0.017/0.500
2025-03-19 10:20:28,079-DEBUG-error:False, SETHOME (SETZERO,RUNNING)Pos:-21.91/0.00 Speed:-4.08/-4.00, Current:-288.00 Force:-0.007/0.500
2025-03-19 10:20:28,189-DEBUG-error:False, SETHOME (SETZERO,RUNNING)Pos:-22.32/0.00 Speed:-3.84/-4.00, Current:-288.00 Force:-0.013/0.500
2025-03-19 10:20:28,281-DEBUG-error:False, SETHOME (SETZERO,RUNNING)Pos:-22.72/0.00 Speed:-3.84/-4.00, Current:-560.00 Force:-0.015/0.500
2025-03-19 10:20:28,377-DEBUG-error:False, SETHOME (SETZERO,RUNNING)Pos:-23.12/0.00 Speed:-4.06/-4.00, Current:-128.00 Force:-0.016/0.500
2025-03-19 10:20:28,483-DEBUG-error:False, SETHOME (SETZERO,RUNNING)Pos:-23.51/0.00 Speed:-4.17/-4.00, Current:-288.00 Force:-0.009/0.500
2025-03-19 10:20:28,583-DEBUG-error:False, SETHOME (SETZERO,RUNNING)Pos:-23.92/0.00 Speed:-3.81/-4.00, Current:-240.00 Force:-0.016/0.500
2025-03-19 10:20:28,688-DEBUG-error:False, SETHOME (SETZERO,RUNNING)Pos:-24.32/0.00 Speed:-4.02/-4.00, Current:-368.00 Force:-0.014/0.500
2025-03-19 10:20:28,778-DEBUG-error:False, SETHOME (SETZERO,RUNNING)Pos:-24.72/0.00 Speed:-4.13/-4.00, Current:-304.00 Force:-0.015/0.500
2025-03-19 10:20:28,886-DEBUG-error:False, SETHOME (SETZERO,RUNNING)Pos:-25.12/0.00 Speed:-3.87/-4.00, Current:-432.00 Force:-0.016/0.500
2025-03-19 10:20:28,982-DEBUG-error:False, SETHOME (SETZERO,RUNNING)Pos:-25.52/0.00 Speed:-3.83/-4.00, Current:-464.00 Force:-0.013/0.500
2025-03-19 10:20:29,082-DEBUG-error:False, SETHOME (SETZERO,RUNNING)Pos:-25.92/0.00 Speed:-3.88/-4.00, Current:-80.00 Force:-0.011/0.500
2025-03-19 10:20:29,177-DEBUG-error:False, SETHOME (SETZERO,RUNNING)Pos:-26.32/0.00 Speed:-4.22/-4.00, Current:-320.00 Force:-0.012/0.500
2025-03-19 10:20:29,284-DEBUG-error:False, SETHOME (SETZERO,RUNNING)Pos:-26.73/0.00 Speed:-4.05/-4.00, Current:-560.00 Force:-0.012/0.500
2025-03-19 10:20:29,378-DEBUG-error:False, SETHOME (SETZERO,RUNNING)Pos:-27.13/0.00 Speed:-3.73/-4.00, Current:-704.00 Force:-0.010/0.500
2025-03-19 10:20:29,477-DEBUG-error:False, SETHOME (SETZERO,RUNNING)Pos:-27.53/0.00 Speed:-3.92/-4.00, Current:-272.00 Force:-0.016/0.500
2025-03-19 10:20:29,586-DEBUG-error:False, SETHOME (SETZERO,RUNNING)Pos:-27.93/0.00 Speed:-3.92/-4.00, Current:-288.00 Force:-0.014/0.500
2025-03-19 10:20:29,681-DEBUG-error:False, SETHOME (SETZERO,RUNNING)Pos:-28.33/0.00 Speed:-3.91/-4.00, Current:-384.00 Force:-0.015/0.500
2025-03-19 10:20:29,780-DEBUG-error:False, SETHOME (SETZERO,RUNNING)Pos:-28.73/0.00 Speed:-4.06/-4.00, Current:-288.00 Force:-0.015/0.500
2025-03-19 10:20:29,880-DEBUG-error:False, SETHOME (SETZERO,RUNNING)Pos:-29.13/0.00 Speed:-3.99/-4.00, Current:-320.00 Force:-0.015/0.500
2025-03-19 10:20:29,979-DEBUG-error:False, SETHOME (SETZERO,RUNNING)Pos:-29.53/0.00 Speed:-4.01/-4.00, Current:-208.00 Force:-0.014/0.500
2025-03-19 10:20:30,077-DEBUG-error:False, SETHOME (SETZERO,RUNNING)Pos:-29.93/0.00 Speed:-3.88/-4.00, Current:-416.00 Force:-0.013/0.500
2025-03-19 10:20:30,180-DEBUG-error:False, SETHOME (SETZERO,RUNNING)Pos:-30.33/0.00 Speed:-3.90/-4.00, Current:-768.00 Force:-0.014/0.500
2025-03-19 10:20:30,279-DEBUG-error:False, SETHOME (SETZERO,RUNNING)Pos:-30.73/0.00 Speed:-4.15/-4.00, Current:-448.00 Force:-0.018/0.500
2025-03-19 10:20:30,378-DEBUG-error:False, SETHOME (SETZERO,RUNNING)Pos:-31.14/0.00 Speed:-4.13/-4.00, Current:-288.00 Force:-0.015/0.500
2025-03-19 10:20:30,479-DEBUG-error:False, SETHOME (SETZERO,RUNNING)Pos:-31.53/0.00 Speed:-4.04/-4.00, Current:-400.00 Force:-0.014/0.500
2025-03-19 10:20:30,578-DEBUG-error:False, SETHOME (SETZERO,RUNNING)Pos:-31.94/0.00 Speed:-3.87/-4.00, Current:-368.00 Force:-0.014/0.500
2025-03-19 10:20:30,678-DEBUG-error:False, SETHOME (SETZERO,RUNNING)Pos:-32.33/0.00 Speed:-4.09/-4.00, Current:-336.00 Force:-0.015/0.500
2025-03-19 10:20:30,778-DEBUG-error:False, SETHOME (SETZERO,RUNNING)Pos:-32.74/0.00 Speed:-4.09/-4.00, Current:-672.00 Force:-0.014/0.500
2025-03-19 10:20:30,877-DEBUG-error:False, SETHOME (SETZERO,RUNNING)Pos:-33.13/0.00 Speed:-3.77/-4.00, Current:-752.00 Force:-0.015/0.500
2025-03-19 10:20:30,988-DEBUG-error:False, SETHOME (SETZERO,RUNNING)Pos:-33.57/0.00 Speed:-4.12/-4.00, Current:-128.00 Force:-0.014/0.500
2025-03-19 10:20:31,088-DEBUG-error:False, SETHOME (SETZERO,RUNNING)Pos:-33.98/0.00 Speed:-3.80/-4.00, Current:-576.00 Force:-0.014/0.500
2025-03-19 10:20:31,186-DEBUG-error:False, SETHOME (SETZERO,RUNNING)Pos:-34.38/0.00 Speed:-3.92/-4.00, Current:-320.00 Force:-0.015/0.500
2025-03-19 10:20:31,293-DEBUG-error:False, SETHOME (SETZERO,RUNNING)Pos:-34.78/0.00 Speed:-4.20/-4.00, Current:-320.00 Force:-0.015/0.500
2025-03-19 10:20:31,390-DEBUG-error:False, SETHOME (SETZERO,RUNNING)Pos:-35.18/0.00 Speed:-4.12/-4.00, Current:-336.00 Force:-0.016/0.500
2025-03-19 10:20:31,487-DEBUG-error:False, SETHOME (SETZERO,RUNNING)Pos:-35.58/0.00 Speed:-3.95/-4.00, Current:-352.00 Force:-0.014/0.500
2025-03-19 10:20:31,587-DEBUG-error:False, SETHOME (SETZERO,RUNNING)Pos:-35.98/0.00 Speed:-3.80/-4.00, Current:-288.00 Force:-0.013/0.500
2025-03-19 10:20:31,692-DEBUG-error:False, SETHOME (SETZERO,RUNNING)Pos:-36.38/0.00 Speed:-4.31/-4.00, Current:-320.00 Force:-0.013/0.500
2025-03-19 10:20:31,788-DEBUG-error:False, SETHOME (SETZERO,RUNNING)Pos:-36.78/0.00 Speed:-4.08/-4.00, Current:-608.00 Force:-0.014/0.500
2025-03-19 10:20:31,887-DEBUG-error:False, SETHOME (SETZERO,RUNNING)Pos:-37.18/0.00 Speed:-3.71/-4.00, Current:-400.00 Force:-0.015/0.500
2025-03-19 10:20:31,988-DEBUG-error:False, SETHOME (SETZERO,RUNNING)Pos:-37.59/0.00 Speed:-3.95/-4.00, Current:-336.00 Force:-0.014/0.500
2025-03-19 10:20:32,088-DEBUG-error:False, SETHOME (SETZERO,RUNNING)Pos:-37.99/0.00 Speed:-3.90/-4.00, Current:-320.00 Force:-0.015/0.500
2025-03-19 10:20:32,188-DEBUG-error:False, SETHOME (SETZERO,RUNNING)Pos:-38.38/0.00 Speed:-4.12/-4.00, Current:-304.00 Force:-0.013/0.500
2025-03-19 10:20:32,287-DEBUG-error:False, SETHOME (SETZERO,RUNNING)Pos:-38.79/0.00 Speed:-3.77/-4.00, Current:-400.00 Force:-0.016/0.500
2025-03-19 10:20:32,388-DEBUG-error:False, SETHOME (SETZERO,RUNNING)Pos:-39.18/0.00 Speed:-4.01/-4.00, Current:-224.00 Force:-0.017/0.500
2025-03-19 10:20:32,487-DEBUG-error:False, SETHOME (SETZERO,RUNNING)Pos:-39.59/0.00 Speed:-4.40/-4.00, Current:-624.00 Force:-0.013/0.500
2025-03-19 10:20:32,594-DEBUG-error:False, SETHOME (SETZERO,RUNNING)Pos:-39.98/0.00 Speed:-3.83/-4.00, Current:-448.00 Force:-0.016/0.500
2025-03-19 10:20:32,688-DEBUG-error:False, SETHOME (SETZERO,RUNNING)Pos:-40.39/0.00 Speed:-4.02/-4.00, Current:-400.00 Force:-0.015/0.500
2025-03-19 10:20:32,791-DEBUG-error:False, SETHOME (SETZERO,RUNNING)Pos:-40.79/0.00 Speed:-3.88/-4.00, Current:-560.00 Force:-0.016/0.500
2025-03-19 10:20:32,888-DEBUG-error:False, SETHOME (SETZERO,RUNNING)Pos:-41.19/0.00 Speed:-4.19/-4.00, Current:-256.00 Force:-0.015/0.500
2025-03-19 10:20:32,987-DEBUG-error:False, SETHOME (SETZERO,RUNNING)Pos:-41.60/0.00 Speed:-4.11/-4.00, Current:-320.00 Force:-0.011/0.500
2025-03-19 10:20:33,088-DEBUG-error:False, SETHOME (SETZERO,RUNNING)Pos:-41.99/0.00 Speed:-3.77/-4.00, Current:-400.00 Force:-0.015/0.500
2025-03-19 10:20:33,188-DEBUG-error:False, SETHOME (SETZERO,RUNNING)Pos:-42.40/0.00 Speed:-4.04/-4.00, Current:-256.00 Force:-0.011/0.500
2025-03-19 10:20:33,288-DEBUG-error:False, SETHOME (SETZERO,RUNNING)Pos:-42.79/0.00 Speed:-4.01/-4.00, Current:-320.00 Force:-0.020/0.500
2025-03-19 10:20:33,388-DEBUG-error:False, SETHOME (SETZERO,RUNNING)Pos:-43.20/0.00 Speed:-4.05/-4.00, Current:-176.00 Force:-0.014/0.500
2025-03-19 10:20:33,494-DEBUG-error:False, SETHOME (SETZERO,RUNNING)Pos:-43.59/0.00 Speed:-3.88/-4.00, Current:-384.00 Force:-0.016/0.500
2025-03-19 10:20:33,590-DEBUG-error:False, SETHOME (SETZERO,RUNNING)Pos:-43.99/0.00 Speed:-4.01/-4.00, Current:-144.00 Force:-0.015/0.500
2025-03-19 10:20:33,687-DEBUG-error:False, SETHOME (SETZERO,RUNNING)Pos:-44.40/0.00 Speed:-4.01/-4.00, Current:-368.00 Force:-0.016/0.500
2025-03-19 10:20:33,790-DEBUG-error:False, SETHOME (SETZERO,RUNNING)Pos:-44.80/0.00 Speed:-3.95/-4.00, Current:-448.00 Force:-0.016/0.500
2025-03-19 10:20:33,887-DEBUG-error:False, SETHOME (SETZERO,RUNNING)Pos:-45.18/0.00 Speed:-3.10/-4.00, Current:-960.00 Force:-0.014/0.500
2025-03-19 10:20:33,985-INFO-Hand: Home position is found.
2025-03-19 10:20:33,985-INFO-Client: Calibrate DexHand force zeropoints.
2025-03-19 10:20:33,987-INFO-Hand: Calibrating force zeropoints...
2025-03-19 10:20:33,987-DEBUG-error:False, STOP (SETZERO,FINISHED)Pos:-0.02/0.00 Speed:6.91/0.00, Current:-144.00 Force:-0.008/0.500
2025-03-19 10:20:34,088-DEBUG-error:False, NORMAL (FINEZERO,FINISHED)Pos:0.05/0.00 Speed:0.00/0.00, Current:-112.00 Force:-0.002/0.500
2025-03-19 10:20:34,089-INFO-Hand: Force zeropoints are calibrated.
2025-03-19 10:20:34,089-INFO-Client: exiting program.
2025-03-19 10:20:34,094-INFO-Client: Halt DexHand.
2025-03-19 10:20:34,108-INFO-Hand: Halting DexHand...
2025-03-19 10:20:34,108-WARNING-Server: Got emergency task Halt.
2025-03-19 10:20:34,115-INFO-Hand: DexHand has halted.
2025-03-19 10:20:34,116-INFO-Hand: DexHand service is available again.
2025-03-19 10:20:34,116-WARNING-Client: Release DexHand.
2025-03-19 10:20:34,125-DEBUG-Hand: DexHand control access has been released.
