2025-03-18 16:04:02,096-INFO-Client: Start DexHand client.
2025-03-18 16:04:02,096-INFO-Client: Try to start DexHand server.
2025-03-18 16:04:02,102-INFO-Server: Starting server...
2025-03-18 16:04:02,102-INFO-Server: Started.
2025-03-18 16:04:02,103-INFO-Client: Acquire DexHand control.
2025-03-18 16:04:02,127-DEBUG-Hand: Hand is under control.
2025-03-18 16:04:02,128-INFO-Client: Set DexHand's position zeropoint.
2025-03-18 16:04:02,146-INFO-Hand: Finding home position...
2025-03-18 16:04:02,195-DEBUG-error:False, SETHOME (SETZERO,RUNNING)Pos:47.14/0.00 Speed:-3.31/-4.00, Current:-432.00 Force:0.317/0.500
2025-03-18 16:04:02,294-DEBUG-error:False, SETHOME (SETZERO,RUNNING)Pos:46.77/0.00 Speed:-4.12/-4.00, Current:-256.00 Force:0.007/0.500
2025-03-18 16:04:02,394-DEBUG-error:False, SETHOME (SETZERO,RUNNING)Pos:46.37/0.00 Speed:-4.09/-4.00, Current:-352.00 Force:-0.005/0.500
2025-03-18 16:04:02,494-DEBUG-error:False, SETHOME (SETZERO,RUNNING)Pos:45.97/0.00 Speed:-3.64/-4.00, Current:-448.00 Force:-0.007/0.500
2025-03-18 16:04:02,594-DEBUG-error:False, SETHOME (SETZERO,RUNNING)Pos:45.56/0.00 Speed:-3.98/-4.00, Current:-224.00 Force:-0.005/0.500
2025-03-18 16:04:02,696-DEBUG-error:False, SETHOME (SETZERO,RUNNING)Pos:45.17/0.00 Speed:-4.01/-4.00, Current:-256.00 Force:-0.007/0.500
2025-03-18 16:04:02,795-DEBUG-error:False, SETHOME (SETZERO,RUNNING)Pos:44.77/0.00 Speed:-4.02/-4.00, Current:-64.00 Force:-0.004/0.500
2025-03-18 16:04:02,897-DEBUG-error:False, SETHOME (SETZERO,RUNNING)Pos:44.36/0.00 Speed:-3.73/-4.00, Current:-144.00 Force:-0.009/0.500
2025-03-18 16:04:02,994-DEBUG-error:False, SETHOME (SETZERO,RUNNING)Pos:43.96/0.00 Speed:-4.05/-4.00, Current:-224.00 Force:-0.010/0.500
2025-03-18 16:04:03,096-DEBUG-error:False, SETHOME (SETZERO,RUNNING)Pos:43.56/0.00 Speed:-4.37/-4.00, Current:-192.00 Force:-0.006/0.500
2025-03-18 16:04:03,196-DEBUG-error:False, SETHOME (SETZERO,RUNNING)Pos:43.16/0.00 Speed:-3.90/-4.00, Current:-352.00 Force:-0.005/0.500
2025-03-18 16:04:03,294-DEBUG-error:False, SETHOME (SETZERO,RUNNING)Pos:42.76/0.00 Speed:-3.81/-4.00, Current:-320.00 Force:-0.004/0.500
2025-03-18 16:04:03,395-DEBUG-error:False, SETHOME (SETZERO,RUNNING)Pos:42.36/0.00 Speed:-3.90/-4.00, Current:-304.00 Force:-0.005/0.500
2025-03-18 16:04:03,494-DEBUG-error:False, SETHOME (SETZERO,RUNNING)Pos:41.96/0.00 Speed:-4.16/-4.00, Current:-608.00 Force:-0.007/0.500
2025-03-18 16:04:03,595-DEBUG-error:False, SETHOME (SETZERO,RUNNING)Pos:41.56/0.00 Speed:-4.11/-4.00, Current:-160.00 Force:-0.010/0.500
2025-03-18 16:04:03,695-DEBUG-error:False, SETHOME (SETZERO,RUNNING)Pos:41.16/0.00 Speed:-3.67/-4.00, Current:-864.00 Force:-0.006/0.500
2025-03-18 16:04:03,794-DEBUG-error:False, SETHOME (SETZERO,RUNNING)Pos:40.76/0.00 Speed:-4.01/-4.00, Current:-576.00 Force:-0.008/0.500
2025-03-18 16:04:03,895-DEBUG-error:False, SETHOME (SETZERO,RUNNING)Pos:40.36/0.00 Speed:-4.09/-4.00, Current:-384.00 Force:-0.007/0.500
2025-03-18 16:04:03,994-DEBUG-error:False, SETHOME (SETZERO,RUNNING)Pos:39.96/0.00 Speed:-3.83/-4.00, Current:-432.00 Force:-0.007/0.500
2025-03-18 16:04:04,094-DEBUG-error:False, SETHOME (SETZERO,RUNNING)Pos:39.56/0.00 Speed:-4.08/-4.00, Current:-240.00 Force:-0.007/0.500
2025-03-18 16:04:04,194-DEBUG-error:False, SETHOME (SETZERO,RUNNING)Pos:39.15/0.00 Speed:-4.02/-4.00, Current:-352.00 Force:-0.008/0.500
2025-03-18 16:04:04,294-DEBUG-error:False, SETHOME (SETZERO,RUNNING)Pos:38.75/0.00 Speed:-4.13/-4.00, Current:-240.00 Force:-0.008/0.500
2025-03-18 16:04:04,394-DEBUG-error:False, SETHOME (SETZERO,RUNNING)Pos:38.35/0.00 Speed:-3.83/-4.00, Current:-704.00 Force:-0.008/0.500
2025-03-18 16:04:04,494-DEBUG-error:False, SETHOME (SETZERO,RUNNING)Pos:37.94/0.00 Speed:-3.85/-4.00, Current:-256.00 Force:-0.007/0.500
2025-03-18 16:04:04,596-DEBUG-error:False, SETHOME (SETZERO,RUNNING)Pos:37.54/0.00 Speed:-4.08/-4.00, Current:-144.00 Force:-0.009/0.500
2025-03-18 16:04:04,695-DEBUG-error:False, SETHOME (SETZERO,RUNNING)Pos:37.14/0.00 Speed:-3.95/-4.00, Current:-48.00 Force:-0.008/0.500
2025-03-18 16:04:04,795-DEBUG-error:False, SETHOME (SETZERO,RUNNING)Pos:36.75/0.00 Speed:-3.87/-4.00, Current:-400.00 Force:-0.003/0.500
2025-03-18 16:04:04,896-DEBUG-error:False, SETHOME (SETZERO,RUNNING)Pos:36.34/0.00 Speed:-3.77/-4.00, Current:-336.00 Force:-0.008/0.500
2025-03-18 16:04:04,994-DEBUG-error:False, SETHOME (SETZERO,RUNNING)Pos:35.94/0.00 Speed:-4.02/-4.00, Current:-304.00 Force:-0.008/0.500
2025-03-18 16:04:05,094-DEBUG-error:False, SETHOME (SETZERO,RUNNING)Pos:35.54/0.00 Speed:-4.05/-4.00, Current:-320.00 Force:-0.009/0.500
2025-03-18 16:04:05,197-DEBUG-error:False, SETHOME (SETZERO,RUNNING)Pos:35.15/0.00 Speed:-3.77/-4.00, Current:-592.00 Force:-0.010/0.500
2025-03-18 16:04:05,294-DEBUG-error:False, SETHOME (SETZERO,RUNNING)Pos:34.74/0.00 Speed:-4.04/-4.00, Current:32.00 Force:-0.008/0.500
2025-03-18 16:04:05,395-DEBUG-error:False, SETHOME (SETZERO,RUNNING)Pos:34.34/0.00 Speed:-4.09/-4.00, Current:-96.00 Force:-0.010/0.500
2025-03-18 16:04:05,494-DEBUG-error:False, SETHOME (SETZERO,RUNNING)Pos:33.94/0.00 Speed:-4.12/-4.00, Current:-336.00 Force:-0.009/0.500
2025-03-18 16:04:05,594-DEBUG-error:False, SETHOME (SETZERO,RUNNING)Pos:33.54/0.00 Speed:-3.90/-4.00, Current:-32.00 Force:-0.012/0.500
2025-03-18 16:04:05,693-DEBUG-error:False, SETHOME (SETZERO,RUNNING)Pos:33.13/0.00 Speed:-3.87/-4.00, Current:-272.00 Force:-0.005/0.500
2025-03-18 16:04:05,796-DEBUG-error:False, SETHOME (SETZERO,RUNNING)Pos:32.73/0.00 Speed:-4.26/-4.00, Current:-208.00 Force:-0.009/0.500
2025-03-18 16:04:05,898-DEBUG-error:False, SETHOME (SETZERO,RUNNING)Pos:32.33/0.00 Speed:-4.19/-4.00, Current:-272.00 Force:-0.009/0.500
2025-03-18 16:04:05,997-DEBUG-error:False, SETHOME (SETZERO,RUNNING)Pos:31.93/0.00 Speed:-3.70/-4.00, Current:-464.00 Force:-0.008/0.500
2025-03-18 16:04:06,095-DEBUG-error:False, SETHOME (SETZERO,RUNNING)Pos:31.54/0.00 Speed:-4.05/-4.00, Current:-96.00 Force:-0.010/0.500
2025-03-18 16:04:06,196-DEBUG-error:False, SETHOME (SETZERO,RUNNING)Pos:31.14/0.00 Speed:-4.15/-4.00, Current:-64.00 Force:-0.005/0.500
2025-03-18 16:04:06,296-DEBUG-error:False, SETHOME (SETZERO,RUNNING)Pos:30.73/0.00 Speed:-4.04/-4.00, Current:32.00 Force:-0.007/0.500
2025-03-18 16:04:06,393-DEBUG-error:False, SETHOME (SETZERO,RUNNING)Pos:30.34/0.00 Speed:-4.05/-4.00, Current:16.00 Force:-0.008/0.500
2025-03-18 16:04:06,494-DEBUG-error:False, SETHOME (SETZERO,RUNNING)Pos:29.94/0.00 Speed:-4.08/-4.00, Current:-160.00 Force:-0.011/0.500
2025-03-18 16:04:06,594-DEBUG-error:False, SETHOME (SETZERO,RUNNING)Pos:29.53/0.00 Speed:-4.17/-4.00, Current:-352.00 Force:-0.007/0.500
2025-03-18 16:04:06,694-DEBUG-error:False, SETHOME (SETZERO,RUNNING)Pos:29.13/0.00 Speed:-3.69/-4.00, Current:-416.00 Force:-0.007/0.500
2025-03-18 16:04:06,794-DEBUG-error:False, SETHOME (SETZERO,RUNNING)Pos:28.73/0.00 Speed:-3.91/-4.00, Current:-352.00 Force:-0.007/0.500
2025-03-18 16:04:06,894-DEBUG-error:False, SETHOME (SETZERO,RUNNING)Pos:28.33/0.00 Speed:-4.26/-4.00, Current:-64.00 Force:-0.007/0.500
2025-03-18 16:04:06,993-DEBUG-error:False, SETHOME (SETZERO,RUNNING)Pos:27.93/0.00 Speed:-4.13/-4.00, Current:-704.00 Force:-0.007/0.500
2025-03-18 16:04:07,097-DEBUG-error:False, SETHOME (SETZERO,RUNNING)Pos:27.52/0.00 Speed:-4.04/-4.00, Current:-592.00 Force:-0.010/0.500
2025-03-18 16:04:07,193-DEBUG-error:False, SETHOME (SETZERO,RUNNING)Pos:27.13/0.00 Speed:-3.77/-4.00, Current:-368.00 Force:-0.010/0.500
2025-03-18 16:04:07,295-DEBUG-error:False, SETHOME (SETZERO,RUNNING)Pos:26.73/0.00 Speed:-3.98/-4.00, Current:-160.00 Force:-0.012/0.500
2025-03-18 16:04:07,395-DEBUG-error:False, SETHOME (SETZERO,RUNNING)Pos:26.33/0.00 Speed:-4.04/-4.00, Current:-272.00 Force:-0.008/0.500
2025-03-18 16:04:07,493-DEBUG-error:False, SETHOME (SETZERO,RUNNING)Pos:25.93/0.00 Speed:-3.85/-4.00, Current:-336.00 Force:-0.009/0.500
2025-03-18 16:04:07,595-DEBUG-error:False, SETHOME (SETZERO,RUNNING)Pos:25.53/0.00 Speed:-4.08/-4.00, Current:-352.00 Force:-0.010/0.500
2025-03-18 16:04:07,694-DEBUG-error:False, SETHOME (SETZERO,RUNNING)Pos:25.13/0.00 Speed:-4.13/-4.00, Current:-272.00 Force:-0.005/0.500
2025-03-18 16:04:07,794-DEBUG-error:False, SETHOME (SETZERO,RUNNING)Pos:24.72/0.00 Speed:-4.16/-4.00, Current:-256.00 Force:-0.005/0.500
2025-03-18 16:04:07,895-DEBUG-error:False, SETHOME (SETZERO,RUNNING)Pos:24.32/0.00 Speed:-3.92/-4.00, Current:-864.00 Force:-0.006/0.500
2025-03-18 16:04:07,993-DEBUG-error:False, SETHOME (SETZERO,RUNNING)Pos:23.92/0.00 Speed:-3.90/-4.00, Current:-128.00 Force:-0.008/0.500
2025-03-18 16:04:08,093-DEBUG-error:False, SETHOME (SETZERO,RUNNING)Pos:23.52/0.00 Speed:-4.23/-4.00, Current:-400.00 Force:-0.009/0.500
2025-03-18 16:04:08,198-DEBUG-error:False, SETHOME (SETZERO,RUNNING)Pos:23.12/0.00 Speed:-4.09/-4.00, Current:-256.00 Force:-0.009/0.500
2025-03-18 16:04:08,293-DEBUG-error:False, SETHOME (SETZERO,RUNNING)Pos:22.71/0.00 Speed:-3.69/-4.00, Current:-480.00 Force:-0.011/0.500
2025-03-18 16:04:08,395-DEBUG-error:False, SETHOME (SETZERO,RUNNING)Pos:22.32/0.00 Speed:-3.99/-4.00, Current:-352.00 Force:-0.006/0.500
2025-03-18 16:04:08,493-DEBUG-error:False, SETHOME (SETZERO,RUNNING)Pos:21.92/0.00 Speed:-4.11/-4.00, Current:-256.00 Force:-0.006/0.500
2025-03-18 16:04:08,594-DEBUG-error:False, SETHOME (SETZERO,RUNNING)Pos:21.52/0.00 Speed:-3.98/-4.00, Current:-368.00 Force:-0.012/0.500
2025-03-18 16:04:08,693-DEBUG-error:False, SETHOME (SETZERO,RUNNING)Pos:21.12/0.00 Speed:-4.02/-4.00, Current:-240.00 Force:-0.009/0.500
2025-03-18 16:04:08,797-DEBUG-error:False, SETHOME (SETZERO,RUNNING)Pos:20.71/0.00 Speed:-4.02/-4.00, Current:-160.00 Force:-0.009/0.500
2025-03-18 16:04:08,893-DEBUG-error:False, SETHOME (SETZERO,RUNNING)Pos:20.31/0.00 Speed:-4.24/-4.00, Current:-64.00 Force:-0.008/0.500
2025-03-18 16:04:08,994-DEBUG-error:False, SETHOME (SETZERO,RUNNING)Pos:19.91/0.00 Speed:-3.90/-4.00, Current:-176.00 Force:-0.010/0.500
2025-03-18 16:04:09,093-DEBUG-error:False, SETHOME (SETZERO,RUNNING)Pos:19.51/0.00 Speed:-3.74/-4.00, Current:-320.00 Force:-0.011/0.500
2025-03-18 16:04:09,195-DEBUG-error:False, SETHOME (SETZERO,RUNNING)Pos:19.11/0.00 Speed:-3.91/-4.00, Current:-336.00 Force:-0.006/0.500
2025-03-18 16:04:09,296-DEBUG-error:False, SETHOME (SETZERO,RUNNING)Pos:18.71/0.00 Speed:-4.12/-4.00, Current:-240.00 Force:-0.012/0.500
2025-03-18 16:04:09,392-DEBUG-error:False, SETHOME (SETZERO,RUNNING)Pos:18.31/0.00 Speed:-4.08/-4.00, Current:-272.00 Force:-0.010/0.500
2025-03-18 16:04:09,492-DEBUG-error:False, SETHOME (SETZERO,RUNNING)Pos:17.91/0.00 Speed:-3.66/-4.00, Current:-272.00 Force:-0.010/0.500
2025-03-18 16:04:09,594-DEBUG-error:False, SETHOME (SETZERO,RUNNING)Pos:17.50/0.00 Speed:-4.06/-4.00, Current:-80.00 Force:-0.014/0.500
2025-03-18 16:04:09,696-DEBUG-error:False, SETHOME (SETZERO,RUNNING)Pos:17.11/0.00 Speed:-4.12/-4.00, Current:-624.00 Force:-0.006/0.500
2025-03-18 16:04:09,793-DEBUG-error:False, SETHOME (SETZERO,RUNNING)Pos:16.71/0.00 Speed:-3.81/-4.00, Current:-624.00 Force:-0.006/0.500
2025-03-18 16:04:09,894-DEBUG-error:False, SETHOME (SETZERO,RUNNING)Pos:16.31/0.00 Speed:-4.02/-4.00, Current:-256.00 Force:-0.007/0.500
2025-03-18 16:04:09,992-DEBUG-error:False, SETHOME (SETZERO,RUNNING)Pos:15.91/0.00 Speed:-4.05/-4.00, Current:-288.00 Force:-0.012/0.500
2025-03-18 16:04:10,092-DEBUG-error:False, SETHOME (SETZERO,RUNNING)Pos:15.51/0.00 Speed:-4.01/-4.00, Current:-352.00 Force:-0.008/0.500
2025-03-18 16:04:10,196-DEBUG-error:False, SETHOME (SETZERO,RUNNING)Pos:15.11/0.00 Speed:-3.88/-4.00, Current:-400.00 Force:-0.006/0.500
2025-03-18 16:04:10,304-DEBUG-error:False, SETHOME (SETZERO,RUNNING)Pos:14.66/0.00 Speed:-4.29/-4.00, Current:-448.00 Force:-0.008/0.500
2025-03-18 16:04:10,405-DEBUG-error:False, SETHOME (SETZERO,RUNNING)Pos:14.26/0.00 Speed:-3.92/-4.00, Current:-544.00 Force:-0.006/0.500
2025-03-18 16:04:10,504-DEBUG-error:False, SETHOME (SETZERO,RUNNING)Pos:13.86/0.00 Speed:-3.78/-4.00, Current:-144.00 Force:-0.008/0.500
2025-03-18 16:04:10,603-DEBUG-error:False, SETHOME (SETZERO,RUNNING)Pos:13.46/0.00 Speed:-4.26/-4.00, Current:-672.00 Force:-0.011/0.500
2025-03-18 16:04:10,704-DEBUG-error:False, SETHOME (SETZERO,RUNNING)Pos:13.06/0.00 Speed:-4.23/-4.00, Current:-128.00 Force:-0.005/0.500
2025-03-18 16:04:10,803-DEBUG-error:False, SETHOME (SETZERO,RUNNING)Pos:12.66/0.00 Speed:-3.77/-4.00, Current:-368.00 Force:-0.012/0.500
2025-03-18 16:04:10,903-DEBUG-error:False, SETHOME (SETZERO,RUNNING)Pos:12.26/0.00 Speed:-3.81/-4.00, Current:-400.00 Force:-0.012/0.500
2025-03-18 16:04:11,003-DEBUG-error:False, SETHOME (SETZERO,RUNNING)Pos:11.85/0.00 Speed:-4.05/-4.00, Current:-304.00 Force:-0.009/0.500
2025-03-18 16:04:11,104-DEBUG-error:False, SETHOME (SETZERO,RUNNING)Pos:11.46/0.00 Speed:-4.12/-4.00, Current:-288.00 Force:-0.009/0.500
2025-03-18 16:04:11,204-DEBUG-error:False, SETHOME (SETZERO,RUNNING)Pos:11.06/0.00 Speed:-3.87/-4.00, Current:-208.00 Force:-0.011/0.500
2025-03-18 16:04:11,304-DEBUG-error:False, SETHOME (SETZERO,RUNNING)Pos:10.65/0.00 Speed:-3.99/-4.00, Current:-32.00 Force:-0.008/0.500
2025-03-18 16:04:11,403-DEBUG-error:False, SETHOME (SETZERO,RUNNING)Pos:10.25/0.00 Speed:-4.06/-4.00, Current:-336.00 Force:-0.012/0.500
2025-03-18 16:04:11,503-DEBUG-error:False, SETHOME (SETZERO,RUNNING)Pos:9.86/0.00 Speed:-3.90/-4.00, Current:-240.00 Force:-0.009/0.500
2025-03-18 16:04:11,605-DEBUG-error:False, SETHOME (SETZERO,RUNNING)Pos:9.45/0.00 Speed:-3.98/-4.00, Current:-288.00 Force:-0.009/0.500
2025-03-18 16:04:11,703-DEBUG-error:False, SETHOME (SETZERO,RUNNING)Pos:9.05/0.00 Speed:-3.84/-4.00, Current:-416.00 Force:-0.009/0.500
2025-03-18 16:04:11,802-DEBUG-error:False, SETHOME (SETZERO,RUNNING)Pos:8.65/0.00 Speed:-4.20/-4.00, Current:-240.00 Force:-0.007/0.500
2025-03-18 16:04:11,902-DEBUG-error:False, SETHOME (SETZERO,RUNNING)Pos:8.25/0.00 Speed:-4.16/-4.00, Current:-320.00 Force:-0.010/0.500
2025-03-18 16:04:12,003-DEBUG-error:False, SETHOME (SETZERO,RUNNING)Pos:7.84/0.00 Speed:-3.74/-4.00, Current:-256.00 Force:-0.012/0.500
2025-03-18 16:04:12,106-DEBUG-error:False, SETHOME (SETZERO,RUNNING)Pos:7.45/0.00 Speed:-4.13/-4.00, Current:-208.00 Force:-0.008/0.500
2025-03-18 16:04:12,203-DEBUG-error:False, SETHOME (SETZERO,RUNNING)Pos:7.05/0.00 Speed:-4.05/-4.00, Current:-80.00 Force:-0.011/0.500
2025-03-18 16:04:12,303-DEBUG-error:False, SETHOME (SETZERO,RUNNING)Pos:6.65/0.00 Speed:-3.98/-4.00, Current:-672.00 Force:-0.011/0.500
2025-03-18 16:04:12,402-DEBUG-error:False, SETHOME (SETZERO,RUNNING)Pos:6.24/0.00 Speed:-3.80/-4.00, Current:-288.00 Force:-0.012/0.500
2025-03-18 16:04:12,503-DEBUG-error:False, SETHOME (SETZERO,RUNNING)Pos:5.85/0.00 Speed:-3.91/-4.00, Current:-368.00 Force:-0.008/0.500
2025-03-18 16:04:12,603-DEBUG-error:False, SETHOME (SETZERO,RUNNING)Pos:5.45/0.00 Speed:-4.11/-4.00, Current:-256.00 Force:-0.011/0.500
2025-03-18 16:04:12,706-DEBUG-error:False, SETHOME (SETZERO,RUNNING)Pos:5.04/0.00 Speed:-3.87/-4.00, Current:-384.00 Force:-0.005/0.500
2025-03-18 16:04:12,803-DEBUG-error:False, SETHOME (SETZERO,RUNNING)Pos:4.64/0.00 Speed:-3.90/-4.00, Current:-288.00 Force:-0.006/0.500
2025-03-18 16:04:12,902-DEBUG-error:False, SETHOME (SETZERO,RUNNING)Pos:4.24/0.00 Speed:-3.85/-4.00, Current:-480.00 Force:-0.007/0.500
2025-03-18 16:04:13,003-DEBUG-error:False, SETHOME (SETZERO,RUNNING)Pos:3.84/0.00 Speed:-4.09/-4.00, Current:-416.00 Force:-0.012/0.500
2025-03-18 16:04:13,104-DEBUG-error:False, SETHOME (SETZERO,RUNNING)Pos:3.44/0.00 Speed:-4.01/-4.00, Current:-192.00 Force:-0.013/0.500
2025-03-18 16:04:13,202-DEBUG-error:False, SETHOME (SETZERO,RUNNING)Pos:3.04/0.00 Speed:-3.80/-4.00, Current:-304.00 Force:-0.009/0.500
2025-03-18 16:04:13,303-DEBUG-error:False, SETHOME (SETZERO,RUNNING)Pos:2.63/0.00 Speed:-3.98/-4.00, Current:-256.00 Force:-0.007/0.500
2025-03-18 16:04:13,405-DEBUG-error:False, SETHOME (SETZERO,RUNNING)Pos:2.24/0.00 Speed:-3.99/-4.00, Current:-400.00 Force:-0.012/0.500
2025-03-18 16:04:13,502-DEBUG-error:False, SETHOME (SETZERO,RUNNING)Pos:1.84/0.00 Speed:-3.85/-4.00, Current:-400.00 Force:-0.007/0.500
2025-03-18 16:04:13,602-DEBUG-error:False, SETHOME (SETZERO,RUNNING)Pos:1.43/0.00 Speed:-4.06/-4.00, Current:-304.00 Force:-0.013/0.500
2025-03-18 16:04:13,704-DEBUG-error:False, SETHOME (SETZERO,RUNNING)Pos:1.04/0.00 Speed:-4.11/-4.00, Current:-320.00 Force:-0.008/0.500
2025-03-18 16:04:13,803-DEBUG-error:False, SETHOME (SETZERO,RUNNING)Pos:0.64/0.00 Speed:-3.98/-4.00, Current:-720.00 Force:-0.011/0.500
2025-03-18 16:04:13,903-DEBUG-error:False, SETHOME (SETZERO,RUNNING)Pos:0.24/0.00 Speed:-3.90/-4.00, Current:-800.00 Force:-0.009/0.500
2025-03-18 16:04:14,006-DEBUG-error:False, SETHOME (SETZERO,RUNNING)Pos:-0.09/0.00 Speed:-2.30/-4.00, Current:-2256.00 Force:-0.008/0.500
2025-03-18 16:04:14,044-INFO-Hand: Home position is found.
2025-03-18 16:04:14,045-INFO-Client: exiting program.
2025-03-18 16:04:14,050-INFO-Client: Halt DexHand.
2025-03-18 16:04:14,055-WARNING-Server: Got emergency task Halt.
2025-03-18 16:04:14,056-INFO-Hand: Halting DexHand...
2025-03-18 16:04:14,069-INFO-Hand: DexHand has halted.
2025-03-18 16:04:14,069-INFO-Hand: DexHand service is available again.
2025-03-18 16:04:14,069-WARNING-Client: Release DexHand.
2025-03-18 16:04:14,102-DEBUG-error:False, STOP (SETZERO,ABORTED)Pos:0.06/0.00 Speed:0.00/0.00, Current:-32.00 Force:-0.017/0.500
2025-03-18 16:04:14,110-DEBUG-Hand: DexHand control access has been released.
2025-03-18 22:25:08,689-INFO-Client: Start DexHand client.
2025-03-18 22:25:08,697-INFO-Client: Try to start DexHand server.
2025-03-18 22:25:08,703-INFO-Server: Starting server...
2025-03-18 22:25:09,023-INFO-Hand: DexHand has initialized successfully.
2025-03-18 22:25:09,179-DEBUG-error:False, CONTACT (EMPTY,RUNNING)Pos:0.77/0.00 Speed:0.00/0.00, Current:48.00 Force:0.009/0.000
2025-03-18 22:25:09,277-DEBUG-error:False, CONTACT (EMPTY,RUNNING)Pos:0.77/0.00 Speed:0.00/0.00, Current:-16.00 Force:0.008/0.000
2025-03-18 22:25:09,377-DEBUG-error:False, CONTACT (EMPTY,RUNNING)Pos:0.77/0.00 Speed:0.00/0.00, Current:-80.00 Force:0.007/0.000
2025-03-18 22:25:09,488-DEBUG-error:False, CONTACT (EMPTY,RUNNING)Pos:0.77/0.00 Speed:0.00/0.00, Current:16.00 Force:0.009/0.000
2025-03-18 22:25:09,588-DEBUG-error:False, CONTACT (EMPTY,RUNNING)Pos:0.77/0.00 Speed:0.00/0.00, Current:-64.00 Force:0.008/0.000
2025-03-18 22:25:09,688-DEBUG-error:False, CONTACT (EMPTY,RUNNING)Pos:0.77/0.00 Speed:0.00/0.00, Current:416.00 Force:0.009/0.000
2025-03-18 22:25:09,788-DEBUG-error:False, CONTACT (EMPTY,RUNNING)Pos:0.77/0.00 Speed:0.00/0.00, Current:-208.00 Force:0.008/0.000
2025-03-18 22:25:09,888-DEBUG-error:False, CONTACT (EMPTY,RUNNING)Pos:0.77/0.00 Speed:0.00/0.00, Current:-208.00 Force:0.007/0.000
2025-03-18 22:25:09,987-DEBUG-error:False, CONTACT (EMPTY,RUNNING)Pos:0.77/0.00 Speed:0.00/0.00, Current:-96.00 Force:0.007/0.000
2025-03-18 22:25:10,088-DEBUG-error:False, CONTACT (EMPTY,RUNNING)Pos:0.77/0.00 Speed:0.00/0.00, Current:96.00 Force:0.007/0.000
2025-03-18 22:25:10,188-DEBUG-error:False, CONTACT (EMPTY,RUNNING)Pos:0.77/0.00 Speed:0.00/0.00, Current:-80.00 Force:0.008/0.000
2025-03-18 22:25:10,358-DEBUG-error:False, CONTACT (EMPTY,RUNNING)Pos:0.77/0.00 Speed:0.00/0.00, Current:-80.00 Force:0.008/0.000
2025-03-18 22:25:10,457-DEBUG-error:False, CONTACT (EMPTY,RUNNING)Pos:0.77/0.00 Speed:0.00/0.00, Current:-160.00 Force:0.008/0.000
2025-03-18 22:25:10,558-DEBUG-error:False, CONTACT (EMPTY,RUNNING)Pos:0.77/0.00 Speed:0.00/0.00, Current:32.00 Force:0.008/0.000
2025-03-18 22:25:10,657-DEBUG-error:False, CONTACT (EMPTY,RUNNING)Pos:0.77/0.00 Speed:0.00/0.00, Current:-32.00 Force:0.006/0.000
2025-03-18 22:25:10,758-DEBUG-error:False, CONTACT (EMPTY,RUNNING)Pos:0.77/0.00 Speed:0.00/0.00, Current:-64.00 Force:0.007/0.000
2025-03-18 22:25:10,858-DEBUG-error:False, CONTACT (EMPTY,RUNNING)Pos:0.77/0.00 Speed:0.00/0.00, Current:368.00 Force:0.007/0.000
2025-03-18 22:25:10,958-DEBUG-error:False, CONTACT (EMPTY,RUNNING)Pos:0.77/0.00 Speed:0.00/0.00, Current:64.00 Force:0.007/0.000
2025-03-18 22:25:11,057-DEBUG-error:False, CONTACT (EMPTY,RUNNING)Pos:0.77/0.00 Speed:0.00/0.00, Current:144.00 Force:0.007/0.000
2025-03-18 22:25:11,157-DEBUG-error:False, CONTACT (EMPTY,RUNNING)Pos:0.77/0.00 Speed:0.00/0.00, Current:-96.00 Force:0.006/0.000
2025-03-18 22:25:11,258-DEBUG-error:False, CONTACT (EMPTY,RUNNING)Pos:0.77/0.00 Speed:0.00/0.00, Current:416.00 Force:0.007/0.000
2025-03-18 22:25:11,357-DEBUG-error:False, CONTACT (EMPTY,RUNNING)Pos:0.77/0.00 Speed:0.00/0.00, Current:16.00 Force:0.008/0.000
2025-03-18 22:25:11,457-DEBUG-error:False, CONTACT (EMPTY,RUNNING)Pos:0.77/0.00 Speed:0.00/0.00, Current:-80.00 Force:0.010/0.000
2025-03-18 22:25:11,557-DEBUG-error:False, CONTACT (EMPTY,RUNNING)Pos:0.77/0.00 Speed:0.00/0.00, Current:-32.00 Force:0.009/0.000
2025-03-18 22:25:11,657-DEBUG-error:False, CONTACT (EMPTY,RUNNING)Pos:0.77/0.00 Speed:0.00/0.00, Current:272.00 Force:0.008/0.000
2025-03-18 22:25:11,758-DEBUG-error:False, CONTACT (EMPTY,RUNNING)Pos:0.77/0.00 Speed:0.00/0.00, Current:160.00 Force:0.009/0.000
2025-03-18 22:25:11,858-DEBUG-error:False, CONTACT (EMPTY,RUNNING)Pos:0.77/0.00 Speed:0.00/0.00, Current:-112.00 Force:0.006/0.000
2025-03-18 22:25:11,958-DEBUG-error:False, CONTACT (EMPTY,RUNNING)Pos:0.77/0.00 Speed:0.00/0.00, Current:-240.00 Force:0.010/0.000
2025-03-18 22:25:12,058-DEBUG-error:False, CONTACT (EMPTY,RUNNING)Pos:0.77/0.00 Speed:0.00/0.00, Current:-224.00 Force:0.005/0.000
2025-03-18 22:25:12,157-DEBUG-error:False, CONTACT (EMPTY,RUNNING)Pos:0.77/0.00 Speed:0.00/0.00, Current:-64.00 Force:0.008/0.000
2025-03-18 22:25:12,258-DEBUG-error:False, CONTACT (EMPTY,RUNNING)Pos:0.77/0.00 Speed:0.00/0.00, Current:432.00 Force:0.009/0.000
2025-03-18 22:25:12,358-DEBUG-error:False, CONTACT (EMPTY,RUNNING)Pos:0.77/0.00 Speed:0.00/0.00, Current:-128.00 Force:0.010/0.000
2025-03-18 22:25:12,458-DEBUG-error:False, CONTACT (EMPTY,RUNNING)Pos:0.77/0.00 Speed:0.00/0.00, Current:32.00 Force:0.007/0.000
2025-03-18 22:25:12,557-DEBUG-error:False, CONTACT (EMPTY,RUNNING)Pos:0.77/0.00 Speed:0.00/0.00, Current:-64.00 Force:0.009/0.000
2025-03-18 22:25:12,657-DEBUG-error:False, CONTACT (EMPTY,RUNNING)Pos:0.77/0.00 Speed:0.00/0.00, Current:304.00 Force:0.008/0.000
2025-03-18 22:25:12,758-DEBUG-error:False, CONTACT (EMPTY,RUNNING)Pos:0.77/0.00 Speed:0.00/0.00, Current:-176.00 Force:0.007/0.000
2025-03-18 22:25:12,858-DEBUG-error:False, CONTACT (EMPTY,RUNNING)Pos:0.77/0.00 Speed:0.00/0.00, Current:176.00 Force:0.009/0.000
2025-03-18 22:25:13,027-DEBUG-error:False, CONTACT (EMPTY,RUNNING)Pos:0.77/0.00 Speed:0.00/0.00, Current:-80.00 Force:0.007/0.000
2025-03-18 22:25:13,128-DEBUG-error:False, CONTACT (EMPTY,RUNNING)Pos:0.77/0.00 Speed:0.00/0.00, Current:240.00 Force:0.007/0.000
2025-03-18 22:25:13,228-DEBUG-error:False, CONTACT (EMPTY,RUNNING)Pos:0.77/0.00 Speed:0.00/0.00, Current:32.00 Force:0.007/0.000
2025-03-18 22:25:13,327-DEBUG-error:False, CONTACT (EMPTY,RUNNING)Pos:0.77/0.00 Speed:0.00/0.00, Current:304.00 Force:0.009/0.000
2025-03-18 22:25:13,427-DEBUG-error:False, CONTACT (EMPTY,RUNNING)Pos:0.77/0.00 Speed:0.00/0.00, Current:176.00 Force:0.010/0.000
2025-03-18 22:25:13,527-DEBUG-error:False, CONTACT (EMPTY,RUNNING)Pos:0.77/0.00 Speed:0.00/0.00, Current:192.00 Force:0.009/0.000
2025-03-18 22:25:13,627-DEBUG-error:False, CONTACT (EMPTY,RUNNING)Pos:0.77/0.00 Speed:0.00/0.00, Current:-128.00 Force:0.009/0.000
2025-03-18 22:25:13,727-DEBUG-error:False, CONTACT (EMPTY,RUNNING)Pos:0.77/0.00 Speed:0.00/0.00, Current:224.00 Force:0.007/0.000
2025-03-18 22:25:13,827-DEBUG-error:False, CONTACT (EMPTY,RUNNING)Pos:0.77/0.00 Speed:0.00/0.00, Current:432.00 Force:0.008/0.000
2025-03-18 22:25:13,927-DEBUG-error:False, CONTACT (EMPTY,RUNNING)Pos:0.77/0.00 Speed:0.00/0.00, Current:240.00 Force:0.011/0.000
2025-03-18 22:25:14,027-DEBUG-error:False, CONTACT (EMPTY,RUNNING)Pos:0.77/0.00 Speed:0.00/0.00, Current:-112.00 Force:0.009/0.000
2025-03-18 22:25:14,147-DEBUG-error:False, CONTACT (EMPTY,RUNNING)Pos:0.77/0.00 Speed:0.00/0.00, Current:144.00 Force:0.008/0.000
2025-03-18 22:25:14,247-DEBUG-error:False, CONTACT (EMPTY,RUNNING)Pos:0.77/0.00 Speed:0.00/0.00, Current:-96.00 Force:0.005/0.000
2025-03-18 22:25:14,347-DEBUG-error:False, CONTACT (EMPTY,RUNNING)Pos:0.77/0.00 Speed:0.00/0.00, Current:-176.00 Force:0.009/0.000
2025-03-18 22:25:14,447-DEBUG-error:False, CONTACT (EMPTY,RUNNING)Pos:0.77/0.00 Speed:0.00/0.00, Current:-96.00 Force:0.010/0.000
2025-03-18 22:25:14,547-DEBUG-error:False, CONTACT (EMPTY,RUNNING)Pos:0.77/0.00 Speed:0.00/0.00, Current:-64.00 Force:0.010/0.000
2025-03-18 22:25:14,647-DEBUG-error:False, CONTACT (EMPTY,RUNNING)Pos:0.77/0.00 Speed:0.00/0.00, Current:288.00 Force:0.010/0.000
2025-03-18 22:25:14,747-DEBUG-error:False, CONTACT (EMPTY,RUNNING)Pos:0.77/0.00 Speed:0.00/0.00, Current:160.00 Force:0.006/0.000
2025-03-18 22:25:14,847-DEBUG-error:False, CONTACT (EMPTY,RUNNING)Pos:0.77/0.00 Speed:0.00/0.00, Current:272.00 Force:0.010/0.000
2025-03-18 22:25:14,947-DEBUG-error:False, CONTACT (EMPTY,RUNNING)Pos:0.77/0.00 Speed:0.00/0.00, Current:288.00 Force:0.008/0.000
2025-03-18 22:25:15,048-DEBUG-error:False, CONTACT (EMPTY,RUNNING)Pos:0.77/0.00 Speed:0.00/0.00, Current:64.00 Force:0.007/0.000
2025-03-18 22:25:15,147-DEBUG-error:False, CONTACT (EMPTY,RUNNING)Pos:0.77/0.00 Speed:0.00/0.00, Current:160.00 Force:0.008/0.000
2025-03-18 22:25:15,247-DEBUG-error:False, CONTACT (EMPTY,RUNNING)Pos:0.77/0.00 Speed:0.00/0.00, Current:-16.00 Force:0.011/0.000
2025-03-18 22:25:15,373-DEBUG-error:False, CONTACT (EMPTY,RUNNING)Pos:0.77/0.00 Speed:0.00/0.00, Current:-160.00 Force:0.007/0.000
2025-03-18 22:25:15,447-DEBUG-error:False, CONTACT (EMPTY,RUNNING)Pos:0.77/0.00 Speed:0.00/0.00, Current:-48.00 Force:0.008/0.000
2025-03-18 22:25:15,553-DEBUG-error:False, CONTACT (EMPTY,RUNNING)Pos:0.77/0.00 Speed:0.00/0.00, Current:-48.00 Force:0.008/0.000
2025-03-18 22:25:15,646-DEBUG-error:False, CONTACT (EMPTY,RUNNING)Pos:0.77/0.00 Speed:0.00/0.00, Current:-256.00 Force:0.007/0.000
2025-03-18 22:25:15,747-DEBUG-error:False, CONTACT (EMPTY,RUNNING)Pos:0.77/0.00 Speed:0.00/0.00, Current:32.00 Force:0.008/0.000
2025-03-18 22:25:15,847-DEBUG-error:False, CONTACT (EMPTY,RUNNING)Pos:0.77/0.00 Speed:0.00/0.00, Current:-96.00 Force:0.006/0.000
2025-03-18 22:25:15,948-DEBUG-error:False, CONTACT (EMPTY,RUNNING)Pos:0.77/0.00 Speed:0.00/0.00, Current:224.00 Force:0.006/0.000
2025-03-18 22:25:16,048-DEBUG-error:False, CONTACT (EMPTY,RUNNING)Pos:0.77/0.00 Speed:0.00/0.00, Current:-224.00 Force:0.007/0.000
2025-03-18 22:25:16,147-DEBUG-error:False, CONTACT (EMPTY,RUNNING)Pos:0.77/0.00 Speed:0.00/0.00, Current:64.00 Force:0.008/0.000
2025-03-18 22:25:16,247-DEBUG-error:False, CONTACT (EMPTY,RUNNING)Pos:0.77/0.00 Speed:0.00/0.00, Current:-128.00 Force:0.009/0.000
2025-03-18 22:25:16,347-DEBUG-error:False, CONTACT (EMPTY,RUNNING)Pos:0.77/0.00 Speed:0.00/0.00, Current:16.00 Force:0.008/0.000
2025-03-18 22:25:16,447-DEBUG-error:False, CONTACT (EMPTY,RUNNING)Pos:0.77/0.00 Speed:0.00/0.00, Current:64.00 Force:0.008/0.000
2025-03-18 22:25:16,547-DEBUG-error:False, CONTACT (EMPTY,RUNNING)Pos:0.77/0.00 Speed:0.00/0.00, Current:16.00 Force:0.009/0.000
2025-03-18 22:25:16,647-DEBUG-error:False, CONTACT (EMPTY,RUNNING)Pos:0.77/0.00 Speed:0.00/0.00, Current:160.00 Force:0.008/0.000
2025-03-18 22:25:16,747-DEBUG-error:False, CONTACT (EMPTY,RUNNING)Pos:0.77/0.00 Speed:0.00/0.00, Current:128.00 Force:0.009/0.000
2025-03-18 22:25:16,847-DEBUG-error:False, CONTACT (EMPTY,RUNNING)Pos:0.77/0.00 Speed:0.00/0.00, Current:16.00 Force:0.007/0.000
2025-03-18 22:25:16,948-DEBUG-error:False, CONTACT (EMPTY,RUNNING)Pos:0.77/0.00 Speed:0.00/0.00, Current:-96.00 Force:0.010/0.000
2025-03-18 22:25:17,048-DEBUG-error:False, CONTACT (EMPTY,RUNNING)Pos:0.77/0.00 Speed:0.00/0.00, Current:336.00 Force:0.006/0.000
2025-03-18 22:25:17,148-DEBUG-error:False, CONTACT (EMPTY,RUNNING)Pos:0.77/0.00 Speed:0.00/0.00, Current:-16.00 Force:0.009/0.000
2025-03-18 22:25:17,247-DEBUG-error:False, CONTACT (EMPTY,RUNNING)Pos:0.77/0.00 Speed:0.00/0.00, Current:288.00 Force:0.007/0.000
2025-03-18 22:25:17,347-DEBUG-error:False, CONTACT (EMPTY,RUNNING)Pos:0.77/0.00 Speed:0.00/0.00, Current:-112.00 Force:0.007/0.000
2025-03-18 22:25:17,447-DEBUG-error:False, CONTACT (EMPTY,RUNNING)Pos:0.77/0.00 Speed:0.00/0.00, Current:-48.00 Force:0.008/0.000
2025-03-18 22:25:17,547-DEBUG-error:False, CONTACT (EMPTY,RUNNING)Pos:0.77/0.00 Speed:0.00/0.00, Current:352.00 Force:0.010/0.000
2025-03-18 22:25:17,647-DEBUG-error:False, CONTACT (EMPTY,RUNNING)Pos:0.77/0.00 Speed:0.00/0.00, Current:336.00 Force:0.008/0.000
2025-03-18 22:25:17,748-DEBUG-error:False, CONTACT (EMPTY,RUNNING)Pos:0.77/0.00 Speed:0.00/0.00, Current:0.00 Force:0.008/0.000
2025-03-18 22:25:17,852-DEBUG-error:False, CONTACT (EMPTY,RUNNING)Pos:0.77/0.00 Speed:0.00/0.00, Current:-96.00 Force:0.009/0.000
2025-03-18 22:25:17,946-DEBUG-error:False, CONTACT (EMPTY,RUNNING)Pos:0.77/0.00 Speed:0.00/0.00, Current:16.00 Force:0.009/0.000
2025-03-18 22:25:18,048-DEBUG-error:False, CONTACT (EMPTY,RUNNING)Pos:0.77/0.00 Speed:0.00/0.00, Current:-48.00 Force:0.008/0.000
2025-03-18 22:25:18,147-DEBUG-error:False, CONTACT (EMPTY,RUNNING)Pos:0.77/0.00 Speed:0.00/0.00, Current:-240.00 Force:0.010/0.000
2025-03-18 22:25:18,251-DEBUG-error:False, CONTACT (EMPTY,RUNNING)Pos:0.77/0.00 Speed:0.00/0.00, Current:-96.00 Force:0.004/0.000
2025-03-18 22:25:18,348-DEBUG-error:False, CONTACT (EMPTY,RUNNING)Pos:0.77/0.00 Speed:0.00/0.00, Current:16.00 Force:0.006/0.000
2025-03-18 22:25:18,447-DEBUG-error:False, CONTACT (EMPTY,RUNNING)Pos:0.77/0.00 Speed:0.00/0.00, Current:0.00 Force:0.006/0.000
2025-03-18 22:25:18,548-DEBUG-error:False, CONTACT (EMPTY,RUNNING)Pos:0.77/0.00 Speed:0.00/0.00, Current:448.00 Force:0.009/0.000
2025-03-18 22:25:18,648-DEBUG-error:False, CONTACT (EMPTY,RUNNING)Pos:0.77/0.00 Speed:0.00/0.00, Current:48.00 Force:0.005/0.000
2025-03-18 22:25:18,747-DEBUG-error:False, CONTACT (EMPTY,RUNNING)Pos:0.77/0.00 Speed:0.00/0.00, Current:320.00 Force:0.007/0.000
2025-03-18 22:25:18,850-DEBUG-error:False, CONTACT (EMPTY,RUNNING)Pos:0.77/0.00 Speed:0.00/0.00, Current:-48.00 Force:0.006/0.000
2025-03-18 22:25:18,950-DEBUG-error:False, CONTACT (EMPTY,RUNNING)Pos:0.77/0.00 Speed:0.00/0.00, Current:-208.00 Force:0.007/0.000
2025-03-18 22:25:19,047-DEBUG-error:False, CONTACT (EMPTY,RUNNING)Pos:0.77/0.00 Speed:0.00/0.00, Current:96.00 Force:0.006/0.000
2025-03-18 22:25:19,119-INFO-Tac3D: Tac3D has initialized successfully
2025-03-18 22:25:19,119-INFO-Server: Started.
2025-03-18 22:25:19,119-INFO-Client: exiting program.
2025-03-18 22:26:41,352-INFO-Client: Start DexHand client.
2025-03-18 22:26:41,353-INFO-Client: Try to start DexHand server.
2025-03-18 22:26:41,357-INFO-Server: Starting server...
2025-03-18 22:26:41,358-INFO-Server: Started.
2025-03-18 22:26:41,358-INFO-Client: Acquire DexHand control.
2025-03-18 22:26:41,399-DEBUG-Hand: Hand is under control.
2025-03-18 22:26:41,400-INFO-Client: Set DexHand's position zeropoint.
2025-03-18 22:26:41,408-INFO-Hand: Finding home position...
2025-03-18 22:26:41,445-DEBUG-error:False, SETHOME (SETZERO,RUNNING)Pos:0.64/0.00 Speed:-3.70/-4.00, Current:-704.00 Force:-0.001/0.000
2025-03-18 22:26:41,562-DEBUG-error:False, SETHOME (SETZERO,RUNNING)Pos:0.26/0.00 Speed:-4.05/-4.00, Current:-336.00 Force:0.010/0.000
2025-03-18 22:26:41,653-DEBUG-error:False, SETHOME (SETZERO,RUNNING)Pos:-0.14/0.00 Speed:-4.27/-4.00, Current:80.00 Force:0.009/0.000
2025-03-18 22:26:41,745-DEBUG-error:False, SETHOME (SETZERO,RUNNING)Pos:-0.55/0.00 Speed:-4.23/-4.00, Current:-144.00 Force:0.008/0.000
2025-03-18 22:26:41,851-DEBUG-error:False, SETHOME (SETZERO,RUNNING)Pos:-0.95/0.00 Speed:-3.98/-4.00, Current:-384.00 Force:0.006/0.000
2025-03-18 22:26:41,945-DEBUG-error:False, SETHOME (SETZERO,RUNNING)Pos:-1.35/0.00 Speed:-3.90/-4.00, Current:-336.00 Force:0.008/0.000
2025-03-18 22:26:42,050-DEBUG-error:False, SETHOME (SETZERO,RUNNING)Pos:-1.75/0.00 Speed:-4.08/-4.00, Current:-224.00 Force:0.004/0.000
2025-03-18 22:26:42,145-DEBUG-error:False, SETHOME (SETZERO,RUNNING)Pos:-2.16/0.00 Speed:-4.12/-4.00, Current:-288.00 Force:0.009/0.000
2025-03-18 22:26:42,246-DEBUG-error:False, SETHOME (SETZERO,RUNNING)Pos:-2.55/0.00 Speed:-3.87/-4.00, Current:-320.00 Force:0.007/0.000
2025-03-18 22:26:42,345-DEBUG-error:False, SETHOME (SETZERO,RUNNING)Pos:-2.95/0.00 Speed:-4.08/-4.00, Current:-416.00 Force:0.009/0.000
2025-03-18 22:26:42,445-DEBUG-error:False, SETHOME (SETZERO,RUNNING)Pos:-3.36/0.00 Speed:-4.22/-4.00, Current:-16.00 Force:0.005/0.000
2025-03-18 22:26:42,545-DEBUG-error:False, SETHOME (SETZERO,RUNNING)Pos:-3.75/0.00 Speed:-3.99/-4.00, Current:-896.00 Force:0.011/0.000
2025-03-18 22:26:42,648-DEBUG-error:False, SETHOME (SETZERO,RUNNING)Pos:-4.16/0.00 Speed:-3.91/-4.00, Current:-240.00 Force:0.008/0.000
2025-03-18 22:26:42,745-DEBUG-error:False, SETHOME (SETZERO,RUNNING)Pos:-4.56/0.00 Speed:-4.13/-4.00, Current:-240.00 Force:0.011/0.000
2025-03-18 22:26:42,846-DEBUG-error:False, SETHOME (SETZERO,RUNNING)Pos:-4.95/0.00 Speed:-4.16/-4.00, Current:-352.00 Force:0.010/0.000
2025-03-18 22:26:42,954-DEBUG-error:False, SETHOME (SETZERO,RUNNING)Pos:-5.35/0.00 Speed:-3.95/-4.00, Current:-416.00 Force:0.008/0.000
2025-03-18 22:26:43,045-DEBUG-error:False, SETHOME (SETZERO,RUNNING)Pos:-5.76/0.00 Speed:-3.62/-4.00, Current:-464.00 Force:0.010/0.000
2025-03-18 22:26:43,147-DEBUG-error:False, SETHOME (SETZERO,RUNNING)Pos:-6.16/0.00 Speed:-4.08/-4.00, Current:-448.00 Force:0.010/0.000
2025-03-18 22:26:43,245-DEBUG-error:False, SETHOME (SETZERO,RUNNING)Pos:-6.56/0.00 Speed:-4.20/-4.00, Current:-400.00 Force:0.008/0.000
2025-03-18 22:26:43,356-DEBUG-error:False, SETHOME (SETZERO,RUNNING)Pos:-6.96/0.00 Speed:-3.70/-4.00, Current:-288.00 Force:0.007/0.000
2025-03-18 22:26:43,465-DEBUG-error:False, SETHOME (SETZERO,RUNNING)Pos:-7.44/0.00 Speed:-3.63/-4.00, Current:-416.00 Force:0.008/0.000
2025-03-18 22:26:43,572-DEBUG-error:False, SETHOME (SETZERO,RUNNING)Pos:-7.84/0.00 Speed:-4.04/-4.00, Current:-352.00 Force:0.005/0.000
2025-03-18 22:26:43,664-DEBUG-error:False, SETHOME (SETZERO,RUNNING)Pos:-8.25/0.00 Speed:-4.13/-4.00, Current:-320.00 Force:0.004/0.000
2025-03-18 22:26:43,771-DEBUG-error:False, SETHOME (SETZERO,RUNNING)Pos:-8.65/0.00 Speed:-4.20/-4.00, Current:-224.00 Force:0.011/0.000
2025-03-18 22:26:43,871-DEBUG-error:False, SETHOME (SETZERO,RUNNING)Pos:-9.04/0.00 Speed:-3.81/-4.00, Current:-480.00 Force:0.009/0.000
2025-03-18 22:26:43,966-DEBUG-error:False, SETHOME (SETZERO,RUNNING)Pos:-9.44/0.00 Speed:-3.98/-4.00, Current:-160.00 Force:0.006/0.000
2025-03-18 22:26:44,065-DEBUG-error:False, SETHOME (SETZERO,RUNNING)Pos:-9.84/0.00 Speed:-4.29/-4.00, Current:-96.00 Force:0.010/0.000
2025-03-18 22:26:44,166-DEBUG-error:False, SETHOME (SETZERO,RUNNING)Pos:-10.15/0.00 Speed:-2.25/-4.00, Current:-2144.00 Force:0.005/0.000
2025-03-18 22:26:44,201-INFO-Hand: Home position is found.
2025-03-18 22:26:44,201-INFO-Client: Calibrate DexHand force zeropoints.
2025-03-18 22:26:44,205-INFO-Hand: Calibrating force zeropoints...
2025-03-18 22:26:44,269-DEBUG-error:False, FORCECALI (FINEZERO,RUNNING)Pos:0.06/0.00 Speed:0.00/0.00, Current:-80.00 Force:0.002/0.000
2025-03-18 22:26:44,312-INFO-Hand: Force zeropoints are calibrated.
2025-03-18 22:26:44,314-INFO-Hand: Starts contacting...
2025-03-18 22:26:44,365-DEBUG-error:False, CONTACT (CONTACT,RUNNING)Pos:0.46/0.00 Speed:13.45/15.00, Current:672.00 Force:0.028/0.000
2025-03-18 22:26:44,470-DEBUG-error:False, CONTACT (CONTACT,RUNNING)Pos:1.89/0.00 Speed:14.60/15.00, Current:816.00 Force:0.003/0.000
2025-03-18 22:26:44,584-DEBUG-error:False, CONTACT (CONTACT,RUNNING)Pos:3.51/0.00 Speed:15.08/15.00, Current:256.00 Force:0.001/0.000
2025-03-18 22:26:44,683-DEBUG-error:False, CONTACT (CONTACT,RUNNING)Pos:5.01/0.00 Speed:15.11/15.00, Current:272.00 Force:0.001/0.000
2025-03-18 22:26:44,775-DEBUG-error:False, CONTACT (CONTACT,RUNNING)Pos:6.52/0.00 Speed:14.95/15.00, Current:32.00 Force:0.001/0.000
2025-03-18 22:26:44,877-DEBUG-error:False, CONTACT (CONTACT,RUNNING)Pos:8.02/0.00 Speed:15.08/15.00, Current:16.00 Force:0.003/0.000
2025-03-18 22:26:44,981-DEBUG-error:False, CONTACT (CONTACT,RUNNING)Pos:9.52/0.00 Speed:14.84/15.00, Current:368.00 Force:0.001/0.000
2025-03-18 22:26:45,083-DEBUG-error:False, CONTACT (CONTACT,RUNNING)Pos:10.51/0.00 Speed:7.87/8.00, Current:336.00 Force:0.002/0.000
2025-03-18 22:26:45,182-DEBUG-error:False, CONTACT (CONTACT,RUNNING)Pos:11.32/0.00 Speed:7.96/7.92, Current:336.00 Force:0.002/0.000
2025-03-18 22:26:45,276-DEBUG-error:False, CONTACT (CONTACT,RUNNING)Pos:12.11/0.00 Speed:7.75/8.00, Current:256.00 Force:-0.002/0.000
2025-03-18 22:26:45,383-DEBUG-error:False, CONTACT (CONTACT,RUNNING)Pos:12.91/0.00 Speed:8.49/8.00, Current:48.00 Force:0.002/0.000
2025-03-18 22:26:45,475-DEBUG-error:False, CONTACT (CONTACT,RUNNING)Pos:13.72/0.00 Speed:7.67/8.00, Current:336.00 Force:0.001/0.000
2025-03-18 22:26:45,540-INFO-Client: exiting program.
2025-03-18 22:26:45,550-INFO-Client: Halt DexHand.
2025-03-18 22:26:45,559-WARNING-Server: Got emergency task Halt.
2025-03-18 22:26:45,559-INFO-Hand: Halting DexHand...
2025-03-18 22:26:45,560-ERROR-Hand: Failed to contact.
2025-03-18 22:26:45,582-DEBUG-error:False, STOP (CONTACT,ABORTED)Pos:14.50/0.00 Speed:6.34/0.00, Current:320.00 Force:0.004/0.000
2025-03-18 22:26:45,582-INFO-Hand: DexHand has halted.
2025-03-18 22:26:45,584-WARNING-Client: Release DexHand.
2025-03-18 22:26:45,584-INFO-Hand: DexHand service is available again.
2025-03-18 22:26:45,610-DEBUG-Hand: DexHand control access has been released.
2025-03-18 22:34:16,647-INFO-Client: Start DexHand client.
2025-03-18 22:34:16,648-INFO-Client: Try to start DexHand server.
2025-03-18 22:34:16,652-INFO-Server: Starting server...
2025-03-18 22:34:16,652-INFO-Server: Started.
2025-03-18 22:34:16,652-INFO-Client: Acquire DexHand control.
2025-03-18 22:34:16,701-DEBUG-Hand: Hand is under control.
2025-03-18 22:34:16,705-INFO-Client: Set DexHand's position zeropoint.
2025-03-18 22:34:16,708-INFO-Hand: Finding home position...
2025-03-18 22:34:16,738-DEBUG-error:False, SETHOME (SETZERO,RUNNING)Pos:14.48/0.00 Speed:-3.77/-4.00, Current:-176.00 Force:0.005/0.000
2025-03-18 22:34:16,842-DEBUG-error:False, SETHOME (SETZERO,RUNNING)Pos:14.11/0.00 Speed:-4.04/-4.00, Current:-288.00 Force:0.007/0.000
2025-03-18 22:34:16,938-DEBUG-error:False, SETHOME (SETZERO,RUNNING)Pos:13.71/0.00 Speed:-3.97/-4.00, Current:-304.00 Force:0.011/0.000
2025-03-18 22:34:17,040-DEBUG-error:False, SETHOME (SETZERO,RUNNING)Pos:13.31/0.00 Speed:-3.71/-4.00, Current:-400.00 Force:0.011/0.000
2025-03-18 22:34:17,141-DEBUG-error:False, SETHOME (SETZERO,RUNNING)Pos:12.91/0.00 Speed:-4.09/-4.00, Current:-144.00 Force:0.012/0.000
2025-03-18 22:34:17,241-DEBUG-error:False, SETHOME (SETZERO,RUNNING)Pos:12.51/0.00 Speed:-4.06/-4.00, Current:-640.00 Force:0.011/0.000
2025-03-18 22:34:17,343-DEBUG-error:False, SETHOME (SETZERO,RUNNING)Pos:12.11/0.00 Speed:-4.02/-4.00, Current:-224.00 Force:0.013/0.000
2025-03-18 22:34:17,445-DEBUG-error:False, SETHOME (SETZERO,RUNNING)Pos:11.71/0.00 Speed:-3.94/-4.00, Current:-544.00 Force:0.012/0.000
2025-03-18 22:34:17,539-DEBUG-error:False, SETHOME (SETZERO,RUNNING)Pos:11.31/0.00 Speed:-4.20/-4.00, Current:-176.00 Force:0.009/0.000
2025-03-18 22:34:17,642-DEBUG-error:False, SETHOME (SETZERO,RUNNING)Pos:10.91/0.00 Speed:-4.09/-4.00, Current:-224.00 Force:0.014/0.000
2025-03-18 22:34:17,742-DEBUG-error:False, SETHOME (SETZERO,RUNNING)Pos:10.51/0.00 Speed:-3.88/-4.00, Current:-416.00 Force:0.011/0.000
2025-03-18 22:34:17,842-DEBUG-error:False, SETHOME (SETZERO,RUNNING)Pos:10.11/0.00 Speed:-3.78/-4.00, Current:-368.00 Force:0.010/0.000
2025-03-18 22:34:17,938-DEBUG-error:False, SETHOME (SETZERO,RUNNING)Pos:9.71/0.00 Speed:-4.16/-4.00, Current:-240.00 Force:0.012/0.000
2025-03-18 22:34:18,042-DEBUG-error:False, SETHOME (SETZERO,RUNNING)Pos:9.31/0.00 Speed:-4.11/-4.00, Current:-208.00 Force:0.009/0.000
2025-03-18 22:34:18,139-DEBUG-error:False, SETHOME (SETZERO,RUNNING)Pos:8.91/0.00 Speed:-4.09/-4.00, Current:-144.00 Force:0.010/0.000
2025-03-18 22:34:18,243-DEBUG-error:False, SETHOME (SETZERO,RUNNING)Pos:8.50/0.00 Speed:-3.67/-4.00, Current:-688.00 Force:0.010/0.000
2025-03-18 22:34:18,341-DEBUG-error:False, SETHOME (SETZERO,RUNNING)Pos:8.10/0.00 Speed:-4.02/-4.00, Current:16.00 Force:0.008/0.000
2025-03-18 22:34:18,438-DEBUG-error:False, SETHOME (SETZERO,RUNNING)Pos:7.70/0.00 Speed:-4.17/-4.00, Current:-112.00 Force:0.012/0.000
2025-03-18 22:34:18,538-DEBUG-error:False, SETHOME (SETZERO,RUNNING)Pos:7.30/0.00 Speed:-3.77/-4.00, Current:-400.00 Force:0.011/0.000
2025-03-18 22:34:18,645-DEBUG-error:False, SETHOME (SETZERO,RUNNING)Pos:6.90/0.00 Speed:-3.88/-4.00, Current:-288.00 Force:0.012/0.000
2025-03-18 22:34:18,738-DEBUG-error:False, SETHOME (SETZERO,RUNNING)Pos:6.50/0.00 Speed:-4.20/-4.00, Current:-224.00 Force:0.007/0.000
2025-03-18 22:34:18,840-DEBUG-error:False, SETHOME (SETZERO,RUNNING)Pos:6.10/0.00 Speed:-3.95/-4.00, Current:-368.00 Force:0.010/0.000
2025-03-18 22:34:18,940-DEBUG-error:False, SETHOME (SETZERO,RUNNING)Pos:5.70/0.00 Speed:-4.02/-4.00, Current:-432.00 Force:0.011/0.000
2025-03-18 22:34:19,041-DEBUG-error:False, SETHOME (SETZERO,RUNNING)Pos:5.30/0.00 Speed:-4.19/-4.00, Current:-176.00 Force:0.011/0.000
2025-03-18 22:34:19,141-DEBUG-error:False, SETHOME (SETZERO,RUNNING)Pos:4.90/0.00 Speed:-4.33/-4.00, Current:-64.00 Force:0.010/0.000
2025-03-18 22:34:19,245-DEBUG-error:False, SETHOME (SETZERO,RUNNING)Pos:4.50/0.00 Speed:-4.26/-4.00, Current:-672.00 Force:0.013/0.000
2025-03-18 22:34:19,341-DEBUG-error:False, SETHOME (SETZERO,RUNNING)Pos:4.10/0.00 Speed:-3.73/-4.00, Current:-272.00 Force:0.010/0.000
2025-03-18 22:34:19,452-DEBUG-error:False, SETHOME (SETZERO,RUNNING)Pos:3.69/0.00 Speed:-3.85/-4.00, Current:-352.00 Force:0.014/0.000
2025-03-18 22:34:19,540-DEBUG-error:False, SETHOME (SETZERO,RUNNING)Pos:3.30/0.00 Speed:-4.04/-4.00, Current:-336.00 Force:0.008/0.000
2025-03-18 22:34:19,637-DEBUG-error:False, SETHOME (SETZERO,RUNNING)Pos:2.89/0.00 Speed:-4.05/-4.00, Current:-336.00 Force:0.008/0.000
2025-03-18 22:34:19,740-DEBUG-error:False, SETHOME (SETZERO,RUNNING)Pos:2.50/0.00 Speed:-3.95/-4.00, Current:-176.00 Force:0.009/0.000
2025-03-18 22:34:19,849-DEBUG-error:False, SETHOME (SETZERO,RUNNING)Pos:2.09/0.00 Speed:-4.15/-4.00, Current:-48.00 Force:0.011/0.000
2025-03-18 22:34:19,938-DEBUG-error:False, SETHOME (SETZERO,RUNNING)Pos:1.69/0.00 Speed:-4.31/-4.00, Current:-192.00 Force:0.009/0.000
2025-03-18 22:34:20,042-DEBUG-error:False, SETHOME (SETZERO,RUNNING)Pos:1.30/0.00 Speed:-3.87/-4.00, Current:-528.00 Force:0.012/0.000
2025-03-18 22:34:20,144-DEBUG-error:False, SETHOME (SETZERO,RUNNING)Pos:0.89/0.00 Speed:-3.77/-4.00, Current:-608.00 Force:0.008/0.000
2025-03-18 22:34:20,239-DEBUG-error:False, SETHOME (SETZERO,RUNNING)Pos:0.49/0.00 Speed:-4.20/-4.00, Current:-224.00 Force:0.007/0.000
2025-03-18 22:34:20,345-DEBUG-error:False, SETHOME (SETZERO,RUNNING)Pos:0.10/0.00 Speed:-3.60/-4.00, Current:-704.00 Force:0.009/0.000
2025-03-18 22:34:20,455-DEBUG-error:False, STOP (SETZERO,FINISHED)Pos:-0.13/0.00 Speed:0.34/0.00, Current:-1920.00 Force:0.011/0.000
2025-03-18 22:34:20,456-INFO-Hand: Home position is found.
2025-03-18 22:34:20,457-INFO-Client: Calibrate DexHand force zeropoints.
2025-03-18 22:34:20,464-INFO-Hand: Calibrating force zeropoints...
2025-03-18 22:34:20,547-DEBUG-error:False, FORCECALI (FINEZERO,RUNNING)Pos:0.07/0.00 Speed:0.00/0.00, Current:-16.00 Force:0.008/0.000
2025-03-18 22:34:20,567-INFO-Hand: Force zeropoints are calibrated.
2025-03-18 22:34:20,651-DEBUG-error:False, CONTACT (CONTACT,RUNNING)Pos:0.75/0.00 Speed:13.92/15.00, Current:768.00 Force:0.019/0.000
2025-03-18 22:34:20,748-DEBUG-error:False, CONTACT (CONTACT,RUNNING)Pos:2.21/0.00 Speed:14.72/15.00, Current:128.00 Force:0.004/0.000
2025-03-18 22:34:20,860-DEBUG-error:False, CONTACT (CONTACT,RUNNING)Pos:3.84/0.00 Speed:14.76/15.00, Current:304.00 Force:0.003/0.000
2025-03-18 22:34:20,971-DEBUG-error:False, CONTACT (CONTACT,RUNNING)Pos:5.35/0.00 Speed:14.88/15.00, Current:304.00 Force:-0.001/0.000
2025-03-18 22:34:21,064-DEBUG-error:False, CONTACT (CONTACT,RUNNING)Pos:6.85/0.00 Speed:15.01/15.00, Current:784.00 Force:-0.001/0.000
2025-03-18 22:34:21,157-DEBUG-error:False, CONTACT (CONTACT,RUNNING)Pos:8.34/0.00 Speed:15.34/15.00, Current:0.00 Force:0.001/0.000
2025-03-18 22:34:21,265-DEBUG-error:False, CONTACT (CONTACT,RUNNING)Pos:9.85/0.00 Speed:14.90/15.00, Current:160.00 Force:0.003/0.000
2025-03-18 22:34:21,362-DEBUG-error:False, CONTACT (CONTACT,RUNNING)Pos:10.69/0.00 Speed:7.85/7.90, Current:352.00 Force:0.007/0.000
2025-03-18 22:34:21,474-DEBUG-error:False, CONTACT (CONTACT,RUNNING)Pos:11.56/0.00 Speed:8.00/8.00, Current:192.00 Force:0.000/0.000
2025-03-18 22:34:21,569-DEBUG-error:False, CONTACT (CONTACT,RUNNING)Pos:12.37/0.00 Speed:7.97/7.94, Current:416.00 Force:0.002/0.000
2025-03-18 22:34:21,585-WARNING-Client: Timeout. The package may be lost.
2025-03-18 22:34:21,669-DEBUG-error:False, CONTACT (CONTACT,RUNNING)Pos:13.17/0.00 Speed:7.82/8.00, Current:400.00 Force:0.000/0.000
2025-03-18 22:34:21,772-DEBUG-error:False, CONTACT (CONTACT,RUNNING)Pos:13.97/0.00 Speed:8.17/7.93, Current:160.00 Force:0.002/0.000
2025-03-18 22:34:21,874-DEBUG-error:False, CONTACT (CONTACT,RUNNING)Pos:14.76/0.00 Speed:7.55/7.89, Current:256.00 Force:0.003/0.000
2025-03-18 22:34:21,968-DEBUG-error:False, CONTACT (CONTACT,RUNNING)Pos:15.55/0.00 Speed:8.14/7.92, Current:112.00 Force:0.002/0.000
2025-03-18 22:34:22,083-DEBUG-error:False, CONTACT (CONTACT,RUNNING)Pos:16.43/0.00 Speed:7.61/7.94, Current:448.00 Force:0.001/0.000
2025-03-18 22:34:22,181-DEBUG-error:False, CONTACT (CONTACT,RUNNING)Pos:17.23/0.00 Speed:8.34/8.00, Current:208.00 Force:-0.000/0.000
2025-03-18 22:34:22,284-DEBUG-error:False, CONTACT (CONTACT,RUNNING)Pos:18.01/0.00 Speed:8.35/7.85, Current:-16.00 Force:0.004/0.000
2025-03-18 22:34:22,379-DEBUG-error:False, CONTACT (CONTACT,RUNNING)Pos:18.81/0.00 Speed:7.82/8.00, Current:592.00 Force:-0.001/0.000
2025-03-18 22:34:22,479-DEBUG-error:False, CONTACT (CONTACT,RUNNING)Pos:19.60/0.00 Speed:7.61/7.84, Current:432.00 Force:0.005/0.000
2025-03-18 22:34:22,586-DEBUG-error:False, CONTACT (CONTACT,RUNNING)Pos:20.39/0.00 Speed:8.14/7.90, Current:384.00 Force:0.004/0.000
2025-03-18 22:34:22,591-WARNING-Client: Timeout. The package may be lost.
2025-03-18 22:34:22,685-DEBUG-error:False, CONTACT (CONTACT,RUNNING)Pos:21.18/0.00 Speed:7.97/8.00, Current:288.00 Force:0.001/0.000
2025-03-18 22:34:22,778-DEBUG-error:False, CONTACT (CONTACT,RUNNING)Pos:21.96/0.00 Speed:7.87/7.97, Current:272.00 Force:0.002/0.000
2025-03-18 22:34:22,883-DEBUG-error:False, CONTACT (CONTACT,RUNNING)Pos:22.77/0.00 Speed:8.08/7.98, Current:80.00 Force:0.004/0.000
2025-03-18 22:34:22,983-DEBUG-error:False, CONTACT (CONTACT,RUNNING)Pos:23.56/0.00 Speed:7.67/7.90, Current:384.00 Force:0.004/0.000
2025-03-18 22:34:23,083-DEBUG-error:False, CONTACT (CONTACT,RUNNING)Pos:24.35/0.00 Speed:8.21/8.00, Current:288.00 Force:-0.000/0.000
2025-03-18 22:34:23,184-DEBUG-error:False, CONTACT (CONTACT,RUNNING)Pos:25.15/0.00 Speed:7.83/7.90, Current:752.00 Force:0.003/0.000
2025-03-18 22:34:23,283-DEBUG-error:False, CONTACT (CONTACT,RUNNING)Pos:25.94/0.00 Speed:7.61/8.00, Current:464.00 Force:0.001/0.000
2025-03-18 22:34:23,384-DEBUG-error:False, CONTACT (CONTACT,RUNNING)Pos:26.74/0.00 Speed:8.50/8.00, Current:112.00 Force:0.000/0.000
2025-03-18 22:34:23,479-DEBUG-error:False, CONTACT (CONTACT,RUNNING)Pos:27.55/0.00 Speed:7.53/7.95, Current:432.00 Force:0.005/0.000
2025-03-18 22:34:23,588-DEBUG-error:False, CONTACT (CONTACT,RUNNING)Pos:28.42/0.00 Speed:8.64/8.00, Current:80.00 Force:0.002/0.000
2025-03-18 22:34:23,693-DEBUG-error:False, CONTACT (CONTACT,RUNNING)Pos:29.21/0.00 Speed:7.86/7.88, Current:208.00 Force:0.005/0.000
2025-03-18 22:34:23,798-DEBUG-error:False, CONTACT (CONTACT,RUNNING)Pos:30.00/0.00 Speed:7.71/7.92, Current:368.00 Force:0.005/0.000
2025-03-18 22:34:23,890-DEBUG-error:False, CONTACT (CONTACT,RUNNING)Pos:30.80/0.00 Speed:7.90/7.95, Current:384.00 Force:0.004/0.000
2025-03-18 22:34:23,988-DEBUG-error:False, CONTACT (CONTACT,RUNNING)Pos:31.59/0.00 Speed:7.81/7.99, Current:288.00 Force:0.005/0.000
2025-03-18 22:34:24,096-DEBUG-error:False, CONTACT (CONTACT,RUNNING)Pos:32.38/0.00 Speed:8.20/7.91, Current:-96.00 Force:0.005/0.000
2025-03-18 22:34:24,191-DEBUG-error:False, CONTACT (CONTACT,RUNNING)Pos:33.18/0.00 Speed:7.62/7.90, Current:528.00 Force:0.003/0.000
2025-03-18 22:34:24,294-DEBUG-error:False, CONTACT (CONTACT,RUNNING)Pos:33.97/0.00 Speed:7.72/7.89, Current:400.00 Force:0.003/0.000
2025-03-18 22:34:24,394-DEBUG-error:False, CONTACT (CONTACT,RUNNING)Pos:34.77/0.00 Speed:8.36/8.00, Current:224.00 Force:0.005/0.000
2025-03-18 22:34:24,493-DEBUG-error:False, CONTACT (CONTACT,RUNNING)Pos:35.56/0.00 Speed:7.55/7.97, Current:64.00 Force:0.005/0.000
2025-03-18 22:34:24,588-DEBUG-error:False, CONTACT (CONTACT,RUNNING)Pos:36.35/0.00 Speed:7.72/8.00, Current:704.00 Force:0.002/0.000
2025-03-18 22:34:24,691-DEBUG-error:False, CONTACT (CONTACT,RUNNING)Pos:37.15/0.00 Speed:8.28/8.00, Current:112.00 Force:0.001/0.000
2025-03-18 22:34:24,788-DEBUG-error:False, CONTACT (CONTACT,RUNNING)Pos:37.94/0.00 Speed:7.76/7.83, Current:416.00 Force:0.005/0.000
2025-03-18 22:34:24,806-INFO-Client: exiting program.
2025-03-18 22:34:24,814-INFO-Client: Halt DexHand.
2025-03-18 22:34:24,835-WARNING-Server: Got emergency task Halt.
2025-03-18 22:34:24,839-INFO-Hand: Halting DexHand...
2025-03-18 22:34:24,840-INFO-Hand: DexHand has halted.
2025-03-18 22:34:24,840-INFO-Hand: DexHand service is available again.
2025-03-18 22:34:24,840-WARNING-Client: Release DexHand.
2025-03-18 22:34:24,870-DEBUG-Hand: DexHand control access has been released.
2025-03-18 22:35:10,792-INFO-Client: Start DexHand client.
2025-03-18 22:35:10,793-INFO-Client: Try to start DexHand server.
2025-03-18 22:35:10,797-INFO-Server: Starting server...
2025-03-18 22:35:10,797-INFO-Server: Started.
2025-03-18 22:35:10,797-INFO-Client: Acquire DexHand control.
2025-03-18 22:35:10,851-DEBUG-Hand: Hand is under control.
2025-03-18 22:35:10,854-INFO-Client: Set DexHand's position zeropoint.
2025-03-18 22:35:10,856-INFO-Hand: Finding home position...
2025-03-18 22:35:10,892-DEBUG-error:False, SETHOME (SETZERO,RUNNING)Pos:38.62/0.00 Speed:-3.76/-4.00, Current:0.00 Force:-0.007/0.000
2025-03-18 22:35:10,992-DEBUG-error:False, SETHOME (SETZERO,RUNNING)Pos:38.25/0.00 Speed:-3.87/-4.00, Current:-64.00 Force:0.003/0.000
2025-03-18 22:35:11,095-DEBUG-error:False, SETHOME (SETZERO,RUNNING)Pos:37.85/0.00 Speed:-3.92/-4.00, Current:-144.00 Force:0.008/0.000
2025-03-18 22:35:11,188-DEBUG-error:False, SETHOME (SETZERO,RUNNING)Pos:37.45/0.00 Speed:-3.95/-4.00, Current:-384.00 Force:0.006/0.000
2025-03-18 22:35:11,292-DEBUG-error:False, SETHOME (SETZERO,RUNNING)Pos:37.06/0.00 Speed:-3.80/-4.00, Current:-304.00 Force:0.000/0.000
2025-03-18 22:35:11,388-DEBUG-error:False, SETHOME (SETZERO,RUNNING)Pos:36.65/0.00 Speed:-3.90/-4.00, Current:-352.00 Force:0.007/0.000
2025-03-18 22:35:11,491-DEBUG-error:False, SETHOME (SETZERO,RUNNING)Pos:36.26/0.00 Speed:-4.33/-4.00, Current:-288.00 Force:0.009/0.000
2025-03-18 22:35:11,596-DEBUG-error:False, SETHOME (SETZERO,RUNNING)Pos:35.85/0.00 Speed:-3.74/-4.00, Current:-192.00 Force:0.003/0.000
2025-03-18 22:35:11,691-DEBUG-error:False, SETHOME (SETZERO,RUNNING)Pos:35.45/0.00 Speed:-3.88/-4.00, Current:64.00 Force:0.005/0.000
2025-03-18 22:35:11,793-DEBUG-error:False, SETHOME (SETZERO,RUNNING)Pos:35.05/0.00 Speed:-4.20/-4.00, Current:-32.00 Force:0.005/0.000
2025-03-18 22:35:11,894-DEBUG-error:False, SETHOME (SETZERO,RUNNING)Pos:34.65/0.00 Speed:-4.26/-4.00, Current:-608.00 Force:0.002/0.000
2025-03-18 22:35:11,988-DEBUG-error:False, SETHOME (SETZERO,RUNNING)Pos:34.24/0.00 Speed:-4.20/-4.00, Current:-176.00 Force:0.005/0.000
2025-03-18 22:35:12,095-DEBUG-error:False, SETHOME (SETZERO,RUNNING)Pos:33.85/0.00 Speed:-3.73/-4.00, Current:-320.00 Force:0.006/0.000
2025-03-18 22:35:12,189-DEBUG-error:False, SETHOME (SETZERO,RUNNING)Pos:33.44/0.00 Speed:-4.04/-4.00, Current:-256.00 Force:0.006/0.000
2025-03-18 22:35:12,293-DEBUG-error:False, SETHOME (SETZERO,RUNNING)Pos:33.04/0.00 Speed:-4.22/-4.00, Current:-144.00 Force:0.008/0.000
2025-03-18 22:35:12,388-DEBUG-error:False, SETHOME (SETZERO,RUNNING)Pos:32.64/0.00 Speed:-3.92/-4.00, Current:-176.00 Force:0.006/0.000
2025-03-18 22:35:12,488-DEBUG-error:False, SETHOME (SETZERO,RUNNING)Pos:32.24/0.00 Speed:-3.91/-4.00, Current:-592.00 Force:0.006/0.000
2025-03-18 22:35:12,595-DEBUG-error:False, SETHOME (SETZERO,RUNNING)Pos:31.85/0.00 Speed:-4.06/-4.00, Current:-480.00 Force:0.000/0.000
2025-03-18 22:35:12,690-DEBUG-error:False, SETHOME (SETZERO,RUNNING)Pos:31.45/0.00 Speed:-4.09/-4.00, Current:0.00 Force:0.010/0.000
2025-03-18 22:35:12,790-DEBUG-error:False, SETHOME (SETZERO,RUNNING)Pos:31.04/0.00 Speed:-3.85/-4.00, Current:-592.00 Force:0.006/0.000
2025-03-18 22:35:12,890-DEBUG-error:False, SETHOME (SETZERO,RUNNING)Pos:30.64/0.00 Speed:-3.73/-4.00, Current:-416.00 Force:0.006/0.000
2025-03-18 22:35:12,988-DEBUG-error:False, SETHOME (SETZERO,RUNNING)Pos:30.24/0.00 Speed:-4.26/-4.00, Current:-272.00 Force:0.004/0.000
2025-03-18 22:35:13,092-DEBUG-error:False, SETHOME (SETZERO,RUNNING)Pos:29.84/0.00 Speed:-4.37/-4.00, Current:-176.00 Force:0.000/0.000
2025-03-18 22:35:13,192-DEBUG-error:False, SETHOME (SETZERO,RUNNING)Pos:29.44/0.00 Speed:-3.90/-4.00, Current:-352.00 Force:0.006/0.000
2025-03-18 22:35:13,296-DEBUG-error:False, SETHOME (SETZERO,RUNNING)Pos:29.04/0.00 Speed:-3.94/-4.00, Current:-304.00 Force:0.006/0.000
2025-03-18 22:35:13,388-DEBUG-error:False, SETHOME (SETZERO,RUNNING)Pos:28.64/0.00 Speed:-4.11/-4.00, Current:32.00 Force:0.006/0.000
2025-03-18 22:35:13,490-DEBUG-error:False, SETHOME (SETZERO,RUNNING)Pos:28.24/0.00 Speed:-4.04/-4.00, Current:96.00 Force:0.002/0.000
2025-03-18 22:35:13,588-DEBUG-error:False, SETHOME (SETZERO,RUNNING)Pos:27.83/0.00 Speed:-3.87/-4.00, Current:-80.00 Force:0.006/0.000
2025-03-18 22:35:13,687-DEBUG-error:False, SETHOME (SETZERO,RUNNING)Pos:27.43/0.00 Speed:-3.94/-4.00, Current:-192.00 Force:0.006/0.000
2025-03-18 22:35:13,797-DEBUG-error:False, SETHOME (SETZERO,RUNNING)Pos:27.04/0.00 Speed:-4.13/-4.00, Current:-304.00 Force:0.006/0.000
2025-03-18 22:35:13,889-DEBUG-error:False, SETHOME (SETZERO,RUNNING)Pos:26.63/0.00 Speed:-3.81/-4.00, Current:-336.00 Force:0.005/0.000
2025-03-18 22:35:13,987-DEBUG-error:False, SETHOME (SETZERO,RUNNING)Pos:26.24/0.00 Speed:-3.85/-4.00, Current:-336.00 Force:0.005/0.000
2025-03-18 22:35:14,088-DEBUG-error:False, SETHOME (SETZERO,RUNNING)Pos:25.83/0.00 Speed:-4.16/-4.00, Current:-160.00 Force:0.007/0.000
2025-03-18 22:35:14,194-DEBUG-error:False, SETHOME (SETZERO,RUNNING)Pos:25.44/0.00 Speed:-4.01/-4.00, Current:-512.00 Force:0.008/0.000
2025-03-18 22:35:14,288-DEBUG-error:False, SETHOME (SETZERO,RUNNING)Pos:25.03/0.00 Speed:-4.19/-4.00, Current:-688.00 Force:0.005/0.000
2025-03-18 22:35:14,392-DEBUG-error:False, SETHOME (SETZERO,RUNNING)Pos:24.63/0.00 Speed:-3.69/-4.00, Current:-176.00 Force:0.005/0.000
2025-03-18 22:35:14,490-DEBUG-error:False, SETHOME (SETZERO,RUNNING)Pos:24.23/0.00 Speed:-4.12/-4.00, Current:-16.00 Force:0.006/0.000
2025-03-18 22:35:14,598-DEBUG-error:False, SETHOME (SETZERO,RUNNING)Pos:23.79/0.00 Speed:-3.80/-4.00, Current:-368.00 Force:0.009/0.000
2025-03-18 22:35:14,705-DEBUG-error:False, SETHOME (SETZERO,RUNNING)Pos:23.39/0.00 Speed:-4.01/-4.00, Current:-304.00 Force:0.008/0.000
2025-03-18 22:35:14,797-DEBUG-error:False, SETHOME (SETZERO,RUNNING)Pos:22.99/0.00 Speed:-4.06/-4.00, Current:-256.00 Force:0.003/0.000
2025-03-18 22:35:14,900-DEBUG-error:False, SETHOME (SETZERO,RUNNING)Pos:22.58/0.00 Speed:-3.98/-4.00, Current:-176.00 Force:0.004/0.000
2025-03-18 22:35:14,997-DEBUG-error:False, SETHOME (SETZERO,RUNNING)Pos:22.19/0.00 Speed:-3.87/-4.00, Current:-96.00 Force:0.006/0.000
2025-03-18 22:35:15,108-DEBUG-error:False, SETHOME (SETZERO,RUNNING)Pos:21.78/0.00 Speed:-4.02/-4.00, Current:-768.00 Force:0.005/0.000
2025-03-18 22:35:15,201-DEBUG-error:False, SETHOME (SETZERO,RUNNING)Pos:21.38/0.00 Speed:-4.26/-4.00, Current:-128.00 Force:0.004/0.000
2025-03-18 22:35:15,299-DEBUG-error:False, SETHOME (SETZERO,RUNNING)Pos:20.98/0.00 Speed:-3.95/-4.00, Current:-288.00 Force:0.006/0.000
2025-03-18 22:35:15,398-DEBUG-error:False, SETHOME (SETZERO,RUNNING)Pos:20.58/0.00 Speed:-3.62/-4.00, Current:-352.00 Force:0.004/0.000
2025-03-18 22:35:15,504-DEBUG-error:False, SETHOME (SETZERO,RUNNING)Pos:20.19/0.00 Speed:-4.22/-4.00, Current:-304.00 Force:0.004/0.000
2025-03-18 22:35:15,608-DEBUG-error:False, SETHOME (SETZERO,RUNNING)Pos:19.74/0.00 Speed:-3.90/-4.00, Current:-416.00 Force:0.008/0.000
2025-03-18 22:35:15,709-DEBUG-error:False, SETHOME (SETZERO,RUNNING)Pos:19.34/0.00 Speed:-3.99/-4.00, Current:16.00 Force:0.006/0.000
2025-03-18 22:35:15,815-DEBUG-error:False, SETHOME (SETZERO,RUNNING)Pos:18.94/0.00 Speed:-4.22/-4.00, Current:-400.00 Force:0.005/0.000
2025-03-18 22:35:15,911-DEBUG-error:False, SETHOME (SETZERO,RUNNING)Pos:18.54/0.00 Speed:-4.15/-4.00, Current:-144.00 Force:0.004/0.000
2025-03-18 22:35:16,008-DEBUG-error:False, SETHOME (SETZERO,RUNNING)Pos:18.13/0.00 Speed:-3.73/-4.00, Current:-592.00 Force:0.001/0.000
2025-03-18 22:35:16,109-DEBUG-error:False, SETHOME (SETZERO,RUNNING)Pos:17.73/0.00 Speed:-4.01/-4.00, Current:-144.00 Force:0.006/0.000
2025-03-18 22:35:16,210-DEBUG-error:False, SETHOME (SETZERO,RUNNING)Pos:17.33/0.00 Speed:-3.95/-4.00, Current:-304.00 Force:0.002/0.000
2025-03-18 22:35:16,313-DEBUG-error:False, SETHOME (SETZERO,RUNNING)Pos:16.93/0.00 Speed:-3.84/-4.00, Current:-400.00 Force:0.002/0.000
2025-03-18 22:35:16,415-DEBUG-error:False, SETHOME (SETZERO,RUNNING)Pos:16.54/0.00 Speed:-4.12/-4.00, Current:-272.00 Force:-0.003/0.000
2025-03-18 22:35:16,513-DEBUG-error:False, SETHOME (SETZERO,RUNNING)Pos:16.14/0.00 Speed:-4.19/-4.00, Current:-240.00 Force:0.005/0.000
2025-03-18 22:35:16,608-DEBUG-error:False, SETHOME (SETZERO,RUNNING)Pos:15.73/0.00 Speed:-4.04/-4.00, Current:-240.00 Force:0.003/0.000
2025-03-18 22:35:16,708-DEBUG-error:False, SETHOME (SETZERO,RUNNING)Pos:15.33/0.00 Speed:-3.91/-4.00, Current:-592.00 Force:0.003/0.000
2025-03-18 22:35:16,808-DEBUG-error:False, SETHOME (SETZERO,RUNNING)Pos:14.93/0.00 Speed:-3.97/-4.00, Current:16.00 Force:0.004/0.000
2025-03-18 22:35:16,908-DEBUG-error:False, SETHOME (SETZERO,RUNNING)Pos:14.53/0.00 Speed:-4.08/-4.00, Current:-128.00 Force:0.006/0.000
2025-03-18 22:35:17,007-DEBUG-error:False, SETHOME (SETZERO,RUNNING)Pos:14.13/0.00 Speed:-4.08/-4.00, Current:-304.00 Force:0.003/0.000
2025-03-18 22:35:17,107-DEBUG-error:False, SETHOME (SETZERO,RUNNING)Pos:13.73/0.00 Speed:-3.83/-4.00, Current:-448.00 Force:0.006/0.000
2025-03-18 22:35:17,207-DEBUG-error:False, SETHOME (SETZERO,RUNNING)Pos:13.33/0.00 Speed:-4.08/-4.00, Current:-240.00 Force:0.007/0.000
2025-03-18 22:35:17,316-DEBUG-error:False, SETHOME (SETZERO,RUNNING)Pos:12.93/0.00 Speed:-3.98/-4.00, Current:-336.00 Force:0.004/0.000
2025-03-18 22:35:17,408-DEBUG-error:False, SETHOME (SETZERO,RUNNING)Pos:12.53/0.00 Speed:-3.97/-4.00, Current:-560.00 Force:0.005/0.000
2025-03-18 22:35:17,508-DEBUG-error:False, SETHOME (SETZERO,RUNNING)Pos:12.12/0.00 Speed:-3.87/-4.00, Current:-96.00 Force:0.005/0.000
2025-03-18 22:35:17,608-DEBUG-error:False, SETHOME (SETZERO,RUNNING)Pos:11.72/0.00 Speed:-4.12/-4.00, Current:112.00 Force:0.004/0.000
2025-03-18 22:35:17,710-DEBUG-error:False, SETHOME (SETZERO,RUNNING)Pos:11.32/0.00 Speed:-4.19/-4.00, Current:-512.00 Force:0.002/0.000
2025-03-18 22:35:17,807-DEBUG-error:False, SETHOME (SETZERO,RUNNING)Pos:10.92/0.00 Speed:-3.77/-4.00, Current:-352.00 Force:0.005/0.000
2025-03-18 22:35:17,913-DEBUG-error:False, SETHOME (SETZERO,RUNNING)Pos:10.53/0.00 Speed:-3.67/-4.00, Current:-416.00 Force:0.002/0.000
2025-03-18 22:35:18,013-DEBUG-error:False, SETHOME (SETZERO,RUNNING)Pos:10.13/0.00 Speed:-4.08/-4.00, Current:-288.00 Force:0.003/0.000
2025-03-18 22:35:18,109-DEBUG-error:False, SETHOME (SETZERO,RUNNING)Pos:9.73/0.00 Speed:-4.15/-4.00, Current:-320.00 Force:0.007/0.000
2025-03-18 22:35:18,208-DEBUG-error:False, SETHOME (SETZERO,RUNNING)Pos:9.32/0.00 Speed:-4.13/-4.00, Current:-400.00 Force:0.006/0.000
2025-03-18 22:35:18,315-DEBUG-error:False, SETHOME (SETZERO,RUNNING)Pos:8.92/0.00 Speed:-3.71/-4.00, Current:-128.00 Force:0.001/0.000
2025-03-18 22:35:18,408-DEBUG-error:False, SETHOME (SETZERO,RUNNING)Pos:8.52/0.00 Speed:-3.98/-4.00, Current:-32.00 Force:0.005/0.000
2025-03-18 22:35:18,508-DEBUG-error:False, SETHOME (SETZERO,RUNNING)Pos:8.12/0.00 Speed:-4.08/-4.00, Current:-352.00 Force:0.001/0.000
2025-03-18 22:35:18,613-DEBUG-error:False, SETHOME (SETZERO,RUNNING)Pos:7.71/0.00 Speed:-4.02/-4.00, Current:-80.00 Force:0.004/0.000
2025-03-18 22:35:18,710-DEBUG-error:False, SETHOME (SETZERO,RUNNING)Pos:7.31/0.00 Speed:-3.88/-4.00, Current:-288.00 Force:0.004/0.000
2025-03-18 22:35:18,808-DEBUG-error:False, SETHOME (SETZERO,RUNNING)Pos:6.91/0.00 Speed:-3.97/-4.00, Current:-368.00 Force:-0.001/0.000
2025-03-18 22:35:18,910-DEBUG-error:False, SETHOME (SETZERO,RUNNING)Pos:6.52/0.00 Speed:-4.16/-4.00, Current:-352.00 Force:0.005/0.000
2025-03-18 22:35:19,015-DEBUG-error:False, SETHOME (SETZERO,RUNNING)Pos:6.12/0.00 Speed:-3.95/-4.00, Current:-320.00 Force:0.002/0.000
2025-03-18 22:35:19,108-DEBUG-error:False, SETHOME (SETZERO,RUNNING)Pos:5.72/0.00 Speed:-3.74/-4.00, Current:-272.00 Force:0.004/0.000
2025-03-18 22:35:19,214-DEBUG-error:False, SETHOME (SETZERO,RUNNING)Pos:5.31/0.00 Speed:-4.31/-4.00, Current:-288.00 Force:0.002/0.000
2025-03-18 22:35:19,308-DEBUG-error:False, SETHOME (SETZERO,RUNNING)Pos:4.92/0.00 Speed:-4.17/-4.00, Current:-80.00 Force:0.003/0.000
2025-03-18 22:35:19,423-DEBUG-error:False, SETHOME (SETZERO,RUNNING)Pos:4.51/0.00 Speed:-3.98/-4.00, Current:-112.00 Force:0.005/0.000
2025-03-18 22:35:19,514-DEBUG-error:False, SETHOME (SETZERO,RUNNING)Pos:4.11/0.00 Speed:-3.80/-4.00, Current:-640.00 Force:0.003/0.000
2025-03-18 22:35:19,607-DEBUG-error:False, SETHOME (SETZERO,RUNNING)Pos:3.71/0.00 Speed:-4.01/-4.00, Current:-304.00 Force:-0.001/0.000
2025-03-18 22:35:19,711-DEBUG-error:False, SETHOME (SETZERO,RUNNING)Pos:3.31/0.00 Speed:-4.12/-4.00, Current:-304.00 Force:0.005/0.000
2025-03-18 22:35:19,816-DEBUG-error:False, SETHOME (SETZERO,RUNNING)Pos:2.90/0.00 Speed:-3.78/-4.00, Current:-368.00 Force:0.006/0.000
2025-03-18 22:35:19,914-DEBUG-error:False, SETHOME (SETZERO,RUNNING)Pos:2.50/0.00 Speed:-3.97/-4.00, Current:-448.00 Force:0.000/0.000
2025-03-18 22:35:20,011-DEBUG-error:False, SETHOME (SETZERO,RUNNING)Pos:2.10/0.00 Speed:-4.29/-4.00, Current:-336.00 Force:0.001/0.000
2025-03-18 22:35:20,109-DEBUG-error:False, SETHOME (SETZERO,RUNNING)Pos:1.71/0.00 Speed:-4.04/-4.00, Current:-576.00 Force:0.005/0.000
2025-03-18 22:35:20,211-DEBUG-error:False, SETHOME (SETZERO,RUNNING)Pos:1.30/0.00 Speed:-3.94/-4.00, Current:-896.00 Force:0.003/0.000
2025-03-18 22:35:20,307-DEBUG-error:False, SETHOME (SETZERO,RUNNING)Pos:0.90/0.00 Speed:-3.98/-4.00, Current:-320.00 Force:0.004/0.000
2025-03-18 22:35:20,411-DEBUG-error:False, SETHOME (SETZERO,RUNNING)Pos:0.51/0.00 Speed:-4.16/-4.00, Current:-416.00 Force:0.002/0.000
2025-03-18 22:35:20,514-DEBUG-error:False, SETHOME (SETZERO,RUNNING)Pos:0.11/0.00 Speed:-3.59/-4.00, Current:-656.00 Force:0.000/0.000
2025-03-18 22:35:20,607-DEBUG-error:False, STOP (SETZERO,FINISHED)Pos:-0.14/0.00 Speed:2.75/0.00, Current:-2976.00 Force:0.005/0.000
2025-03-18 22:35:20,619-INFO-Hand: Home position is found.
2025-03-18 22:35:20,619-INFO-Client: Calibrate DexHand force zeropoints.
2025-03-18 22:35:20,628-INFO-Hand: Calibrating force zeropoints...
2025-03-18 22:35:20,708-DEBUG-error:False, FORCECALI (FINEZERO,RUNNING)Pos:0.07/0.00 Speed:0.00/0.00, Current:-192.00 Force:0.004/0.000
2025-03-18 22:35:20,736-INFO-Hand: Force zeropoints are calibrated.
2025-03-18 22:35:20,743-INFO-Hand: Starts contacting...
2025-03-18 22:35:20,808-DEBUG-error:False, CONTACT (CONTACT,RUNNING)Pos:0.67/0.00 Speed:13.89/15.00, Current:368.00 Force:0.026/0.000
2025-03-18 22:35:20,912-DEBUG-error:False, CONTACT (CONTACT,RUNNING)Pos:2.12/0.00 Speed:14.83/15.00, Current:176.00 Force:0.001/0.000
2025-03-18 22:35:21,017-DEBUG-error:False, CONTACT (CONTACT,RUNNING)Pos:3.74/0.00 Speed:15.18/15.00, Current:288.00 Force:-0.001/0.000
2025-03-18 22:35:21,118-DEBUG-error:False, CONTACT (CONTACT,RUNNING)Pos:5.24/0.00 Speed:14.81/15.00, Current:368.00 Force:-0.001/0.000
2025-03-18 22:35:21,223-DEBUG-error:False, CONTACT (CONTACT,RUNNING)Pos:6.75/0.00 Speed:14.72/15.00, Current:336.00 Force:-0.002/0.000
2025-03-18 22:35:21,317-DEBUG-error:False, CONTACT (CONTACT,RUNNING)Pos:8.24/0.00 Speed:15.02/15.00, Current:240.00 Force:-0.002/0.000
2025-03-18 22:35:21,420-DEBUG-error:False, CONTACT (CONTACT,RUNNING)Pos:9.75/0.00 Speed:14.86/15.00, Current:560.00 Force:0.001/0.000
2025-03-18 22:35:21,520-DEBUG-error:False, CONTACT (CONTACT,RUNNING)Pos:10.64/0.00 Speed:7.61/7.83, Current:416.00 Force:0.004/0.000
2025-03-18 22:35:21,621-DEBUG-error:False, CONTACT (CONTACT,RUNNING)Pos:11.43/0.00 Speed:8.18/8.00, Current:288.00 Force:-0.004/0.000
2025-03-18 22:35:21,718-DEBUG-error:False, CONTACT (CONTACT,RUNNING)Pos:12.23/0.00 Speed:7.74/7.99, Current:256.00 Force:0.001/0.000
2025-03-18 22:35:21,819-DEBUG-error:False, CONTACT (CONTACT,RUNNING)Pos:13.03/0.00 Speed:8.13/8.00, Current:-32.00 Force:0.001/0.000
2025-03-18 22:35:21,933-DEBUG-error:False, CONTACT (CONTACT,RUNNING)Pos:13.92/0.00 Speed:7.71/7.90, Current:256.00 Force:0.003/0.000
2025-03-18 22:35:22,030-DEBUG-error:False, CONTACT (CONTACT,RUNNING)Pos:14.71/0.00 Speed:7.89/8.00, Current:336.00 Force:-0.003/0.000
2025-03-18 22:35:22,130-DEBUG-error:False, CONTACT (CONTACT,RUNNING)Pos:15.51/0.00 Speed:8.06/8.00, Current:160.00 Force:0.002/0.000
2025-03-18 22:35:22,230-DEBUG-error:False, CONTACT (CONTACT,RUNNING)Pos:16.31/0.00 Speed:7.90/7.99, Current:208.00 Force:0.001/0.000
2025-03-18 22:35:22,329-DEBUG-error:False, CONTACT (CONTACT,RUNNING)Pos:17.11/0.00 Speed:8.27/7.89, Current:144.00 Force:0.003/0.000
2025-03-18 22:35:22,430-DEBUG-error:False, CONTACT (CONTACT,RUNNING)Pos:17.91/0.00 Speed:7.55/8.00, Current:352.00 Force:-0.002/0.000
2025-03-18 22:35:22,533-DEBUG-error:False, CONTACT (CONTACT,RUNNING)Pos:18.70/0.00 Speed:8.00/8.00, Current:0.00 Force:0.003/0.000
2025-03-18 22:35:22,633-DEBUG-error:False, CONTACT (CONTACT,RUNNING)Pos:19.50/0.00 Speed:7.99/7.93, Current:272.00 Force:0.004/0.000
2025-03-18 22:35:22,728-DEBUG-error:False, CONTACT (CONTACT,RUNNING)Pos:20.30/0.00 Speed:7.90/8.00, Current:336.00 Force:0.000/0.000
2025-03-18 22:35:22,832-DEBUG-error:False, CONTACT (CONTACT,RUNNING)Pos:21.09/0.00 Speed:7.89/7.92, Current:384.00 Force:0.002/0.000
2025-03-18 22:35:22,932-DEBUG-error:False, CONTACT (CONTACT,RUNNING)Pos:21.89/0.00 Speed:7.65/8.00, Current:304.00 Force:0.001/0.000
2025-03-18 22:35:23,027-DEBUG-error:False, CONTACT (CONTACT,RUNNING)Pos:22.69/0.00 Speed:8.21/7.92, Current:16.00 Force:0.004/0.000
2025-03-18 22:35:23,128-DEBUG-error:False, CONTACT (CONTACT,RUNNING)Pos:23.49/0.00 Speed:7.68/8.00, Current:208.00 Force:-0.001/0.000
2025-03-18 22:35:23,228-DEBUG-error:False, CONTACT (CONTACT,RUNNING)Pos:24.28/0.00 Speed:7.74/7.94, Current:400.00 Force:0.003/0.000
2025-03-18 22:35:23,334-DEBUG-error:False, CONTACT (CONTACT,RUNNING)Pos:25.08/0.00 Speed:8.13/7.83, Current:224.00 Force:0.006/0.000
2025-03-18 22:35:23,432-DEBUG-error:False, CONTACT (CONTACT,RUNNING)Pos:25.86/0.00 Speed:7.48/7.82, Current:96.00 Force:0.007/0.000
2025-03-18 22:35:23,528-DEBUG-error:False, CONTACT (CONTACT,RUNNING)Pos:26.66/0.00 Speed:8.22/8.00, Current:32.00 Force:0.001/0.000
2025-03-18 22:35:23,631-DEBUG-error:False, CONTACT (CONTACT,RUNNING)Pos:27.46/0.00 Speed:7.87/7.89, Current:416.00 Force:0.003/0.000
2025-03-18 22:35:23,734-DEBUG-error:False, CONTACT (CONTACT,RUNNING)Pos:28.25/0.00 Speed:7.90/7.88, Current:352.00 Force:0.006/0.000
2025-03-18 22:35:23,828-DEBUG-error:False, CONTACT (CONTACT,RUNNING)Pos:29.05/0.00 Speed:8.00/7.94, Current:176.00 Force:0.004/0.000
2025-03-18 22:35:23,934-DEBUG-error:False, CONTACT (CONTACT,RUNNING)Pos:29.85/0.00 Speed:7.86/7.95, Current:832.00 Force:0.002/0.000
2025-03-18 22:35:24,028-DEBUG-error:False, CONTACT (CONTACT,RUNNING)Pos:30.63/0.00 Speed:8.46/8.00, Current:-32.00 Force:0.000/0.000
2025-03-18 22:35:24,135-DEBUG-error:False, CONTACT (CONTACT,RUNNING)Pos:31.43/0.00 Speed:7.87/7.99, Current:304.00 Force:0.002/0.000
2025-03-18 22:35:24,233-DEBUG-error:False, CONTACT (CONTACT,RUNNING)Pos:32.24/0.00 Speed:7.72/7.94, Current:320.00 Force:0.002/0.000
2025-03-18 22:35:24,328-DEBUG-error:False, CONTACT (CONTACT,RUNNING)Pos:33.03/0.00 Speed:8.49/7.95, Current:352.00 Force:0.005/0.000
2025-03-18 22:35:24,432-DEBUG-error:False, CONTACT (CONTACT,RUNNING)Pos:33.83/0.00 Speed:7.72/8.00, Current:224.00 Force:-0.000/0.000
2025-03-18 22:35:24,527-DEBUG-error:False, CONTACT (CONTACT,RUNNING)Pos:34.62/0.00 Speed:8.03/7.93, Current:128.00 Force:0.004/0.000
2025-03-18 22:35:24,631-DEBUG-error:False, CONTACT (CONTACT,RUNNING)Pos:35.42/0.00 Speed:7.78/7.95, Current:432.00 Force:0.003/0.000
2025-03-18 22:35:24,729-DEBUG-error:False, CONTACT (CONTACT,RUNNING)Pos:36.22/0.00 Speed:7.83/7.87, Current:304.00 Force:0.003/0.000
2025-03-18 22:35:24,829-DEBUG-error:False, CONTACT (CONTACT,RUNNING)Pos:37.01/0.00 Speed:8.01/7.89, Current:432.00 Force:0.006/0.000
2025-03-18 22:35:24,941-DEBUG-error:False, CONTACT (CONTACT,RUNNING)Pos:37.81/0.00 Speed:7.72/8.00, Current:560.00 Force:-0.000/0.000
2025-03-18 22:35:25,034-DEBUG-error:False, CONTACT (CONTACT,RUNNING)Pos:38.61/0.00 Speed:8.10/8.00, Current:256.00 Force:-0.000/0.000
2025-03-18 22:35:25,135-DEBUG-error:False, CONTACT (CONTACT,RUNNING)Pos:39.40/0.00 Speed:7.67/8.00, Current:416.00 Force:0.001/0.000
2025-03-18 22:35:25,230-DEBUG-error:False, CONTACT (CONTACT,RUNNING)Pos:40.20/0.00 Speed:8.11/8.00, Current:224.00 Force:-0.000/0.000
2025-03-18 22:35:25,327-DEBUG-error:False, CONTACT (CONTACT,RUNNING)Pos:40.99/0.00 Speed:8.14/7.82, Current:-96.00 Force:0.006/0.000
2025-03-18 22:35:25,427-DEBUG-error:False, CONTACT (CONTACT,RUNNING)Pos:41.78/0.00 Speed:7.97/8.00, Current:192.00 Force:0.003/0.000
2025-03-18 22:35:25,534-DEBUG-error:False, CONTACT (CONTACT,RUNNING)Pos:42.58/0.00 Speed:8.03/7.98, Current:320.00 Force:0.003/0.000
2025-03-18 22:35:25,627-DEBUG-error:False, CONTACT (CONTACT,RUNNING)Pos:43.37/0.00 Speed:7.71/7.81, Current:304.00 Force:0.005/0.000
2025-03-18 22:35:25,733-DEBUG-error:False, CONTACT (CONTACT,RUNNING)Pos:44.16/0.00 Speed:7.71/7.88, Current:128.00 Force:0.003/0.000
2025-03-18 22:35:25,828-DEBUG-error:False, CONTACT (CONTACT,RUNNING)Pos:44.95/0.00 Speed:7.96/7.84, Current:256.00 Force:0.005/0.000
2025-03-18 22:35:25,931-DEBUG-error:False, CONTACT (CONTACT,RUNNING)Pos:45.74/0.00 Speed:7.54/7.97, Current:368.00 Force:0.004/0.000
2025-03-18 22:35:26,031-DEBUG-error:False, CONTACT (CONTACT,RUNNING)Pos:46.53/0.00 Speed:7.60/7.83, Current:432.00 Force:0.003/0.000
2025-03-18 22:35:26,127-DEBUG-error:False, CONTACT (CONTACT,RUNNING)Pos:47.33/0.00 Speed:6.73/5.73, Current:224.00 Force:0.077/0.000
2025-03-18 22:35:26,235-DEBUG-error:False, SETFORCE (CONTACT,RUNNING)Pos:47.37/0.00 Speed:-0.18/-0.44, Current:-176.00 Force:1.060/0.500
2025-03-18 22:35:26,329-DEBUG-error:False, SETFORCE (CONTACT,RUNNING)Pos:47.34/0.00 Speed:-0.32/-0.39, Current:-208.00 Force:0.910/0.500
2025-03-18 22:35:26,431-DEBUG-error:False, SETFORCE (CONTACT,RUNNING)Pos:47.32/0.00 Speed:-0.18/-0.31, Current:-496.00 Force:0.740/0.500
2025-03-18 22:35:26,534-DEBUG-error:False, SETFORCE (CONTACT,RUNNING)Pos:47.29/0.00 Speed:-0.20/-0.23, Current:0.00 Force:0.607/0.500
2025-03-18 22:35:26,632-DEBUG-error:False, FORCESERVO (FORCESERVO,RUNNING)Pos:47.26/0.00 Speed:-0.42/-0.55, Current:-64.00 Force:0.490/0.545
2025-03-18 22:35:26,744-DEBUG-error:False, FORCESERVO (FORCESERVO,RUNNING)Pos:47.26/0.00 Speed:0.11/0.58, Current:32.00 Force:0.403/0.772
2025-03-18 22:35:26,850-DEBUG-error:False, FORCESERVO (FORCESERVO,RUNNING)Pos:47.32/0.00 Speed:0.77/0.91, Current:272.00 Force:0.599/0.998
2025-03-18 22:35:26,940-DEBUG-error:False, FORCESERVO (FORCESERVO,RUNNING)Pos:47.39/0.00 Speed:0.36/0.42, Current:176.00 Force:1.035/1.253
2025-03-18 22:35:27,040-DEBUG-error:False, FORCESERVO (FORCESERVO,RUNNING)Pos:47.42/0.00 Speed:0.36/0.40, Current:80.00 Force:1.292/1.461
2025-03-18 22:35:27,137-DEBUG-error:False, FORCESERVO (FORCESERVO,RUNNING)Pos:47.47/0.00 Speed:0.40/0.32, Current:208.00 Force:1.534/1.673
2025-03-18 22:35:27,239-DEBUG-error:False, FORCESERVO (FORCESERVO,RUNNING)Pos:47.50/0.00 Speed:0.38/0.35, Current:848.00 Force:1.755/1.917
2025-03-18 22:35:27,340-DEBUG-error:False, SETFORCE (SETFORCE,RUNNING)Pos:47.53/0.00 Speed:0.04/0.08, Current:160.00 Force:1.991/2.000
2025-03-18 22:35:27,358-INFO-Hand: Contact done.
2025-03-18 22:35:27,361-INFO-Hand: Start loading contact force...
2025-03-18 22:35:27,439-DEBUG-error:False, FORCESERVO (FORCESERVO,RUNNING)Pos:47.53/0.00 Speed:0.00/0.09, Current:112.00 Force:2.047/2.060
2025-03-18 22:35:27,550-DEBUG-error:False, FORCESERVO (FORCESERVO,RUNNING)Pos:47.54/0.00 Speed:0.14/0.12, Current:320.00 Force:2.090/2.118
2025-03-18 22:35:27,638-DEBUG-error:False, FORCESERVO (FORCESERVO,RUNNING)Pos:47.55/0.00 Speed:0.01/0.12, Current:720.00 Force:2.153/2.180
2025-03-18 22:35:27,753-DEBUG-error:False, FORCESERVO (FORCESERVO,RUNNING)Pos:47.56/0.00 Speed:0.14/0.11, Current:624.00 Force:2.231/2.245
2025-03-18 22:35:27,852-DEBUG-error:False, FORCESERVO (FORCESERVO,RUNNING)Pos:47.57/0.00 Speed:0.15/0.10, Current:448.00 Force:2.287/2.306
2025-03-18 22:35:27,960-DEBUG-error:False, FORCESERVO (FORCESERVO,RUNNING)Pos:47.58/0.00 Speed:0.13/0.11, Current:496.00 Force:2.359/2.370
2025-03-18 22:35:28,062-DEBUG-error:False, FORCESERVO (FORCESERVO,RUNNING)Pos:47.59/0.00 Speed:0.00/0.04, Current:496.00 Force:2.445/2.426
2025-03-18 22:35:28,159-DEBUG-error:False, FORCESERVO (FORCESERVO,RUNNING)Pos:47.60/0.00 Speed:0.11/0.06, Current:448.00 Force:2.495/2.485
2025-03-18 22:35:28,257-DEBUG-error:False, FORCESERVO (FORCESERVO,RUNNING)Pos:47.60/0.00 Speed:0.06/0.08, Current:432.00 Force:2.541/2.545
2025-03-18 22:35:28,360-DEBUG-error:False, FORCESERVO (FORCESERVO,RUNNING)Pos:47.61/0.00 Speed:0.01/0.08, Current:512.00 Force:2.603/2.605
2025-03-18 22:35:28,457-DEBUG-error:False, FORCESERVO (FORCESERVO,RUNNING)Pos:47.62/0.00 Speed:0.01/0.11, Current:528.00 Force:2.654/2.669
2025-03-18 22:35:28,557-DEBUG-error:False, FORCESERVO (FORCESERVO,RUNNING)Pos:47.63/0.00 Speed:0.15/0.10, Current:480.00 Force:2.709/2.719
2025-03-18 22:35:28,659-DEBUG-error:False, FORCESERVO (FORCESERVO,RUNNING)Pos:47.64/0.00 Speed:0.11/0.13, Current:544.00 Force:2.766/2.787
2025-03-18 22:35:28,762-DEBUG-error:False, FORCESERVO (FORCESERVO,RUNNING)Pos:47.65/0.00 Speed:0.11/0.07, Current:528.00 Force:2.855/2.842
2025-03-18 22:35:28,864-DEBUG-error:False, FORCESERVO (FORCESERVO,RUNNING)Pos:47.66/0.00 Speed:0.08/0.03, Current:512.00 Force:2.928/2.903
2025-03-18 22:35:28,966-DEBUG-error:False, FORCESERVO (FORCESERVO,RUNNING)Pos:47.66/0.00 Speed:0.07/0.04, Current:416.00 Force:2.981/2.962
2025-03-18 22:35:29,061-DEBUG-error:False, FORCESERVO (FORCESERVO,RUNNING)Pos:47.67/0.00 Speed:0.13/0.05, Current:480.00 Force:3.035/3.024
2025-03-18 22:35:29,157-DEBUG-error:False, FORCESERVO (FORCESERVO,RUNNING)Pos:47.68/0.00 Speed:0.00/0.06, Current:528.00 Force:3.084/3.081
2025-03-18 22:35:29,262-DEBUG-error:False, FORCESERVO (FORCESERVO,RUNNING)Pos:47.68/0.00 Speed:0.11/0.10, Current:512.00 Force:3.126/3.142
2025-03-18 22:35:29,359-DEBUG-error:False, FORCESERVO (FORCESERVO,RUNNING)Pos:47.69/0.00 Speed:0.00/0.14, Current:528.00 Force:3.168/3.202
2025-03-18 22:35:29,461-DEBUG-error:False, FORCESERVO (FORCESERVO,RUNNING)Pos:47.70/0.00 Speed:0.22/0.13, Current:528.00 Force:3.244/3.266
2025-03-18 22:35:29,559-DEBUG-error:False, FORCESERVO (FORCESERVO,RUNNING)Pos:47.71/0.00 Speed:0.00/0.00, Current:640.00 Force:3.352/3.310
2025-03-18 22:35:29,657-DEBUG-error:False, FORCESERVO (FORCESERVO,RUNNING)Pos:47.72/0.00 Speed:0.00/0.05, Current:656.00 Force:3.393/3.382
2025-03-18 22:35:29,771-DEBUG-error:False, FORCESERVO (FORCESERVO,RUNNING)Pos:47.73/0.00 Speed:0.10/0.04, Current:272.00 Force:3.454/3.437
2025-03-18 22:35:29,892-DEBUG-error:False, FORCESERVO (FORCESERVO,RUNNING)Pos:47.73/0.00 Speed:0.11/0.04, Current:304.00 Force:3.530/3.517
2025-03-18 22:35:30,016-DEBUG-error:False, FORCESERVO (FORCESERVO,RUNNING)Pos:47.74/0.00 Speed:0.11/0.08, Current:672.00 Force:3.579/3.588
2025-03-18 22:35:30,112-DEBUG-error:False, FORCESERVO (FORCESERVO,RUNNING)Pos:47.75/0.00 Speed:0.00/0.11, Current:272.00 Force:3.631/3.650
2025-03-18 22:35:30,213-DEBUG-error:False, FORCESERVO (FORCESERVO,RUNNING)Pos:47.76/0.00 Speed:0.10/0.11, Current:656.00 Force:3.691/3.709
2025-03-18 22:35:30,308-DEBUG-error:False, FORCESERVO (FORCESERVO,RUNNING)Pos:47.77/0.00 Speed:0.04/0.09, Current:768.00 Force:3.769/3.773
2025-03-18 22:35:30,408-DEBUG-error:False, FORCESERVO (FORCESERVO,RUNNING)Pos:47.77/0.00 Speed:0.08/0.07, Current:992.00 Force:3.834/3.826
2025-03-18 22:35:30,517-DEBUG-error:False, FORCESERVO (FORCESERVO,RUNNING)Pos:47.78/0.00 Speed:0.10/0.06, Current:912.00 Force:3.893/3.883
2025-03-18 22:35:30,629-DEBUG-error:False, FORCESERVO (FORCESERVO,RUNNING)Pos:47.79/0.00 Speed:0.08/0.04, Current:768.00 Force:3.972/3.954
2025-03-18 22:35:30,731-DEBUG-error:False, FORCESERVO (FORCESERVO,RUNNING)Pos:47.80/0.00 Speed:0.07/0.04, Current:320.00 Force:4.027/4.012
2025-03-18 22:35:30,839-DEBUG-error:False, FORCESERVO (FORCESERVO,RUNNING)Pos:47.80/0.00 Speed:0.04/0.08, Current:400.00 Force:4.075/4.083
2025-03-18 22:35:30,947-DEBUG-error:False, FORCESERVO (FORCESERVO,RUNNING)Pos:47.81/0.00 Speed:0.11/0.09, Current:496.00 Force:4.136/4.149
2025-03-18 22:35:31,048-DEBUG-error:False, FORCESERVO (FORCESERVO,RUNNING)Pos:47.82/0.00 Speed:0.06/0.10, Current:544.00 Force:4.199/4.214
2025-03-18 22:35:31,165-DEBUG-error:False, FORCESERVO (FORCESERVO,RUNNING)Pos:47.83/0.00 Speed:0.07/0.10, Current:368.00 Force:4.270/4.280
2025-03-18 22:35:31,259-DEBUG-error:False, FORCESERVO (FORCESERVO,RUNNING)Pos:47.84/0.00 Speed:0.04/0.09, Current:976.00 Force:4.332/4.339
2025-03-18 22:35:31,365-DEBUG-error:False, FORCESERVO (FORCESERVO,RUNNING)Pos:47.85/0.00 Speed:0.08/0.09, Current:992.00 Force:4.395/4.399
2025-03-18 22:35:31,465-DEBUG-error:False, FORCESERVO (FORCESERVO,RUNNING)Pos:47.85/0.00 Speed:0.01/0.03, Current:400.00 Force:4.480/4.454
2025-03-18 22:35:31,560-DEBUG-error:False, FORCESERVO (FORCESERVO,RUNNING)Pos:47.86/0.00 Speed:0.00/0.05, Current:320.00 Force:4.531/4.517
2025-03-18 22:35:31,678-DEBUG-error:False, FORCESERVO (FORCESERVO,RUNNING)Pos:47.87/0.00 Speed:0.06/0.04, Current:480.00 Force:4.589/4.573
2025-03-18 22:35:31,785-DEBUG-error:False, FORCESERVO (FORCESERVO,RUNNING)Pos:47.88/0.00 Speed:0.13/0.05, Current:912.00 Force:4.653/4.643
2025-03-18 22:35:31,880-DEBUG-error:False, FORCESERVO (FORCESERVO,RUNNING)Pos:47.88/0.00 Speed:0.18/0.06, Current:384.00 Force:4.710/4.705
2025-03-18 22:35:31,980-DEBUG-error:False, FORCESERVO (FORCESERVO,RUNNING)Pos:47.89/0.00 Speed:0.07/0.09, Current:448.00 Force:4.755/4.770
2025-03-18 22:35:32,099-DEBUG-error:False, FORCESERVO (FORCESERVO,RUNNING)Pos:47.90/0.00 Speed:0.11/0.10, Current:912.00 Force:4.815/4.830
2025-03-18 22:35:32,197-DEBUG-error:False, FORCESERVO (FORCESERVO,RUNNING)Pos:47.90/0.00 Speed:0.07/0.09, Current:832.00 Force:4.887/4.895
2025-03-18 22:35:32,307-DEBUG-error:False, FORCESERVO (FORCESERVO,RUNNING)Pos:47.91/0.00 Speed:0.00/0.07, Current:816.00 Force:4.968/4.961
2025-03-18 22:35:32,411-DEBUG-error:False, NORMAL (SETFORCE,FINISHED)Pos:47.92/0.00 Speed:0.03/0.04, Current:608.00 Force:5.022/5.000
2025-03-18 22:35:32,411-INFO-Hand: Contact force is reached.
2025-03-18 22:35:32,514-DEBUG-error:False, NORMAL (SETFORCE,FINISHED)Pos:47.92/0.00 Speed:0.00/-0.00, Current:752.00 Force:5.037/5.000
2025-03-18 22:35:32,608-DEBUG-error:False, NORMAL (SETFORCE,FINISHED)Pos:47.92/0.00 Speed:0.00/-0.00, Current:560.00 Force:5.032/5.000
2025-03-18 22:35:32,713-DEBUG-error:False, NORMAL (SETFORCE,FINISHED)Pos:47.92/0.00 Speed:0.00/-0.01, Current:784.00 Force:5.033/5.000
2025-03-18 22:35:32,808-DEBUG-error:False, NORMAL (SETFORCE,FINISHED)Pos:47.92/0.00 Speed:0.00/-0.02, Current:592.00 Force:5.032/5.000
2025-03-18 22:35:32,907-DEBUG-error:False, NORMAL (SETFORCE,FINISHED)Pos:47.92/0.00 Speed:0.00/-0.02, Current:560.00 Force:5.026/5.000
2025-03-18 22:35:33,009-DEBUG-error:False, NORMAL (SETFORCE,FINISHED)Pos:47.92/0.00 Speed:0.00/-0.02, Current:480.00 Force:5.023/5.000
2025-03-18 22:35:33,108-DEBUG-error:False, NORMAL (SETFORCE,FINISHED)Pos:47.92/0.00 Speed:0.00/-0.03, Current:624.00 Force:5.024/5.000
2025-03-18 22:35:33,210-DEBUG-error:False, NORMAL (SETFORCE,FINISHED)Pos:47.92/0.00 Speed:0.00/-0.03, Current:480.00 Force:5.019/5.000
2025-03-18 22:35:33,307-DEBUG-error:False, NORMAL (SETFORCE,FINISHED)Pos:47.92/0.00 Speed:0.00/-0.05, Current:592.00 Force:5.025/5.000
2025-03-18 22:35:33,409-DEBUG-error:False, NORMAL (SETFORCE,FINISHED)Pos:47.92/0.00 Speed:-0.01/-0.04, Current:320.00 Force:5.022/5.000
2025-03-18 22:35:33,509-DEBUG-error:False, NORMAL (SETFORCE,FINISHED)Pos:47.92/0.00 Speed:-0.06/-0.04, Current:288.00 Force:5.016/5.000
2025-03-18 22:35:33,607-DEBUG-error:False, NORMAL (SETFORCE,FINISHED)Pos:47.92/0.00 Speed:0.00/-0.05, Current:400.00 Force:5.016/5.000
2025-03-18 22:35:33,715-DEBUG-error:False, NORMAL (SETFORCE,FINISHED)Pos:47.92/0.00 Speed:0.00/-0.04, Current:352.00 Force:5.011/5.000
2025-03-18 22:35:33,814-DEBUG-error:False, NORMAL (SETFORCE,FINISHED)Pos:47.92/0.00 Speed:0.00/-0.03, Current:240.00 Force:5.006/5.000
2025-03-18 22:35:33,907-DEBUG-error:False, NORMAL (SETFORCE,FINISHED)Pos:47.92/0.00 Speed:0.00/-0.03, Current:240.00 Force:5.005/5.000
2025-03-18 22:35:34,009-DEBUG-error:False, NORMAL (SETFORCE,FINISHED)Pos:47.92/0.00 Speed:0.00/-0.02, Current:208.00 Force:4.996/5.000
2025-03-18 22:35:34,113-DEBUG-error:False, NORMAL (SETFORCE,FINISHED)Pos:47.92/0.00 Speed:-0.04/-0.02, Current:80.00 Force:5.000/5.000
2025-03-18 22:35:34,217-DEBUG-error:False, NORMAL (SETFORCE,FINISHED)Pos:47.92/0.00 Speed:0.00/-0.02, Current:352.00 Force:4.997/5.000
2025-03-18 22:35:34,323-DEBUG-error:False, NORMAL (SETFORCE,FINISHED)Pos:47.92/0.00 Speed:0.00/0.01, Current:160.00 Force:4.985/5.000
2025-03-18 22:35:34,419-DEBUG-error:False, NORMAL (SETFORCE,FINISHED)Pos:47.92/0.00 Speed:0.00/0.01, Current:336.00 Force:4.988/5.000
2025-03-18 22:35:34,522-DEBUG-error:False, NORMAL (SETFORCE,FINISHED)Pos:47.92/0.00 Speed:0.00/0.00, Current:96.00 Force:4.992/5.000
2025-03-18 22:35:34,616-DEBUG-error:False, NORMAL (SETFORCE,FINISHED)Pos:47.92/0.00 Speed:0.00/0.01, Current:192.00 Force:4.988/5.000
2025-03-18 22:35:34,718-DEBUG-error:False, NORMAL (SETFORCE,FINISHED)Pos:47.92/0.00 Speed:0.00/0.01, Current:160.00 Force:4.991/5.000
2025-03-18 22:35:34,821-DEBUG-error:False, NORMAL (SETFORCE,FINISHED)Pos:47.92/0.00 Speed:0.00/0.01, Current:112.00 Force:4.990/5.000
2025-03-18 22:35:34,926-DEBUG-error:False, NORMAL (SETFORCE,FINISHED)Pos:47.92/0.00 Speed:0.00/0.03, Current:448.00 Force:4.986/5.000
2025-03-18 22:35:35,018-DEBUG-error:False, NORMAL (SETFORCE,FINISHED)Pos:47.92/0.00 Speed:0.00/0.02, Current:464.00 Force:4.992/5.000
2025-03-18 22:35:35,124-DEBUG-error:False, NORMAL (SETFORCE,FINISHED)Pos:47.92/0.00 Speed:0.00/0.03, Current:272.00 Force:4.986/5.000
2025-03-18 22:35:35,223-DEBUG-error:False, NORMAL (SETFORCE,FINISHED)Pos:47.92/0.00 Speed:0.00/0.04, Current:272.00 Force:4.986/5.000
2025-03-18 22:35:35,318-DEBUG-error:False, NORMAL (SETFORCE,FINISHED)Pos:47.92/0.00 Speed:0.00/0.04, Current:496.00 Force:4.988/5.000
2025-03-18 22:35:35,419-DEBUG-error:False, NORMAL (SETFORCE,FINISHED)Pos:47.92/0.00 Speed:0.00/0.04, Current:384.00 Force:4.989/5.000
2025-03-18 22:35:35,516-DEBUG-error:False, NORMAL (SETFORCE,FINISHED)Pos:47.92/0.00 Speed:0.00/0.04, Current:656.00 Force:4.992/5.000
2025-03-18 22:35:35,617-DEBUG-error:False, NORMAL (SETFORCE,FINISHED)Pos:47.92/0.00 Speed:0.00/0.04, Current:704.00 Force:4.995/5.000
2025-03-18 22:35:35,723-DEBUG-error:False, NORMAL (SETFORCE,FINISHED)Pos:47.92/0.00 Speed:0.00/0.03, Current:544.00 Force:5.000/5.000
2025-03-18 22:35:35,822-DEBUG-error:False, NORMAL (SETFORCE,FINISHED)Pos:47.92/0.00 Speed:0.00/0.02, Current:560.00 Force:5.003/5.000
2025-03-18 22:35:35,917-DEBUG-error:False, NORMAL (SETFORCE,FINISHED)Pos:47.92/0.00 Speed:0.08/0.02, Current:528.00 Force:5.004/5.000
2025-03-18 22:35:36,023-DEBUG-error:False, NORMAL (SETFORCE,FINISHED)Pos:47.92/0.00 Speed:0.00/0.02, Current:528.00 Force:5.005/5.000
2025-03-18 22:35:36,123-DEBUG-error:False, NORMAL (SETFORCE,FINISHED)Pos:47.92/0.00 Speed:0.00/0.01, Current:624.00 Force:5.005/5.000
2025-03-18 22:35:36,217-DEBUG-error:False, NORMAL (SETFORCE,FINISHED)Pos:47.92/0.00 Speed:0.00/0.01, Current:592.00 Force:5.008/5.000
2025-03-18 22:35:36,317-DEBUG-error:False, NORMAL (SETFORCE,FINISHED)Pos:47.92/0.00 Speed:0.00/0.01, Current:624.00 Force:5.007/5.000
2025-03-18 22:35:36,417-DEBUG-error:False, NORMAL (SETFORCE,FINISHED)Pos:47.92/0.00 Speed:0.00/0.00, Current:560.00 Force:5.009/5.000
2025-03-18 22:35:36,523-DEBUG-error:False, NORMAL (SETFORCE,FINISHED)Pos:47.92/0.00 Speed:0.00/0.00, Current:576.00 Force:5.007/5.000
2025-03-18 22:35:36,621-DEBUG-error:False, NORMAL (SETFORCE,FINISHED)Pos:47.92/0.00 Speed:0.00/-0.01, Current:672.00 Force:5.009/5.000
2025-03-18 22:35:36,717-DEBUG-error:False, NORMAL (SETFORCE,FINISHED)Pos:47.92/0.00 Speed:0.00/-0.01, Current:528.00 Force:5.010/5.000
2025-03-18 22:35:36,817-DEBUG-error:False, NORMAL (SETFORCE,FINISHED)Pos:47.92/0.00 Speed:0.00/-0.01, Current:688.00 Force:5.009/5.000
2025-03-18 22:35:36,923-DEBUG-error:False, NORMAL (SETFORCE,FINISHED)Pos:47.92/0.00 Speed:0.00/-0.01, Current:608.00 Force:5.005/5.000
2025-03-18 22:35:37,023-DEBUG-error:False, NORMAL (SETFORCE,FINISHED)Pos:47.92/0.00 Speed:0.00/-0.01, Current:544.00 Force:5.008/5.000
2025-03-18 22:35:37,134-DEBUG-error:False, NORMAL (SETFORCE,FINISHED)Pos:47.92/0.00 Speed:0.00/-0.02, Current:480.00 Force:5.009/5.000
2025-03-18 22:35:37,228-DEBUG-error:False, NORMAL (SETFORCE,FINISHED)Pos:47.92/0.00 Speed:0.00/-0.02, Current:576.00 Force:5.009/5.000
2025-03-18 22:35:37,327-DEBUG-error:False, NORMAL (SETFORCE,FINISHED)Pos:47.92/0.00 Speed:0.00/-0.02, Current:464.00 Force:5.008/5.000
2025-03-18 22:35:37,427-DEBUG-error:False, NORMAL (SETFORCE,FINISHED)Pos:47.92/0.00 Speed:0.00/-0.02, Current:416.00 Force:5.007/5.000
2025-03-18 22:35:37,536-DEBUG-error:False, NORMAL (SETFORCE,FINISHED)Pos:47.92/0.00 Speed:0.00/-0.02, Current:480.00 Force:5.005/5.000
2025-03-18 22:35:37,632-DEBUG-error:False, NORMAL (SETFORCE,FINISHED)Pos:47.92/0.00 Speed:0.00/-0.02, Current:592.00 Force:5.006/5.000
2025-03-18 22:35:37,728-DEBUG-error:False, NORMAL (SETFORCE,FINISHED)Pos:47.92/0.00 Speed:0.00/-0.03, Current:352.00 Force:5.009/5.000
2025-03-18 22:35:37,828-DEBUG-error:False, NORMAL (SETFORCE,FINISHED)Pos:47.92/0.00 Speed:0.00/-0.03, Current:400.00 Force:5.007/5.000
2025-03-18 22:35:37,927-DEBUG-error:False, NORMAL (SETFORCE,FINISHED)Pos:47.92/0.00 Speed:0.00/-0.02, Current:368.00 Force:5.003/5.000
2025-03-18 22:35:38,027-DEBUG-error:False, NORMAL (SETFORCE,FINISHED)Pos:47.92/0.00 Speed:0.00/-0.03, Current:352.00 Force:5.004/5.000
2025-03-18 22:35:38,130-DEBUG-error:False, NORMAL (SETFORCE,FINISHED)Pos:47.92/0.00 Speed:0.00/-0.02, Current:336.00 Force:5.002/5.000
2025-03-18 22:35:38,229-DEBUG-error:False, NORMAL (SETFORCE,FINISHED)Pos:47.92/0.00 Speed:0.00/-0.02, Current:384.00 Force:5.000/5.000
2025-03-18 22:35:38,333-DEBUG-error:False, NORMAL (SETFORCE,FINISHED)Pos:47.92/0.00 Speed:0.00/-0.02, Current:288.00 Force:5.001/5.000
2025-03-18 22:35:38,430-DEBUG-error:False, NORMAL (SETFORCE,FINISHED)Pos:47.92/0.00 Speed:0.00/-0.01, Current:480.00 Force:4.996/5.000
2025-03-18 22:35:38,527-DEBUG-error:False, NORMAL (SETFORCE,FINISHED)Pos:47.92/0.00 Speed:0.00/-0.01, Current:256.00 Force:4.996/5.000
2025-03-18 22:35:38,634-DEBUG-error:False, NORMAL (SETFORCE,FINISHED)Pos:47.92/0.00 Speed:0.00/-0.01, Current:224.00 Force:4.998/5.000
2025-03-18 22:35:38,728-DEBUG-error:False, NORMAL (SETFORCE,FINISHED)Pos:47.92/0.00 Speed:0.00/-0.00, Current:480.00 Force:4.992/5.000
2025-03-18 22:35:38,835-DEBUG-error:False, NORMAL (SETFORCE,FINISHED)Pos:47.92/0.00 Speed:0.00/-0.00, Current:288.00 Force:4.994/5.000
2025-03-18 22:35:38,931-DEBUG-error:False, NORMAL (SETFORCE,FINISHED)Pos:47.92/0.00 Speed:0.00/0.00, Current:176.00 Force:4.992/5.000
2025-03-18 22:35:39,030-DEBUG-error:False, NORMAL (SETFORCE,FINISHED)Pos:47.92/0.00 Speed:0.00/0.01, Current:384.00 Force:4.992/5.000
2025-03-18 22:35:39,128-DEBUG-error:False, NORMAL (SETFORCE,FINISHED)Pos:47.92/0.00 Speed:0.00/0.01, Current:224.00 Force:4.994/5.000
2025-03-18 22:35:39,227-DEBUG-error:False, NORMAL (SETFORCE,FINISHED)Pos:47.92/0.00 Speed:0.00/0.01, Current:256.00 Force:4.991/5.000
2025-03-18 22:35:39,331-DEBUG-error:False, NORMAL (SETFORCE,FINISHED)Pos:47.92/0.00 Speed:0.00/0.02, Current:240.00 Force:4.991/5.000
2025-03-18 22:35:39,435-DEBUG-error:False, NORMAL (SETFORCE,FINISHED)Pos:47.92/0.00 Speed:0.00/0.01, Current:400.00 Force:4.994/5.000
2025-03-18 22:35:39,526-DEBUG-error:False, NORMAL (SETFORCE,FINISHED)Pos:47.92/0.00 Speed:0.00/0.02, Current:512.00 Force:4.993/5.000
2025-03-18 22:35:39,628-DEBUG-error:False, NORMAL (SETFORCE,FINISHED)Pos:47.92/0.00 Speed:0.00/0.02, Current:496.00 Force:4.993/5.000
2025-03-18 22:35:39,734-DEBUG-error:False, NORMAL (SETFORCE,FINISHED)Pos:47.92/0.00 Speed:0.00/0.02, Current:560.00 Force:4.993/5.000
2025-03-18 22:35:39,828-DEBUG-error:False, NORMAL (SETFORCE,FINISHED)Pos:47.92/0.00 Speed:0.00/0.02, Current:400.00 Force:4.998/5.000
2025-03-18 22:35:39,933-DEBUG-error:False, NORMAL (SETFORCE,FINISHED)Pos:47.92/0.00 Speed:0.00/0.03, Current:496.00 Force:4.991/5.000
2025-03-18 22:35:40,034-DEBUG-error:False, NORMAL (SETFORCE,FINISHED)Pos:47.92/0.00 Speed:0.00/0.03, Current:448.00 Force:4.991/5.000
2025-03-18 22:35:40,128-DEBUG-error:False, NORMAL (SETFORCE,FINISHED)Pos:47.92/0.00 Speed:0.00/0.03, Current:416.00 Force:4.992/5.000
2025-03-18 22:35:40,233-DEBUG-error:False, NORMAL (SETFORCE,FINISHED)Pos:47.92/0.00 Speed:0.00/0.02, Current:496.00 Force:4.999/5.000
2025-03-18 22:35:40,328-DEBUG-error:False, NORMAL (SETFORCE,FINISHED)Pos:47.92/0.00 Speed:0.00/0.03, Current:496.00 Force:4.996/5.000
2025-03-18 22:35:40,433-DEBUG-error:False, NORMAL (SETFORCE,FINISHED)Pos:47.92/0.00 Speed:0.00/0.03, Current:560.00 Force:4.997/5.000
2025-03-18 22:35:40,530-DEBUG-error:False, NORMAL (SETFORCE,FINISHED)Pos:47.92/0.00 Speed:0.00/0.03, Current:544.00 Force:4.999/5.000
2025-03-18 22:35:40,627-DEBUG-error:False, NORMAL (SETFORCE,FINISHED)Pos:47.92/0.00 Speed:0.03/0.01, Current:752.00 Force:5.004/5.000
2025-03-18 22:35:40,732-DEBUG-error:False, NORMAL (SETFORCE,FINISHED)Pos:47.92/0.00 Speed:0.00/0.02, Current:752.00 Force:5.002/5.000
2025-03-18 22:35:40,832-DEBUG-error:False, NORMAL (SETFORCE,FINISHED)Pos:47.92/0.00 Speed:0.00/0.00, Current:576.00 Force:5.010/5.000
2025-03-18 22:35:40,936-DEBUG-error:False, NORMAL (SETFORCE,FINISHED)Pos:47.92/0.00 Speed:0.00/0.01, Current:608.00 Force:5.006/5.000
2025-03-18 22:35:41,027-DEBUG-error:False, NORMAL (SETFORCE,FINISHED)Pos:47.92/0.00 Speed:0.00/-0.00, Current:592.00 Force:5.008/5.000
2025-03-18 22:35:41,132-DEBUG-error:False, NORMAL (SETFORCE,FINISHED)Pos:47.92/0.00 Speed:0.00/-0.00, Current:752.00 Force:5.008/5.000
2025-03-18 22:35:41,228-DEBUG-error:False, NORMAL (SETFORCE,FINISHED)Pos:47.92/0.00 Speed:0.00/-0.00, Current:576.00 Force:5.008/5.000
2025-03-18 22:35:41,333-DEBUG-error:False, NORMAL (SETFORCE,FINISHED)Pos:47.92/0.00 Speed:0.00/-0.00, Current:544.00 Force:5.005/5.000
2025-03-18 22:35:41,431-DEBUG-error:False, NORMAL (SETFORCE,FINISHED)Pos:47.92/0.00 Speed:0.00/-0.01, Current:752.00 Force:5.008/5.000
2025-03-18 22:35:41,532-DEBUG-error:False, NORMAL (SETFORCE,FINISHED)Pos:47.92/0.00 Speed:0.00/-0.01, Current:480.00 Force:5.008/5.000
2025-03-18 22:35:41,634-DEBUG-error:False, NORMAL (SETFORCE,FINISHED)Pos:47.92/0.00 Speed:0.00/-0.02, Current:512.00 Force:5.010/5.000
2025-03-18 22:35:41,727-DEBUG-error:False, NORMAL (SETFORCE,FINISHED)Pos:47.92/0.00 Speed:0.00/-0.03, Current:464.00 Force:5.012/5.000
2025-03-18 22:35:41,832-DEBUG-error:False, NORMAL (SETFORCE,FINISHED)Pos:47.92/0.00 Speed:0.00/-0.02, Current:640.00 Force:5.007/5.000
2025-03-18 22:35:41,933-DEBUG-error:False, NORMAL (SETFORCE,FINISHED)Pos:47.92/0.00 Speed:0.00/-0.03, Current:544.00 Force:5.011/5.000
2025-03-18 22:35:42,032-DEBUG-error:False, NORMAL (SETFORCE,FINISHED)Pos:47.92/0.00 Speed:0.00/-0.03, Current:432.00 Force:5.010/5.000
2025-03-18 22:35:42,132-DEBUG-error:False, NORMAL (SETFORCE,FINISHED)Pos:47.92/0.00 Speed:0.00/-0.03, Current:384.00 Force:5.007/5.000
2025-03-18 22:35:42,236-DEBUG-error:False, NORMAL (SETFORCE,FINISHED)Pos:47.92/0.00 Speed:0.00/-0.03, Current:480.00 Force:5.006/5.000
2025-03-18 22:35:42,343-DEBUG-error:False, NORMAL (SETFORCE,FINISHED)Pos:47.92/0.00 Speed:0.00/-0.03, Current:448.00 Force:5.006/5.000
2025-03-18 22:35:42,438-DEBUG-error:False, NORMAL (SETFORCE,FINISHED)Pos:47.92/0.00 Speed:0.00/-0.04, Current:304.00 Force:5.007/5.000
2025-03-18 22:35:42,462-WARNING-Client: Release DexHand.
2025-03-18 22:35:42,483-DEBUG-Hand: DexHand control access has been released.
2025-03-18 22:35:42,483-INFO-Client: exiting program.
