2025-03-23 00:17:13,236-INFO-Client: Start DexHand client.
2025-03-23 00:17:13,237-INFO-Client: Try to start DexHand server.
2025-03-23 00:17:14,142-ERROR-Client: Timeout. DexHand Server may be not available.
2025-03-23 00:17:14,238-WARNING-Client: Timeout. The package may be lost.
2025-03-23 00:17:14,238-INFO-Client: exiting program.
2025-03-23 00:17:30,758-INFO-Client: Start DexHand client.
2025-03-23 00:17:30,758-INFO-Client: Try to start DexHand server.
2025-03-23 00:17:31,664-ERROR-Client: Timeout. DexHand Server may be not available.
2025-03-23 00:17:31,759-WARNING-Client: Timeout. The package may be lost.
2025-03-23 00:17:31,760-INFO-Client: exiting program.
2025-03-23 00:18:22,297-INFO-Client: Start DexHand client.
2025-03-23 00:18:22,297-INFO-Client: Try to start DexHand server.
2025-03-23 00:18:22,302-INFO-Server: Starting server...
2025-03-23 00:18:22,621-INFO-Hand: DexHand has initialized successfully.
2025-03-23 00:18:22,783-DEBUG-error:False, CONTACT (EMPTY,RUNNING)Pos:0.06/0.00 Speed:0.00/0.00, Current:-176.00 Force:-0.007/0.000
2025-03-23 00:18:22,884-DEBUG-error:False, CONTACT (EMPTY,RUNNING)Pos:0.06/0.00 Speed:0.00/0.00, Current:256.00 Force:-0.007/0.000
2025-03-23 00:18:22,984-DEBUG-error:False, CONTACT (EMPTY,RUNNING)Pos:0.06/0.00 Speed:0.00/0.00, Current:192.00 Force:-0.008/0.000
2025-03-23 00:18:23,084-DEBUG-error:False, CONTACT (EMPTY,RUNNING)Pos:0.06/0.00 Speed:0.00/0.00, Current:-112.00 Force:-0.007/0.000
2025-03-23 00:18:23,184-DEBUG-error:False, CONTACT (EMPTY,RUNNING)Pos:0.06/0.00 Speed:0.00/0.00, Current:-128.00 Force:-0.009/0.000
2025-03-23 00:18:23,284-DEBUG-error:False, CONTACT (EMPTY,RUNNING)Pos:0.06/0.00 Speed:0.00/0.00, Current:-240.00 Force:-0.006/0.000
2025-03-23 00:18:23,383-DEBUG-error:False, CONTACT (EMPTY,RUNNING)Pos:0.06/0.00 Speed:0.00/0.00, Current:-112.00 Force:-0.008/0.000
2025-03-23 00:18:23,483-DEBUG-error:False, CONTACT (EMPTY,RUNNING)Pos:0.06/0.00 Speed:0.00/0.00, Current:-112.00 Force:-0.008/0.000
2025-03-23 00:18:23,583-DEBUG-error:False, CONTACT (EMPTY,RUNNING)Pos:0.06/0.00 Speed:0.00/0.00, Current:-208.00 Force:-0.009/0.000
2025-03-23 00:18:23,683-DEBUG-error:False, CONTACT (EMPTY,RUNNING)Pos:0.06/0.00 Speed:0.00/0.00, Current:16.00 Force:-0.007/0.000
2025-03-23 00:18:23,785-DEBUG-error:False, CONTACT (EMPTY,RUNNING)Pos:0.06/0.00 Speed:0.00/0.00, Current:-96.00 Force:-0.007/0.000
2025-03-23 00:18:23,933-DEBUG-error:False, CONTACT (EMPTY,RUNNING)Pos:0.06/0.00 Speed:0.00/0.00, Current:-32.00 Force:-0.007/0.000
2025-03-23 00:18:24,033-DEBUG-error:False, CONTACT (EMPTY,RUNNING)Pos:0.06/0.00 Speed:0.00/0.00, Current:32.00 Force:-0.008/0.000
2025-03-23 00:18:24,134-DEBUG-error:False, CONTACT (EMPTY,RUNNING)Pos:0.06/0.00 Speed:0.00/0.00, Current:-64.00 Force:-0.008/0.000
2025-03-23 00:18:24,233-DEBUG-error:False, CONTACT (EMPTY,RUNNING)Pos:0.06/0.00 Speed:0.00/0.00, Current:-144.00 Force:-0.007/0.000
2025-03-23 00:18:24,333-DEBUG-error:False, CONTACT (EMPTY,RUNNING)Pos:0.06/0.00 Speed:0.00/0.00, Current:-48.00 Force:-0.008/0.000
2025-03-23 00:18:24,433-DEBUG-error:False, CONTACT (EMPTY,RUNNING)Pos:0.06/0.00 Speed:0.00/0.00, Current:-288.00 Force:-0.009/0.000
2025-03-23 00:18:24,533-DEBUG-error:False, CONTACT (EMPTY,RUNNING)Pos:0.06/0.00 Speed:0.00/0.00, Current:-240.00 Force:-0.010/0.000
2025-03-23 00:18:24,633-DEBUG-error:False, CONTACT (EMPTY,RUNNING)Pos:0.06/0.00 Speed:0.00/0.00, Current:-48.00 Force:-0.008/0.000
2025-03-23 00:18:24,733-DEBUG-error:False, CONTACT (EMPTY,RUNNING)Pos:0.06/0.00 Speed:0.00/0.00, Current:0.00 Force:-0.011/0.000
2025-03-23 00:18:24,833-DEBUG-error:False, CONTACT (EMPTY,RUNNING)Pos:0.06/0.00 Speed:0.00/0.00, Current:288.00 Force:-0.009/0.000
2025-03-23 00:18:24,933-DEBUG-error:False, CONTACT (EMPTY,RUNNING)Pos:0.06/0.00 Speed:0.00/0.00, Current:-208.00 Force:-0.007/0.000
2025-03-23 00:18:25,033-DEBUG-error:False, CONTACT (EMPTY,RUNNING)Pos:0.06/0.00 Speed:0.00/0.00, Current:256.00 Force:-0.010/0.000
2025-03-23 00:18:25,133-DEBUG-error:False, CONTACT (EMPTY,RUNNING)Pos:0.06/0.00 Speed:0.00/0.00, Current:-144.00 Force:-0.010/0.000
2025-03-23 00:18:25,232-DEBUG-error:False, CONTACT (EMPTY,RUNNING)Pos:0.06/0.00 Speed:0.00/0.00, Current:240.00 Force:-0.006/0.000
2025-03-23 00:18:25,333-DEBUG-error:False, CONTACT (EMPTY,RUNNING)Pos:0.06/0.00 Speed:0.00/0.00, Current:128.00 Force:-0.006/0.000
2025-03-23 00:18:25,433-DEBUG-error:False, CONTACT (EMPTY,RUNNING)Pos:0.06/0.00 Speed:0.00/0.00, Current:-144.00 Force:-0.009/0.000
2025-03-23 00:18:25,533-DEBUG-error:False, CONTACT (EMPTY,RUNNING)Pos:0.06/0.00 Speed:0.00/0.00, Current:16.00 Force:-0.005/0.000
2025-03-23 00:18:25,633-DEBUG-error:False, CONTACT (EMPTY,RUNNING)Pos:0.06/0.00 Speed:0.00/0.00, Current:-80.00 Force:-0.009/0.000
2025-03-23 00:18:25,733-DEBUG-error:False, CONTACT (EMPTY,RUNNING)Pos:0.06/0.00 Speed:0.00/0.00, Current:-64.00 Force:-0.009/0.000
2025-03-23 00:18:25,833-DEBUG-error:False, CONTACT (EMPTY,RUNNING)Pos:0.06/0.00 Speed:0.00/0.00, Current:0.00 Force:-0.007/0.000
2025-03-23 00:18:25,933-DEBUG-error:False, CONTACT (EMPTY,RUNNING)Pos:0.06/0.00 Speed:0.00/0.00, Current:352.00 Force:-0.008/0.000
2025-03-23 00:18:26,033-DEBUG-error:False, CONTACT (EMPTY,RUNNING)Pos:0.06/0.00 Speed:0.00/0.00, Current:-224.00 Force:-0.007/0.000
2025-03-23 00:18:26,133-DEBUG-error:False, CONTACT (EMPTY,RUNNING)Pos:0.06/0.00 Speed:0.00/0.00, Current:-160.00 Force:-0.007/0.000
2025-03-23 00:18:26,234-DEBUG-error:False, CONTACT (EMPTY,RUNNING)Pos:0.06/0.00 Speed:0.00/0.00, Current:-160.00 Force:-0.007/0.000
2025-03-23 00:18:26,333-DEBUG-error:False, CONTACT (EMPTY,RUNNING)Pos:0.06/0.00 Speed:0.00/0.00, Current:-80.00 Force:-0.009/0.000
2025-03-23 00:18:26,433-DEBUG-error:False, CONTACT (EMPTY,RUNNING)Pos:0.06/0.00 Speed:0.00/0.00, Current:160.00 Force:-0.009/0.000
2025-03-23 00:18:26,533-DEBUG-error:False, CONTACT (EMPTY,RUNNING)Pos:0.06/0.00 Speed:0.00/0.00, Current:176.00 Force:-0.007/0.000
2025-03-23 00:18:26,633-DEBUG-error:False, CONTACT (EMPTY,RUNNING)Pos:0.06/0.00 Speed:0.00/0.00, Current:-304.00 Force:-0.009/0.000
2025-03-23 00:18:26,773-DEBUG-error:False, CONTACT (EMPTY,RUNNING)Pos:0.06/0.00 Speed:0.00/0.00, Current:-128.00 Force:-0.008/0.000
2025-03-23 00:18:26,913-DEBUG-error:False, CONTACT (EMPTY,RUNNING)Pos:0.06/0.00 Speed:0.00/0.00, Current:432.00 Force:-0.009/0.000
2025-03-23 00:18:27,012-DEBUG-error:False, CONTACT (EMPTY,RUNNING)Pos:0.06/0.00 Speed:0.00/0.00, Current:-304.00 Force:-0.007/0.000
2025-03-23 00:18:27,113-DEBUG-error:False, CONTACT (EMPTY,RUNNING)Pos:0.06/0.00 Speed:0.00/0.00, Current:-48.00 Force:-0.007/0.000
2025-03-23 00:18:27,212-DEBUG-error:False, CONTACT (EMPTY,RUNNING)Pos:0.06/0.00 Speed:0.00/0.00, Current:-160.00 Force:-0.008/0.000
2025-03-23 00:18:27,314-DEBUG-error:False, CONTACT (EMPTY,RUNNING)Pos:0.06/0.00 Speed:0.00/0.00, Current:0.00 Force:-0.006/0.000
2025-03-23 00:18:27,413-DEBUG-error:False, CONTACT (EMPTY,RUNNING)Pos:0.06/0.00 Speed:0.00/0.00, Current:-48.00 Force:-0.010/0.000
2025-03-23 00:18:27,513-DEBUG-error:False, CONTACT (EMPTY,RUNNING)Pos:0.06/0.00 Speed:0.00/0.00, Current:-208.00 Force:-0.007/0.000
2025-03-23 00:18:27,613-DEBUG-error:False, CONTACT (EMPTY,RUNNING)Pos:0.06/0.00 Speed:0.00/0.00, Current:-144.00 Force:-0.009/0.000
2025-03-23 00:18:27,745-DEBUG-error:False, CONTACT (EMPTY,RUNNING)Pos:0.06/0.00 Speed:0.00/0.00, Current:208.00 Force:-0.007/0.000
2025-03-23 00:18:27,843-DEBUG-error:False, CONTACT (EMPTY,RUNNING)Pos:0.06/0.00 Speed:0.00/0.00, Current:-208.00 Force:-0.008/0.000
2025-03-23 00:18:27,943-DEBUG-error:False, CONTACT (EMPTY,RUNNING)Pos:0.06/0.00 Speed:0.00/0.00, Current:-32.00 Force:-0.007/0.000
2025-03-23 00:18:28,043-DEBUG-error:False, CONTACT (EMPTY,RUNNING)Pos:0.06/0.00 Speed:0.00/0.00, Current:32.00 Force:-0.008/0.000
2025-03-23 00:18:28,144-DEBUG-error:False, CONTACT (EMPTY,RUNNING)Pos:0.06/0.00 Speed:0.00/0.00, Current:-192.00 Force:-0.006/0.000
2025-03-23 00:18:28,246-DEBUG-error:False, CONTACT (EMPTY,RUNNING)Pos:0.06/0.00 Speed:0.00/0.00, Current:-112.00 Force:-0.006/0.000
2025-03-23 00:18:28,343-DEBUG-error:False, CONTACT (EMPTY,RUNNING)Pos:0.06/0.00 Speed:0.00/0.00, Current:112.00 Force:-0.006/0.000
2025-03-23 00:18:28,443-DEBUG-error:False, CONTACT (EMPTY,RUNNING)Pos:0.06/0.00 Speed:0.00/0.00, Current:16.00 Force:-0.008/0.000
2025-03-23 00:18:28,543-DEBUG-error:False, CONTACT (EMPTY,RUNNING)Pos:0.06/0.00 Speed:0.00/0.00, Current:-64.00 Force:-0.005/0.000
2025-03-23 00:18:28,643-DEBUG-error:False, CONTACT (EMPTY,RUNNING)Pos:0.06/0.00 Speed:0.00/0.00, Current:64.00 Force:-0.010/0.000
2025-03-23 00:18:28,743-DEBUG-error:False, CONTACT (EMPTY,RUNNING)Pos:0.06/0.00 Speed:0.00/0.00, Current:-112.00 Force:-0.010/0.000
2025-03-23 00:18:28,842-DEBUG-error:False, CONTACT (EMPTY,RUNNING)Pos:0.06/0.00 Speed:0.00/0.00, Current:-112.00 Force:-0.009/0.000
2025-03-23 00:18:28,945-DEBUG-error:False, CONTACT (EMPTY,RUNNING)Pos:0.06/0.00 Speed:0.00/0.00, Current:-96.00 Force:-0.005/0.000
2025-03-23 00:18:29,043-DEBUG-error:False, CONTACT (EMPTY,RUNNING)Pos:0.06/0.00 Speed:0.00/0.00, Current:0.00 Force:-0.009/0.000
2025-03-23 00:18:29,142-DEBUG-error:False, CONTACT (EMPTY,RUNNING)Pos:0.06/0.00 Speed:0.00/0.00, Current:-272.00 Force:-0.006/0.000
2025-03-23 00:18:29,245-DEBUG-error:False, CONTACT (EMPTY,RUNNING)Pos:0.06/0.00 Speed:0.00/0.00, Current:256.00 Force:-0.008/0.000
2025-03-23 00:18:29,343-DEBUG-error:False, CONTACT (EMPTY,RUNNING)Pos:0.06/0.00 Speed:0.00/0.00, Current:-48.00 Force:-0.006/0.000
2025-03-23 00:18:29,443-DEBUG-error:False, CONTACT (EMPTY,RUNNING)Pos:0.06/0.00 Speed:0.00/0.00, Current:-208.00 Force:-0.009/0.000
2025-03-23 00:18:29,542-DEBUG-error:False, CONTACT (EMPTY,RUNNING)Pos:0.06/0.00 Speed:0.00/0.00, Current:0.00 Force:-0.007/0.000
2025-03-23 00:18:29,642-DEBUG-error:False, CONTACT (EMPTY,RUNNING)Pos:0.06/0.00 Speed:0.00/0.00, Current:-112.00 Force:-0.009/0.000
2025-03-23 00:18:29,744-DEBUG-error:False, CONTACT (EMPTY,RUNNING)Pos:0.06/0.00 Speed:0.00/0.00, Current:208.00 Force:-0.012/0.000
2025-03-23 00:18:29,842-DEBUG-error:False, CONTACT (EMPTY,RUNNING)Pos:0.06/0.00 Speed:0.00/0.00, Current:-16.00 Force:-0.009/0.000
2025-03-23 00:18:29,942-DEBUG-error:False, CONTACT (EMPTY,RUNNING)Pos:0.06/0.00 Speed:0.00/0.00, Current:-256.00 Force:-0.007/0.000
2025-03-23 00:18:30,043-DEBUG-error:False, CONTACT (EMPTY,RUNNING)Pos:0.06/0.00 Speed:0.00/0.00, Current:-32.00 Force:-0.006/0.000
2025-03-23 00:18:30,143-DEBUG-error:False, CONTACT (EMPTY,RUNNING)Pos:0.06/0.00 Speed:0.00/0.00, Current:432.00 Force:-0.008/0.000
2025-03-23 00:18:30,243-DEBUG-error:False, CONTACT (EMPTY,RUNNING)Pos:0.06/0.00 Speed:0.00/0.00, Current:64.00 Force:-0.009/0.000
2025-03-23 00:18:30,342-DEBUG-error:False, CONTACT (EMPTY,RUNNING)Pos:0.06/0.00 Speed:0.00/0.00, Current:32.00 Force:-0.005/0.000
2025-03-23 00:18:30,442-DEBUG-error:False, CONTACT (EMPTY,RUNNING)Pos:0.06/0.00 Speed:0.00/0.00, Current:-32.00 Force:-0.009/0.000
2025-03-23 00:18:30,542-DEBUG-error:False, CONTACT (EMPTY,RUNNING)Pos:0.06/0.00 Speed:0.00/0.00, Current:240.00 Force:-0.006/0.000
2025-03-23 00:18:30,643-DEBUG-error:False, CONTACT (EMPTY,RUNNING)Pos:0.06/0.00 Speed:0.00/0.00, Current:16.00 Force:-0.009/0.000
2025-03-23 00:18:30,743-DEBUG-error:False, CONTACT (EMPTY,RUNNING)Pos:0.06/0.00 Speed:0.00/0.00, Current:-160.00 Force:-0.009/0.000
2025-03-23 00:18:30,842-DEBUG-error:False, CONTACT (EMPTY,RUNNING)Pos:0.06/0.00 Speed:0.00/0.00, Current:-96.00 Force:-0.008/0.000
2025-03-23 00:18:30,945-DEBUG-error:False, CONTACT (EMPTY,RUNNING)Pos:0.06/0.00 Speed:0.00/0.00, Current:-96.00 Force:-0.008/0.000
2025-03-23 00:18:31,068-DEBUG-error:False, CONTACT (EMPTY,RUNNING)Pos:0.06/0.00 Speed:0.00/0.00, Current:0.00 Force:-0.008/0.000
2025-03-23 00:18:31,182-DEBUG-error:False, CONTACT (EMPTY,RUNNING)Pos:0.06/0.00 Speed:0.00/0.00, Current:-48.00 Force:-0.008/0.000
2025-03-23 00:18:31,291-DEBUG-error:False, CONTACT (EMPTY,RUNNING)Pos:0.06/0.00 Speed:0.00/0.00, Current:-48.00 Force:-0.005/0.000
2025-03-23 00:18:31,392-DEBUG-error:False, CONTACT (EMPTY,RUNNING)Pos:0.06/0.00 Speed:0.00/0.00, Current:64.00 Force:-0.011/0.000
2025-03-23 00:18:31,493-DEBUG-error:False, CONTACT (EMPTY,RUNNING)Pos:0.06/0.00 Speed:0.00/0.00, Current:-64.00 Force:-0.008/0.000
2025-03-23 00:18:31,592-DEBUG-error:False, CONTACT (EMPTY,RUNNING)Pos:0.06/0.00 Speed:0.00/0.00, Current:64.00 Force:-0.012/0.000
2025-03-23 00:18:31,692-DEBUG-error:False, CONTACT (EMPTY,RUNNING)Pos:0.06/0.00 Speed:0.00/0.00, Current:-80.00 Force:-0.004/0.000
2025-03-23 00:18:31,796-DEBUG-error:False, CONTACT (EMPTY,RUNNING)Pos:0.06/0.00 Speed:0.00/0.00, Current:-176.00 Force:-0.007/0.000
2025-03-23 00:18:31,893-DEBUG-error:False, CONTACT (EMPTY,RUNNING)Pos:0.06/0.00 Speed:0.00/0.00, Current:-64.00 Force:-0.006/0.000
2025-03-23 00:18:31,996-DEBUG-error:False, CONTACT (EMPTY,RUNNING)Pos:0.06/0.00 Speed:0.00/0.00, Current:-240.00 Force:-0.006/0.000
2025-03-23 00:18:32,093-DEBUG-error:False, CONTACT (EMPTY,RUNNING)Pos:0.06/0.00 Speed:0.00/0.00, Current:32.00 Force:-0.007/0.000
2025-03-23 00:18:32,192-DEBUG-error:False, CONTACT (EMPTY,RUNNING)Pos:0.06/0.00 Speed:0.00/0.00, Current:-128.00 Force:-0.008/0.000
2025-03-23 00:18:32,293-DEBUG-error:False, CONTACT (EMPTY,RUNNING)Pos:0.06/0.00 Speed:0.00/0.00, Current:-112.00 Force:-0.007/0.000
2025-03-23 00:18:32,392-DEBUG-error:False, CONTACT (EMPTY,RUNNING)Pos:0.06/0.00 Speed:0.00/0.00, Current:0.00 Force:-0.009/0.000
2025-03-23 00:18:32,493-DEBUG-error:False, CONTACT (EMPTY,RUNNING)Pos:0.06/0.00 Speed:0.00/0.00, Current:-96.00 Force:-0.007/0.000
2025-03-23 00:18:32,592-DEBUG-error:False, CONTACT (EMPTY,RUNNING)Pos:0.06/0.00 Speed:0.00/0.00, Current:-128.00 Force:-0.005/0.000
2025-03-23 00:18:32,694-DEBUG-error:False, CONTACT (EMPTY,RUNNING)Pos:0.06/0.00 Speed:0.00/0.00, Current:368.00 Force:-0.009/0.000
2025-03-23 00:18:32,741-INFO-Tac3D: Tac3D has initialized successfully
2025-03-23 00:18:32,741-INFO-Server: Started.
2025-03-23 00:18:32,742-INFO-Client: exiting program.
2025-03-23 01:32:04,074-INFO-Client: Start DexHand client.
2025-03-23 01:32:04,074-INFO-Client: Try to start DexHand server.
2025-03-23 01:32:04,980-ERROR-Client: Timeout. DexHand Server may be not available.
2025-03-23 01:32:05,075-WARNING-Client: Timeout. The package may be lost.
2025-03-23 01:32:05,076-INFO-Client: exiting program.
2025-03-23 01:32:31,119-INFO-Client: Start DexHand client.
2025-03-23 01:32:31,120-INFO-Client: Try to start DexHand server.
2025-03-23 01:32:31,124-INFO-Server: Starting server...
2025-03-23 01:32:31,124-INFO-Server: Started.
2025-03-23 01:32:31,125-INFO-Client: exiting program.
2025-03-23 01:35:19,140-INFO-Client: Start DexHand client.
2025-03-23 01:35:19,141-INFO-Client: Try to start DexHand server.
2025-03-23 01:35:19,145-INFO-Server: Starting server...
2025-03-23 01:35:19,145-INFO-Server: Started.
2025-03-23 01:35:19,146-INFO-Client: Acquire DexHand control.
2025-03-23 01:35:19,189-DEBUG-Hand: Hand is under control.
2025-03-23 01:35:19,189-INFO-Client: Set DexHand's position zeropoint.
2025-03-23 01:35:19,192-INFO-Hand: Finding home position...
2025-03-23 01:35:19,232-DEBUG-error:False, SETHOME (SETZERO,RUNNING)Pos:47.15/0.00 Speed:-3.46/-4.00, Current:-336.00 Force:0.429/0.500
2025-03-23 01:35:19,332-DEBUG-error:False, SETHOME (SETZERO,RUNNING)Pos:46.77/0.00 Speed:-4.05/-4.00, Current:-288.00 Force:-0.081/0.500
2025-03-23 01:35:19,432-DEBUG-error:False, SETHOME (SETZERO,RUNNING)Pos:46.38/0.00 Speed:-3.97/-4.00, Current:-448.00 Force:-0.004/0.500
2025-03-23 01:35:19,532-DEBUG-error:False, SETHOME (SETZERO,RUNNING)Pos:45.98/0.00 Speed:-3.92/-4.00, Current:-384.00 Force:-0.008/0.500
2025-03-23 01:35:19,632-DEBUG-error:False, SETHOME (SETZERO,RUNNING)Pos:45.58/0.00 Speed:-4.16/-4.00, Current:-336.00 Force:-0.005/0.500
2025-03-23 01:35:19,731-DEBUG-error:False, SETHOME (SETZERO,RUNNING)Pos:45.17/0.00 Speed:-4.13/-4.00, Current:-32.00 Force:-0.005/0.500
2025-03-23 01:35:19,833-DEBUG-error:False, SETHOME (SETZERO,RUNNING)Pos:44.77/0.00 Speed:-3.99/-4.00, Current:-240.00 Force:-0.009/0.500
2025-03-23 01:35:19,933-DEBUG-error:False, SETHOME (SETZERO,RUNNING)Pos:44.37/0.00 Speed:-3.91/-4.00, Current:-304.00 Force:-0.007/0.500
2025-03-23 01:35:20,032-DEBUG-error:False, SETHOME (SETZERO,RUNNING)Pos:43.97/0.00 Speed:-4.06/-4.00, Current:-256.00 Force:-0.005/0.500
2025-03-23 01:35:20,134-DEBUG-error:False, SETHOME (SETZERO,RUNNING)Pos:43.56/0.00 Speed:-4.16/-4.00, Current:-288.00 Force:-0.004/0.500
2025-03-23 01:35:20,231-DEBUG-error:False, SETHOME (SETZERO,RUNNING)Pos:43.17/0.00 Speed:-3.73/-4.00, Current:-368.00 Force:-0.008/0.500
2025-03-23 01:35:20,331-DEBUG-error:False, SETHOME (SETZERO,RUNNING)Pos:42.76/0.00 Speed:-3.85/-4.00, Current:-336.00 Force:-0.003/0.500
2025-03-23 01:35:20,431-DEBUG-error:False, SETHOME (SETZERO,RUNNING)Pos:42.36/0.00 Speed:-4.19/-4.00, Current:-240.00 Force:-0.007/0.500
2025-03-23 01:35:20,532-DEBUG-error:False, SETHOME (SETZERO,RUNNING)Pos:41.96/0.00 Speed:-4.08/-4.00, Current:-464.00 Force:-0.009/0.500
2025-03-23 01:35:20,631-DEBUG-error:False, SETHOME (SETZERO,RUNNING)Pos:41.57/0.00 Speed:-3.78/-4.00, Current:-336.00 Force:-0.010/0.500
2025-03-23 01:35:20,731-DEBUG-error:False, SETHOME (SETZERO,RUNNING)Pos:41.17/0.00 Speed:-4.04/-4.00, Current:-528.00 Force:-0.007/0.500
2025-03-23 01:35:20,834-DEBUG-error:False, SETHOME (SETZERO,RUNNING)Pos:40.77/0.00 Speed:-3.97/-4.00, Current:-224.00 Force:-0.009/0.500
2025-03-23 01:35:20,932-DEBUG-error:False, SETHOME (SETZERO,RUNNING)Pos:40.37/0.00 Speed:-3.97/-4.00, Current:-800.00 Force:-0.007/0.500
2025-03-23 01:35:21,033-DEBUG-error:False, SETHOME (SETZERO,RUNNING)Pos:39.97/0.00 Speed:-3.95/-4.00, Current:-384.00 Force:0.034/0.500
2025-03-23 01:35:21,131-DEBUG-error:False, SETHOME (SETZERO,RUNNING)Pos:39.56/0.00 Speed:-4.08/-4.00, Current:-336.00 Force:0.033/0.500
2025-03-23 01:35:21,236-DEBUG-error:False, SETHOME (SETZERO,RUNNING)Pos:39.16/0.00 Speed:-4.13/-4.00, Current:-240.00 Force:0.017/0.500
2025-03-23 01:35:21,331-DEBUG-error:False, SETHOME (SETZERO,RUNNING)Pos:38.76/0.00 Speed:-4.01/-4.00, Current:-368.00 Force:0.048/0.500
2025-03-23 01:35:21,435-DEBUG-error:False, SETHOME (SETZERO,RUNNING)Pos:38.35/0.00 Speed:-3.97/-4.00, Current:-144.00 Force:0.146/0.500
2025-03-23 01:35:21,530-DEBUG-error:False, SETHOME (SETZERO,RUNNING)Pos:37.95/0.00 Speed:-3.88/-4.00, Current:0.00 Force:0.466/0.500
2025-03-23 01:35:21,636-DEBUG-error:False, SETHOME (SETZERO,RUNNING)Pos:37.55/0.00 Speed:-4.23/-4.00, Current:16.00 Force:0.154/0.500
2025-03-23 01:35:21,731-DEBUG-error:False, SETHOME (SETZERO,RUNNING)Pos:37.15/0.00 Speed:-4.11/-4.00, Current:-752.00 Force:0.027/0.500
2025-03-23 01:35:21,831-DEBUG-error:False, SETHOME (SETZERO,RUNNING)Pos:36.76/0.00 Speed:-3.64/-4.00, Current:-368.00 Force:-0.157/0.500
2025-03-23 01:35:21,931-DEBUG-error:False, SETHOME (SETZERO,RUNNING)Pos:36.36/0.00 Speed:-4.01/-4.00, Current:-288.00 Force:-0.227/0.500
2025-03-23 01:35:22,031-DEBUG-error:False, SETHOME (SETZERO,RUNNING)Pos:35.96/0.00 Speed:-4.04/-4.00, Current:-352.00 Force:-0.116/0.500
2025-03-23 01:35:22,131-DEBUG-error:False, SETHOME (SETZERO,RUNNING)Pos:35.55/0.00 Speed:-3.85/-4.00, Current:-416.00 Force:-0.093/0.500
2025-03-23 01:35:22,233-DEBUG-error:False, SETHOME (SETZERO,RUNNING)Pos:35.15/0.00 Speed:-3.92/-4.00, Current:-480.00 Force:-0.209/0.500
2025-03-23 01:35:22,331-DEBUG-error:False, SETHOME (SETZERO,RUNNING)Pos:34.75/0.00 Speed:-4.23/-4.00, Current:-560.00 Force:-0.209/0.500
2025-03-23 01:35:22,432-DEBUG-error:False, SETHOME (SETZERO,RUNNING)Pos:34.34/0.00 Speed:-4.19/-4.00, Current:-608.00 Force:-0.002/0.500
2025-03-23 01:35:22,533-DEBUG-error:False, SETHOME (SETZERO,RUNNING)Pos:33.95/0.00 Speed:-3.97/-4.00, Current:-208.00 Force:0.014/0.500
2025-03-23 01:35:22,631-DEBUG-error:False, SETHOME (SETZERO,RUNNING)Pos:33.54/0.00 Speed:-3.92/-4.00, Current:-272.00 Force:-0.011/0.500
2025-03-23 01:35:22,733-DEBUG-error:False, SETHOME (SETZERO,RUNNING)Pos:33.14/0.00 Speed:-3.99/-4.00, Current:-288.00 Force:-0.008/0.500
2025-03-23 01:35:22,833-DEBUG-error:False, SETHOME (SETZERO,RUNNING)Pos:32.74/0.00 Speed:-4.24/-4.00, Current:-240.00 Force:-0.011/0.500
2025-03-23 01:35:22,930-DEBUG-error:False, SETHOME (SETZERO,RUNNING)Pos:32.34/0.00 Speed:-4.01/-4.00, Current:-288.00 Force:-0.007/0.500
2025-03-23 01:35:23,031-DEBUG-error:False, SETHOME (SETZERO,RUNNING)Pos:31.94/0.00 Speed:-3.57/-4.00, Current:-432.00 Force:-0.007/0.500
2025-03-23 01:35:23,131-DEBUG-error:False, SETHOME (SETZERO,RUNNING)Pos:31.54/0.00 Speed:-4.01/-4.00, Current:-176.00 Force:-0.005/0.500
2025-03-23 01:35:23,241-DEBUG-error:False, SETHOME (SETZERO,RUNNING)Pos:31.10/0.00 Speed:-3.80/-4.00, Current:-352.00 Force:-0.007/0.500
2025-03-23 01:35:23,342-DEBUG-error:False, SETHOME (SETZERO,RUNNING)Pos:30.70/0.00 Speed:-3.94/-4.00, Current:80.00 Force:-0.009/0.500
2025-03-23 01:35:23,441-DEBUG-error:False, SETHOME (SETZERO,RUNNING)Pos:30.30/0.00 Speed:-4.12/-4.00, Current:-208.00 Force:-0.132/0.500
2025-03-23 01:35:23,543-DEBUG-error:False, SETHOME (SETZERO,RUNNING)Pos:29.90/0.00 Speed:-3.84/-4.00, Current:-416.00 Force:-0.131/0.500
2025-03-23 01:35:23,641-DEBUG-error:False, SETHOME (SETZERO,RUNNING)Pos:29.50/0.00 Speed:-3.74/-4.00, Current:-368.00 Force:0.027/0.500
2025-03-23 01:35:23,741-DEBUG-error:False, SETHOME (SETZERO,RUNNING)Pos:29.10/0.00 Speed:-4.09/-4.00, Current:-224.00 Force:-0.100/0.500
2025-03-23 01:35:23,841-DEBUG-error:False, SETHOME (SETZERO,RUNNING)Pos:28.70/0.00 Speed:-4.13/-4.00, Current:-320.00 Force:-0.187/0.500
2025-03-23 01:35:23,946-DEBUG-error:False, SETHOME (SETZERO,RUNNING)Pos:28.30/0.00 Speed:-3.69/-4.00, Current:-288.00 Force:-0.228/0.500
2025-03-23 01:35:24,041-DEBUG-error:False, SETHOME (SETZERO,RUNNING)Pos:27.89/0.00 Speed:-3.88/-4.00, Current:-208.00 Force:-0.253/0.500
2025-03-23 01:35:24,142-DEBUG-error:False, SETHOME (SETZERO,RUNNING)Pos:27.49/0.00 Speed:-4.26/-4.00, Current:-416.00 Force:-0.310/0.500
2025-03-23 01:35:24,244-DEBUG-error:False, SETHOME (SETZERO,RUNNING)Pos:27.09/0.00 Speed:-3.92/-4.00, Current:-64.00 Force:-0.335/0.500
2025-03-23 01:35:24,341-DEBUG-error:False, SETHOME (SETZERO,RUNNING)Pos:26.70/0.00 Speed:-3.91/-4.00, Current:-592.00 Force:-0.442/0.500
2025-03-23 01:35:24,443-DEBUG-error:False, SETHOME (SETZERO,RUNNING)Pos:26.30/0.00 Speed:-3.99/-4.00, Current:-352.00 Force:-0.379/0.500
2025-03-23 01:35:24,546-DEBUG-error:False, SETHOME (SETZERO,RUNNING)Pos:25.89/0.00 Speed:-3.92/-4.00, Current:-320.00 Force:-0.351/0.500
2025-03-23 01:35:24,641-DEBUG-error:False, SETHOME (SETZERO,RUNNING)Pos:25.50/0.00 Speed:-3.98/-4.00, Current:-368.00 Force:-0.024/0.500
2025-03-23 01:35:24,741-DEBUG-error:False, SETHOME (SETZERO,RUNNING)Pos:25.10/0.00 Speed:-4.05/-4.00, Current:-544.00 Force:-0.007/0.500
2025-03-23 01:35:24,841-DEBUG-error:False, SETHOME (SETZERO,RUNNING)Pos:24.69/0.00 Speed:-4.05/-4.00, Current:-48.00 Force:-0.011/0.500
2025-03-23 01:35:24,941-DEBUG-error:False, SETHOME (SETZERO,RUNNING)Pos:24.29/0.00 Speed:-4.04/-4.00, Current:-512.00 Force:-0.008/0.500
2025-03-23 01:35:25,041-DEBUG-error:False, SETHOME (SETZERO,RUNNING)Pos:23.89/0.00 Speed:-4.06/-4.00, Current:-80.00 Force:-0.008/0.500
2025-03-23 01:35:25,143-DEBUG-error:False, SETHOME (SETZERO,RUNNING)Pos:23.49/0.00 Speed:-4.04/-4.00, Current:-176.00 Force:-0.013/0.500
2025-03-23 01:35:25,241-DEBUG-error:False, SETHOME (SETZERO,RUNNING)Pos:23.09/0.00 Speed:-3.92/-4.00, Current:-272.00 Force:-0.008/0.500
2025-03-23 01:35:25,342-DEBUG-error:False, SETHOME (SETZERO,RUNNING)Pos:22.69/0.00 Speed:-4.13/-4.00, Current:-304.00 Force:-0.007/0.500
2025-03-23 01:35:25,441-DEBUG-error:False, SETHOME (SETZERO,RUNNING)Pos:22.29/0.00 Speed:-4.06/-4.00, Current:-384.00 Force:-0.010/0.500
2025-03-23 01:35:25,541-DEBUG-error:False, SETHOME (SETZERO,RUNNING)Pos:21.89/0.00 Speed:-3.52/-4.00, Current:-448.00 Force:-0.014/0.500
2025-03-23 01:35:25,643-DEBUG-error:False, SETHOME (SETZERO,RUNNING)Pos:21.49/0.00 Speed:-4.06/-4.00, Current:-592.00 Force:-0.010/0.500
2025-03-23 01:35:25,741-DEBUG-error:False, SETHOME (SETZERO,RUNNING)Pos:21.09/0.00 Speed:-4.11/-4.00, Current:-816.00 Force:-0.007/0.500
2025-03-23 01:35:25,841-DEBUG-error:False, SETHOME (SETZERO,RUNNING)Pos:20.68/0.00 Speed:-3.81/-4.00, Current:-832.00 Force:-0.007/0.500
2025-03-23 01:35:25,951-DEBUG-error:False, SETHOME (SETZERO,RUNNING)Pos:20.25/0.00 Speed:-4.12/-4.00, Current:-432.00 Force:-0.009/0.500
2025-03-23 01:35:26,053-DEBUG-error:False, SETHOME (SETZERO,RUNNING)Pos:19.84/0.00 Speed:-4.09/-4.00, Current:-400.00 Force:-0.010/0.500
2025-03-23 01:35:26,152-DEBUG-error:False, SETHOME (SETZERO,RUNNING)Pos:19.44/0.00 Speed:-3.84/-4.00, Current:-384.00 Force:-0.010/0.500
2025-03-23 01:35:26,254-DEBUG-error:False, SETHOME (SETZERO,RUNNING)Pos:19.04/0.00 Speed:-4.06/-4.00, Current:-288.00 Force:-0.009/0.500
2025-03-23 01:35:26,352-DEBUG-error:False, SETHOME (SETZERO,RUNNING)Pos:18.64/0.00 Speed:-4.37/-4.00, Current:-96.00 Force:-0.013/0.500
2025-03-23 01:35:26,451-DEBUG-error:False, SETHOME (SETZERO,RUNNING)Pos:18.23/0.00 Speed:-4.02/-4.00, Current:-544.00 Force:-0.011/0.500
2025-03-23 01:35:26,553-DEBUG-error:False, SETHOME (SETZERO,RUNNING)Pos:17.83/0.00 Speed:-3.78/-4.00, Current:-816.00 Force:-0.009/0.500
2025-03-23 01:35:26,650-DEBUG-error:False, SETHOME (SETZERO,RUNNING)Pos:17.43/0.00 Speed:-4.09/-4.00, Current:-560.00 Force:-0.007/0.500
2025-03-23 01:35:26,751-DEBUG-error:False, SETHOME (SETZERO,RUNNING)Pos:17.03/0.00 Speed:-4.08/-4.00, Current:-400.00 Force:-0.008/0.500
2025-03-23 01:35:26,851-DEBUG-error:False, SETHOME (SETZERO,RUNNING)Pos:16.64/0.00 Speed:-3.92/-4.00, Current:-336.00 Force:-0.007/0.500
2025-03-23 01:35:26,951-DEBUG-error:False, SETHOME (SETZERO,RUNNING)Pos:16.23/0.00 Speed:-3.73/-4.00, Current:-448.00 Force:-0.007/0.500
2025-03-23 01:35:27,051-DEBUG-error:False, SETHOME (SETZERO,RUNNING)Pos:15.83/0.00 Speed:-4.08/-4.00, Current:-240.00 Force:-0.014/0.500
2025-03-23 01:35:27,150-DEBUG-error:False, SETHOME (SETZERO,RUNNING)Pos:15.43/0.00 Speed:-4.22/-4.00, Current:-256.00 Force:-0.008/0.500
2025-03-23 01:35:27,250-DEBUG-error:False, SETHOME (SETZERO,RUNNING)Pos:15.04/0.00 Speed:-3.83/-4.00, Current:-272.00 Force:-0.010/0.500
2025-03-23 01:35:27,352-DEBUG-error:False, SETHOME (SETZERO,RUNNING)Pos:14.63/0.00 Speed:-3.92/-4.00, Current:-640.00 Force:-0.007/0.500
2025-03-23 01:35:27,451-DEBUG-error:False, SETHOME (SETZERO,RUNNING)Pos:14.22/0.00 Speed:-3.99/-4.00, Current:-112.00 Force:-0.009/0.500
2025-03-23 01:35:27,552-DEBUG-error:False, SETHOME (SETZERO,RUNNING)Pos:13.83/0.00 Speed:-4.13/-4.00, Current:-240.00 Force:-0.006/0.500
2025-03-23 01:35:27,651-DEBUG-error:False, SETHOME (SETZERO,RUNNING)Pos:13.43/0.00 Speed:-3.97/-4.00, Current:-224.00 Force:-0.011/0.500
2025-03-23 01:35:27,751-DEBUG-error:False, SETHOME (SETZERO,RUNNING)Pos:13.03/0.00 Speed:-3.91/-4.00, Current:-352.00 Force:-0.014/0.500
2025-03-23 01:35:27,851-DEBUG-error:False, SETHOME (SETZERO,RUNNING)Pos:12.62/0.00 Speed:-4.16/-4.00, Current:-208.00 Force:-0.005/0.500
2025-03-23 01:35:27,951-DEBUG-error:False, SETHOME (SETZERO,RUNNING)Pos:12.23/0.00 Speed:-4.08/-4.00, Current:-320.00 Force:-0.012/0.500
2025-03-23 01:35:28,051-DEBUG-error:False, SETHOME (SETZERO,RUNNING)Pos:11.82/0.00 Speed:-3.95/-4.00, Current:-400.00 Force:-0.010/0.500
2025-03-23 01:35:28,152-DEBUG-error:False, SETHOME (SETZERO,RUNNING)Pos:11.43/0.00 Speed:-4.02/-4.00, Current:-96.00 Force:-0.013/0.500
2025-03-23 01:35:28,252-DEBUG-error:False, SETHOME (SETZERO,RUNNING)Pos:11.03/0.00 Speed:-3.99/-4.00, Current:-688.00 Force:-0.007/0.500
2025-03-23 01:35:28,351-DEBUG-error:False, SETHOME (SETZERO,RUNNING)Pos:10.62/0.00 Speed:-4.12/-4.00, Current:-832.00 Force:-0.011/0.500
2025-03-23 01:35:28,450-DEBUG-error:False, SETHOME (SETZERO,RUNNING)Pos:10.22/0.00 Speed:-3.95/-4.00, Current:-96.00 Force:-0.013/0.500
2025-03-23 01:35:28,553-DEBUG-error:False, SETHOME (SETZERO,RUNNING)Pos:9.82/0.00 Speed:-4.06/-4.00, Current:-272.00 Force:-0.008/0.500
2025-03-23 01:35:28,653-DEBUG-error:False, SETHOME (SETZERO,RUNNING)Pos:9.42/0.00 Speed:-4.13/-4.00, Current:-320.00 Force:-0.013/0.500
2025-03-23 01:35:28,751-DEBUG-error:False, SETHOME (SETZERO,RUNNING)Pos:9.02/0.00 Speed:-3.95/-4.00, Current:-400.00 Force:-0.012/0.500
2025-03-23 01:35:28,850-DEBUG-error:False, SETHOME (SETZERO,RUNNING)Pos:8.62/0.00 Speed:-3.94/-4.00, Current:-336.00 Force:-0.007/0.500
2025-03-23 01:35:28,952-DEBUG-error:False, SETHOME (SETZERO,RUNNING)Pos:8.21/0.00 Speed:-3.98/-4.00, Current:-288.00 Force:-0.009/0.500
2025-03-23 01:35:29,051-DEBUG-error:False, SETHOME (SETZERO,RUNNING)Pos:7.81/0.00 Speed:-4.24/-4.00, Current:-176.00 Force:-0.014/0.500
2025-03-23 01:35:29,150-DEBUG-error:False, SETHOME (SETZERO,RUNNING)Pos:7.42/0.00 Speed:-4.15/-4.00, Current:-48.00 Force:-0.009/0.500
2025-03-23 01:35:29,250-DEBUG-error:False, SETHOME (SETZERO,RUNNING)Pos:7.01/0.00 Speed:-3.73/-4.00, Current:-832.00 Force:-0.010/0.500
2025-03-23 01:35:29,351-DEBUG-error:False, SETHOME (SETZERO,RUNNING)Pos:6.62/0.00 Speed:-4.06/-4.00, Current:-336.00 Force:-0.011/0.500
2025-03-23 01:35:29,450-DEBUG-error:False, SETHOME (SETZERO,RUNNING)Pos:6.21/0.00 Speed:-4.05/-4.00, Current:-320.00 Force:-0.011/0.500
2025-03-23 01:35:29,551-DEBUG-error:False, SETHOME (SETZERO,RUNNING)Pos:5.82/0.00 Speed:-3.85/-4.00, Current:-416.00 Force:-0.009/0.500
2025-03-23 01:35:29,650-DEBUG-error:False, SETHOME (SETZERO,RUNNING)Pos:5.42/0.00 Speed:-4.15/-4.00, Current:-240.00 Force:-0.014/0.500
2025-03-23 01:35:29,753-DEBUG-error:False, SETHOME (SETZERO,RUNNING)Pos:5.01/0.00 Speed:-4.04/-4.00, Current:-320.00 Force:-0.008/0.500
2025-03-23 01:35:29,851-DEBUG-error:False, SETHOME (SETZERO,RUNNING)Pos:4.61/0.00 Speed:-4.22/-4.00, Current:-192.00 Force:-0.013/0.500
2025-03-23 01:35:29,951-DEBUG-error:False, SETHOME (SETZERO,RUNNING)Pos:4.21/0.00 Speed:-3.88/-4.00, Current:-848.00 Force:-0.011/0.500
2025-03-23 01:35:30,050-DEBUG-error:False, SETHOME (SETZERO,RUNNING)Pos:3.81/0.00 Speed:-3.80/-4.00, Current:-112.00 Force:-0.013/0.500
2025-03-23 01:35:30,151-DEBUG-error:False, SETHOME (SETZERO,RUNNING)Pos:3.41/0.00 Speed:-4.09/-4.00, Current:16.00 Force:-0.008/0.500
2025-03-23 01:35:30,261-DEBUG-error:False, SETHOME (SETZERO,RUNNING)Pos:2.96/0.00 Speed:-3.90/-4.00, Current:-368.00 Force:-0.009/0.500
2025-03-23 01:35:30,361-DEBUG-error:False, SETHOME (SETZERO,RUNNING)Pos:2.56/0.00 Speed:-4.06/-4.00, Current:-256.00 Force:-0.012/0.500
2025-03-23 01:35:30,461-DEBUG-error:False, SETHOME (SETZERO,RUNNING)Pos:2.16/0.00 Speed:-4.29/-4.00, Current:-256.00 Force:-0.015/0.500
2025-03-23 01:35:30,560-DEBUG-error:False, SETHOME (SETZERO,RUNNING)Pos:1.76/0.00 Speed:-4.16/-4.00, Current:-288.00 Force:-0.009/0.500
2025-03-23 01:35:30,660-DEBUG-error:False, SETHOME (SETZERO,RUNNING)Pos:1.36/0.00 Speed:-3.73/-4.00, Current:-384.00 Force:-0.011/0.500
2025-03-23 01:35:30,760-DEBUG-error:False, SETHOME (SETZERO,RUNNING)Pos:0.96/0.00 Speed:-4.19/-4.00, Current:-112.00 Force:-0.013/0.500
2025-03-23 01:35:30,861-DEBUG-error:False, SETHOME (SETZERO,RUNNING)Pos:0.56/0.00 Speed:-4.08/-4.00, Current:-416.00 Force:-0.009/0.500
2025-03-23 01:35:30,962-DEBUG-error:False, SETHOME (SETZERO,RUNNING)Pos:0.16/0.00 Speed:-3.67/-4.00, Current:-336.00 Force:-0.010/0.500
2025-03-23 01:35:31,061-DEBUG-error:False, SETHOME (SETZERO,RUNNING)Pos:-0.12/0.00 Speed:-2.09/-4.00, Current:-2736.00 Force:-0.007/0.500
2025-03-23 01:35:31,087-INFO-Hand: Home position is found.
2025-03-23 01:35:31,088-INFO-Client: exiting program.
2025-03-23 01:35:31,093-INFO-Client: Halt DexHand.
2025-03-23 01:35:31,094-WARNING-Server: Got emergency task Halt.
2025-03-23 01:35:31,094-INFO-Hand: Halting DexHand...
2025-03-23 01:35:31,106-INFO-Hand: DexHand has halted.
2025-03-23 01:35:31,106-INFO-Hand: DexHand service is available again.
2025-03-23 01:35:31,106-WARNING-Client: Release DexHand.
2025-03-23 01:35:31,112-DEBUG-Hand: DexHand control access has been released.
2025-03-23 01:35:44,930-INFO-Client: Start DexHand client.
2025-03-23 01:35:44,930-INFO-Client: Try to start DexHand server.
2025-03-23 01:35:44,934-INFO-Server: Starting server...
2025-03-23 01:35:44,935-INFO-Server: Started.
2025-03-23 01:35:44,935-INFO-Client: Acquire DexHand control.
2025-03-23 01:35:44,960-DEBUG-Hand: Hand is under control.
2025-03-23 01:35:44,960-INFO-Client: Set DexHand's position zeropoint.
2025-03-23 01:35:44,964-INFO-Hand: Finding home position...
2025-03-23 01:35:45,020-DEBUG-error:False, SETHOME (SETZERO,RUNNING)Pos:-0.11/0.00 Speed:-2.69/-4.00, Current:-2416.00 Force:-0.012/0.500
2025-03-23 01:35:45,120-DEBUG-error:False, SETHOME (SETZERO,RUNNING)Pos:-0.26/0.00 Speed:-0.63/-4.00, Current:-5152.00 Force:-0.011/0.500
2025-03-23 01:35:45,137-INFO-Hand: Home position is found.
2025-03-23 01:35:45,137-INFO-Client: Calibrate DexHand force zeropoints.
2025-03-23 01:35:45,139-INFO-Hand: Calibrating force zeropoints...
2025-03-23 01:35:45,220-DEBUG-error:False, FORCECALI (FINEZERO,RUNNING)Pos:0.18/0.00 Speed:0.00/0.00, Current:16.00 Force:-0.020/0.500
2025-03-23 01:35:45,242-INFO-Hand: Force zeropoints are calibrated.
2025-03-23 01:35:45,243-INFO-Hand: Starts contacting...
2025-03-23 01:35:45,325-DEBUG-error:False, CONTACT (CONTACT,RUNNING)Pos:0.88/0.00 Speed:13.32/15.00, Current:128.00 Force:0.014/0.500
2025-03-23 01:35:45,420-DEBUG-error:False, CONTACT (CONTACT,RUNNING)Pos:2.29/0.00 Speed:14.66/15.00, Current:224.00 Force:-0.000/0.500
2025-03-23 01:35:45,520-DEBUG-error:False, CONTACT (CONTACT,RUNNING)Pos:3.77/0.00 Speed:15.07/15.00, Current:-128.00 Force:0.003/0.500
2025-03-23 01:35:45,622-DEBUG-error:False, CONTACT (CONTACT,RUNNING)Pos:5.27/0.00 Speed:14.47/15.00, Current:800.00 Force:0.003/0.500
2025-03-23 01:35:45,731-DEBUG-error:False, CONTACT (CONTACT,RUNNING)Pos:6.93/0.00 Speed:14.98/15.00, Current:304.00 Force:0.004/0.500
2025-03-23 01:35:45,831-DEBUG-error:False, CONTACT (CONTACT,RUNNING)Pos:8.43/0.00 Speed:15.12/15.00, Current:768.00 Force:0.002/0.500
2025-03-23 01:35:45,930-DEBUG-error:False, CONTACT (CONTACT,RUNNING)Pos:9.93/0.00 Speed:13.67/12.00, Current:-272.00 Force:0.006/0.500
2025-03-23 01:35:46,040-DEBUG-error:False, CONTACT (CONTACT,RUNNING)Pos:10.81/0.00 Speed:7.87/7.87, Current:320.00 Force:0.004/0.500
2025-03-23 01:35:46,140-DEBUG-error:False, CONTACT (CONTACT,RUNNING)Pos:11.59/0.00 Speed:7.85/7.93, Current:672.00 Force:0.005/0.500
2025-03-23 01:35:46,240-DEBUG-error:False, CONTACT (CONTACT,RUNNING)Pos:12.39/0.00 Speed:8.07/7.88, Current:480.00 Force:0.005/0.500
2025-03-23 01:35:46,343-DEBUG-error:False, CONTACT (CONTACT,RUNNING)Pos:13.18/0.00 Speed:8.00/7.89, Current:160.00 Force:0.006/0.500
2025-03-23 01:35:46,440-DEBUG-error:False, CONTACT (CONTACT,RUNNING)Pos:13.98/0.00 Speed:7.58/7.89, Current:368.00 Force:0.007/0.500
2025-03-23 01:35:46,542-DEBUG-error:False, CONTACT (CONTACT,RUNNING)Pos:14.75/0.00 Speed:7.54/7.99, Current:464.00 Force:0.003/0.500
2025-03-23 01:35:46,640-DEBUG-error:False, CONTACT (CONTACT,RUNNING)Pos:15.55/0.00 Speed:8.57/8.00, Current:-32.00 Force:0.002/0.500
2025-03-23 01:35:46,741-DEBUG-error:False, CONTACT (CONTACT,RUNNING)Pos:16.34/0.00 Speed:8.06/8.00, Current:112.00 Force:0.003/0.500
2025-03-23 01:35:46,844-DEBUG-error:False, CONTACT (CONTACT,RUNNING)Pos:17.13/0.00 Speed:7.89/7.97, Current:240.00 Force:0.004/0.500
2025-03-23 01:35:46,940-DEBUG-error:False, CONTACT (CONTACT,RUNNING)Pos:17.93/0.00 Speed:7.82/8.00, Current:272.00 Force:-0.002/0.500
2025-03-23 01:35:47,040-DEBUG-error:False, CONTACT (CONTACT,RUNNING)Pos:18.72/0.00 Speed:7.72/7.82, Current:224.00 Force:0.006/0.500
2025-03-23 01:35:47,146-DEBUG-error:False, CONTACT (CONTACT,RUNNING)Pos:19.50/0.00 Speed:7.92/7.92, Current:416.00 Force:0.003/0.500
2025-03-23 01:35:47,240-DEBUG-error:False, CONTACT (CONTACT,RUNNING)Pos:20.29/0.00 Speed:8.03/7.83, Current:544.00 Force:0.006/0.500
2025-03-23 01:35:47,340-DEBUG-error:False, CONTACT (CONTACT,RUNNING)Pos:21.08/0.00 Speed:7.72/7.85, Current:112.00 Force:0.004/0.500
2025-03-23 01:35:47,440-DEBUG-error:False, CONTACT (CONTACT,RUNNING)Pos:21.88/0.00 Speed:7.82/7.88, Current:336.00 Force:0.005/0.500
2025-03-23 01:35:47,540-DEBUG-error:False, CONTACT (CONTACT,RUNNING)Pos:22.67/0.00 Speed:8.34/7.91, Current:224.00 Force:0.003/0.500
2025-03-23 01:35:47,640-DEBUG-error:False, CONTACT (CONTACT,RUNNING)Pos:23.47/0.00 Speed:7.55/7.92, Current:272.00 Force:0.005/0.500
2025-03-23 01:35:47,740-DEBUG-error:False, CONTACT (CONTACT,RUNNING)Pos:24.25/0.00 Speed:7.61/7.76, Current:608.00 Force:0.007/0.500
2025-03-23 01:35:47,841-DEBUG-error:False, CONTACT (CONTACT,RUNNING)Pos:25.04/0.00 Speed:7.71/7.79, Current:464.00 Force:0.005/0.500
2025-03-23 01:35:47,940-DEBUG-error:False, CONTACT (CONTACT,RUNNING)Pos:25.81/0.00 Speed:8.07/7.84, Current:272.00 Force:0.004/0.500
2025-03-23 01:35:48,041-DEBUG-error:False, CONTACT (CONTACT,RUNNING)Pos:26.61/0.00 Speed:7.58/7.82, Current:304.00 Force:0.005/0.500
2025-03-23 01:35:48,140-DEBUG-error:False, CONTACT (CONTACT,RUNNING)Pos:27.39/0.00 Speed:7.57/7.85, Current:144.00 Force:0.004/0.500
2025-03-23 01:35:48,241-DEBUG-error:False, CONTACT (CONTACT,RUNNING)Pos:28.18/0.00 Speed:8.38/8.00, Current:320.00 Force:0.004/0.500
2025-03-23 01:35:48,340-DEBUG-error:False, CONTACT (CONTACT,RUNNING)Pos:28.98/0.00 Speed:7.71/7.81, Current:560.00 Force:0.007/0.500
2025-03-23 01:35:48,440-DEBUG-error:False, SETFORCE (CONTACT,RUNNING)Pos:29.34/0.00 Speed:0.00/-0.01, Current:48.00 Force:0.529/0.500
2025-03-23 01:35:48,557-DEBUG-error:False, FORCESERVO (FORCESERVO,RUNNING)Pos:29.37/0.00 Speed:0.47/0.56, Current:176.00 Force:0.529/0.680
2025-03-23 01:35:48,656-DEBUG-error:False, FORCESERVO (FORCESERVO,RUNNING)Pos:29.44/0.00 Speed:1.05/0.95, Current:320.00 Force:0.672/0.920
2025-03-23 01:35:48,762-DEBUG-error:False, FORCESERVO (FORCESERVO,RUNNING)Pos:29.56/0.00 Speed:1.35/1.32, Current:272.00 Force:0.922/1.175
2025-03-23 01:35:48,870-DEBUG-error:False, FORCESERVO (FORCESERVO,RUNNING)Pos:29.71/0.00 Speed:1.09/1.10, Current:240.00 Force:1.377/1.417
2025-03-23 01:35:48,980-DEBUG-error:False, FORCESERVO (FORCESERVO,RUNNING)Pos:29.81/0.00 Speed:0.47/0.83, Current:464.00 Force:1.665/1.664
2025-03-23 01:35:49,080-DEBUG-error:False, FORCESERVO (FORCESERVO,RUNNING)Pos:29.86/0.00 Speed:0.50/0.55, Current:416.00 Force:1.865/1.872
2025-03-23 01:35:49,180-INFO-Hand: Contact done.
2025-03-23 01:35:49,181-INFO-Hand: Start loading contact force...
2025-03-23 01:35:49,191-DEBUG-error:False, FORCESERVO (FORCESERVO,RUNNING)Pos:29.92/0.00 Speed:0.39/0.31, Current:304.00 Force:2.081/2.017
2025-03-23 01:35:49,292-DEBUG-error:False, FORCESERVO (FORCESERVO,RUNNING)Pos:29.95/0.00 Speed:0.38/0.52, Current:368.00 Force:2.144/2.185
2025-03-23 01:35:49,392-DEBUG-error:False, FORCESERVO (FORCESERVO,RUNNING)Pos:30.01/0.00 Speed:0.63/0.61, Current:208.00 Force:2.322/2.340
2025-03-23 01:35:49,490-DEBUG-error:False, FORCESERVO (FORCESERVO,RUNNING)Pos:30.06/0.00 Speed:0.54/0.47, Current:400.00 Force:2.513/2.488
2025-03-23 01:35:49,592-DEBUG-error:False, FORCESERVO (FORCESERVO,RUNNING)Pos:30.11/0.00 Speed:0.52/0.50, Current:512.00 Force:2.665/2.647
2025-03-23 01:35:49,701-DEBUG-error:False, FORCESERVO (FORCESERVO,RUNNING)Pos:30.14/0.00 Speed:0.64/0.55, Current:496.00 Force:2.787/2.821
2025-03-23 01:35:49,802-DEBUG-error:False, FORCESERVO (FORCESERVO,RUNNING)Pos:30.19/0.00 Speed:0.29/0.31, Current:560.00 Force:3.023/2.988
2025-03-23 01:35:49,900-DEBUG-error:False, FORCESERVO (FORCESERVO,RUNNING)Pos:30.23/0.00 Speed:0.43/0.56, Current:544.00 Force:3.112/3.160
2025-03-23 01:35:49,999-DEBUG-error:False, FORCESERVO (FORCESERVO,RUNNING)Pos:30.29/0.00 Speed:0.59/0.64, Current:784.00 Force:3.272/3.304
2025-03-23 01:35:50,102-DEBUG-error:False, FORCESERVO (FORCESERVO,RUNNING)Pos:30.36/0.00 Speed:0.45/0.57, Current:400.00 Force:3.500/3.476
2025-03-23 01:35:50,202-DEBUG-error:False, FORCESERVO (FORCESERVO,RUNNING)Pos:30.39/0.00 Speed:0.52/0.51, Current:448.00 Force:3.622/3.625
2025-03-23 01:35:50,301-DEBUG-error:False, FORCESERVO (FORCESERVO,RUNNING)Pos:30.41/0.00 Speed:0.08/0.02, Current:272.00 Force:3.870/3.768
2025-03-23 01:35:50,402-DEBUG-error:False, FORCESERVO (FORCESERVO,RUNNING)Pos:30.43/0.00 Speed:0.18/0.31, Current:464.00 Force:3.914/3.931
2025-03-23 01:35:50,522-DEBUG-error:False, FORCESERVO (FORCESERVO,RUNNING)Pos:30.46/0.00 Speed:0.35/0.42, Current:608.00 Force:4.074/4.139
2025-03-23 01:35:50,649-DEBUG-error:False, FORCESERVO (FORCESERVO,RUNNING)Pos:30.52/0.00 Speed:0.57/0.74, Current:592.00 Force:4.249/4.356
2025-03-23 01:35:50,755-DEBUG-error:False, FORCESERVO (FORCESERVO,RUNNING)Pos:30.59/0.00 Speed:0.43/0.33, Current:640.00 Force:4.566/4.501
2025-03-23 01:35:50,850-DEBUG-error:False, FORCESERVO (FORCESERVO,RUNNING)Pos:30.61/0.00 Speed:0.28/0.26, Current:544.00 Force:4.700/4.662
2025-03-23 01:35:50,952-DEBUG-error:False, FORCESERVO (FORCESERVO,RUNNING)Pos:30.63/0.00 Speed:0.18/0.36, Current:1008.00 Force:4.810/4.832
2025-03-23 01:35:51,052-DEBUG-error:False, FORCESERVO (FORCESERVO,RUNNING)Pos:30.67/0.00 Speed:0.29/0.39, Current:560.00 Force:4.968/4.994
2025-03-23 01:35:51,150-DEBUG-error:False, FORCESERVO (FORCESERVO,RUNNING)Pos:30.70/0.00 Speed:0.43/0.50, Current:608.00 Force:5.091/5.154
2025-03-23 01:35:51,251-DEBUG-error:False, FORCESERVO (FORCESERVO,RUNNING)Pos:30.76/0.00 Speed:0.25/0.23, Current:416.00 Force:5.362/5.295
2025-03-23 01:35:51,355-DEBUG-error:False, FORCESERVO (FORCESERVO,RUNNING)Pos:30.80/0.00 Speed:0.54/0.59, Current:672.00 Force:5.423/5.472
2025-03-23 01:35:51,451-DEBUG-error:False, FORCESERVO (FORCESERVO,RUNNING)Pos:30.84/0.00 Speed:0.00/-0.03, Current:640.00 Force:5.747/5.636
2025-03-23 01:35:51,553-DEBUG-error:False, FORCESERVO (FORCESERVO,RUNNING)Pos:30.84/0.00 Speed:0.08/0.10, Current:752.00 Force:5.836/5.758
2025-03-23 01:35:51,654-DEBUG-error:False, FORCESERVO (FORCESERVO,RUNNING)Pos:30.88/0.00 Speed:0.21/0.31, Current:832.00 Force:5.938/5.951
2025-03-23 01:35:51,755-DEBUG-error:False, FORCESERVO (FORCESERVO,RUNNING)Pos:30.91/0.00 Speed:0.42/0.43, Current:704.00 Force:6.049/6.106
2025-03-23 01:35:51,851-DEBUG-error:False, FORCESERVO (FORCESERVO,RUNNING)Pos:30.96/0.00 Speed:0.53/0.52, Current:768.00 Force:6.189/6.253
2025-03-23 01:35:51,953-DEBUG-error:False, FORCESERVO (FORCESERVO,RUNNING)Pos:31.02/0.00 Speed:0.66/0.51, Current:672.00 Force:6.390/6.423
2025-03-23 01:35:52,053-DEBUG-error:False, FORCESERVO (FORCESERVO,RUNNING)Pos:31.06/0.00 Speed:0.15/0.22, Current:688.00 Force:6.653/6.584
2025-03-23 01:35:52,150-DEBUG-error:False, FORCESERVO (FORCESERVO,RUNNING)Pos:31.09/0.00 Speed:0.52/0.43, Current:688.00 Force:6.738/6.751
2025-03-23 01:35:52,250-DEBUG-error:False, FORCESERVO (FORCESERVO,RUNNING)Pos:31.13/0.00 Speed:0.42/0.33, Current:656.00 Force:6.935/6.901
2025-03-23 01:35:52,352-DEBUG-error:False, FORCESERVO (FORCESERVO,RUNNING)Pos:31.17/0.00 Speed:0.39/0.44, Current:704.00 Force:7.062/7.072
2025-03-23 01:35:52,450-DEBUG-error:False, FORCESERVO (FORCESERVO,RUNNING)Pos:31.20/0.00 Speed:0.25/0.24, Current:832.00 Force:7.263/7.213
2025-03-23 01:35:52,552-DEBUG-error:False, FORCESERVO (FORCESERVO,RUNNING)Pos:31.23/0.00 Speed:0.32/0.32, Current:768.00 Force:7.389/7.376
2025-03-23 01:35:52,666-DEBUG-error:False, FORCESERVO (FORCESERVO,RUNNING)Pos:31.26/0.00 Speed:0.11/0.32, Current:944.00 Force:7.585/7.564
2025-03-23 01:35:52,760-DEBUG-error:False, FORCESERVO (FORCESERVO,RUNNING)Pos:31.29/0.00 Speed:0.28/0.38, Current:928.00 Force:7.703/7.715
2025-03-23 01:35:52,860-DEBUG-error:False, FORCESERVO (FORCESERVO,RUNNING)Pos:31.33/0.00 Speed:0.27/0.39, Current:976.00 Force:7.879/7.884
2025-03-23 01:35:52,959-DEBUG-error:False, FORCESERVO (FORCESERVO,RUNNING)Pos:31.36/0.00 Speed:0.29/0.34, Current:1296.00 Force:8.029/8.046
2025-03-23 01:35:53,071-DEBUG-error:False, FORCESERVO (FORCESERVO,RUNNING)Pos:31.40/0.00 Speed:0.31/0.38, Current:960.00 Force:8.216/8.212
2025-03-23 01:35:53,172-DEBUG-error:False, FORCESERVO (FORCESERVO,RUNNING)Pos:31.43/0.00 Speed:0.38/0.30, Current:992.00 Force:8.392/8.372
2025-03-23 01:35:53,269-DEBUG-error:False, FORCESERVO (FORCESERVO,RUNNING)Pos:31.46/0.00 Speed:0.20/0.19, Current:976.00 Force:8.579/8.526
2025-03-23 01:35:53,369-DEBUG-error:False, FORCESERVO (FORCESERVO,RUNNING)Pos:31.48/0.00 Speed:0.45/0.33, Current:688.00 Force:8.663/8.684
2025-03-23 01:35:53,473-DEBUG-error:False, FORCESERVO (FORCESERVO,RUNNING)Pos:31.52/0.00 Speed:0.38/0.31, Current:832.00 Force:8.851/8.848
2025-03-23 01:35:53,570-DEBUG-error:False, FORCESERVO (FORCESERVO,RUNNING)Pos:31.55/0.00 Speed:0.39/0.32, Current:896.00 Force:8.992/9.006
2025-03-23 01:35:53,671-DEBUG-error:False, FORCESERVO (FORCESERVO,RUNNING)Pos:31.59/0.00 Speed:0.32/0.28, Current:832.00 Force:9.177/9.165
2025-03-23 01:35:53,770-DEBUG-error:False, FORCESERVO (FORCESERVO,RUNNING)Pos:31.61/0.00 Speed:0.24/0.32, Current:976.00 Force:9.320/9.330
2025-03-23 01:35:53,870-DEBUG-error:False, FORCESERVO (FORCESERVO,RUNNING)Pos:31.65/0.00 Speed:0.27/0.35, Current:928.00 Force:9.479/9.499
2025-03-23 01:35:53,980-DEBUG-error:False, FORCESERVO (FORCESERVO,RUNNING)Pos:31.68/0.00 Speed:0.22/0.31, Current:1008.00 Force:9.676/9.675
2025-03-23 01:35:54,095-DEBUG-error:False, FORCESERVO (FORCESERVO,RUNNING)Pos:31.71/0.00 Speed:0.32/0.33, Current:928.00 Force:9.817/9.830
2025-03-23 01:35:54,191-DEBUG-error:False, SETFORCE (SETFORCE,RUNNING)Pos:31.75/0.00 Speed:0.29/0.31, Current:1376.00 Force:10.005/10.000
2025-03-23 01:35:54,217-INFO-Hand: Contact force is reached.
2025-03-23 01:35:54,220-DEBUG-Hand: Got a new force command.
2025-03-23 01:35:54,311-DEBUG-error:False, FORCESERVO (FORCESERVO,RUNNING)Pos:30.31/0.00 Speed:-6.48/-7.04, Current:-48.00 Force:3.013/1.000
2025-03-23 01:35:54,434-DEBUG-error:False, FORCESERVO (FORCESERVO,RUNNING)Pos:29.91/0.00 Speed:-1.84/-2.07, Current:-160.00 Force:1.215/1.000
2025-03-23 01:35:54,549-DEBUG-error:False, FORCESERVO (FORCESERVO,RUNNING)Pos:29.73/0.00 Speed:-1.17/-1.36, Current:-48.00 Force:0.939/1.000
2025-03-23 01:35:54,654-DEBUG-error:False, FORCESERVO (FORCESERVO,RUNNING)Pos:29.63/0.00 Speed:-0.98/-0.96, Current:-272.00 Force:0.804/1.000
2025-03-23 01:35:54,751-DEBUG-error:False, FORCESERVO (FORCESERVO,RUNNING)Pos:29.52/0.00 Speed:-0.84/-0.89, Current:-448.00 Force:0.806/1.000
2025-03-23 01:35:54,868-DEBUG-error:False, FORCESERVO (FORCESERVO,RUNNING)Pos:29.44/0.00 Speed:-0.57/-0.61, Current:-64.00 Force:0.741/1.000
2025-03-23 01:35:54,970-DEBUG-error:False, FORCESERVO (FORCESERVO,RUNNING)Pos:29.39/0.00 Speed:-0.40/-0.41, Current:-352.00 Force:0.710/1.000
2025-03-23 01:35:55,102-DEBUG-error:False, FORCESERVO (FORCESERVO,RUNNING)Pos:29.36/0.00 Speed:-0.07/-0.10, Current:-336.00 Force:0.654/1.000
2025-03-23 01:35:55,201-DEBUG-error:False, FORCESERVO (FORCESERVO,RUNNING)Pos:29.35/0.00 Speed:-0.03/-0.03, Current:-368.00 Force:0.675/1.000
2025-03-23 01:35:55,300-DEBUG-error:False, FORCESERVO (FORCESERVO,RUNNING)Pos:29.35/0.00 Speed:0.06/0.16, Current:-288.00 Force:0.655/1.000
2025-03-23 01:35:55,399-DEBUG-error:False, FORCESERVO (FORCESERVO,RUNNING)Pos:29.36/0.00 Speed:0.20/0.33, Current:-16.00 Force:0.643/1.000
2025-03-23 01:35:55,507-DEBUG-error:False, FORCESERVO (FORCESERVO,RUNNING)Pos:29.38/0.00 Speed:0.14/0.31, Current:144.00 Force:0.706/1.000
2025-03-23 01:35:55,604-DEBUG-error:False, FORCESERVO (FORCESERVO,RUNNING)Pos:29.39/0.00 Speed:0.18/0.26, Current:304.00 Force:0.767/1.000
2025-03-23 01:35:55,720-DEBUG-error:False, FORCESERVO (FORCESERVO,RUNNING)Pos:29.42/0.00 Speed:0.22/0.19, Current:272.00 Force:0.832/1.000
2025-03-23 01:35:55,822-DEBUG-error:False, FORCESERVO (FORCESERVO,RUNNING)Pos:29.43/0.00 Speed:0.00/-0.06, Current:192.00 Force:0.951/1.000
2025-03-23 01:35:55,922-DEBUG-error:False, FORCESERVO (FORCESERVO,RUNNING)Pos:29.43/0.00 Speed:0.00/-0.19, Current:16.00 Force:1.003/1.000
2025-03-23 01:35:56,031-DEBUG-error:False, FORCESERVO (FORCESERVO,RUNNING)Pos:29.43/0.00 Speed:0.00/-0.05, Current:64.00 Force:0.952/1.000
2025-03-23 01:35:56,120-DEBUG-error:False, FORCESERVO (FORCESERVO,RUNNING)Pos:29.42/0.00 Speed:0.00/-0.12, Current:16.00 Force:0.984/1.000
2025-03-23 01:35:56,220-DEBUG-error:False, FORCESERVO (FORCESERVO,RUNNING)Pos:29.41/0.00 Speed:0.00/-0.12, Current:176.00 Force:0.983/1.000
2025-03-23 01:35:56,322-DEBUG-error:False, FORCESERVO (FORCESERVO,RUNNING)Pos:29.41/0.00 Speed:0.07/0.25, Current:32.00 Force:0.854/1.000
2025-03-23 01:35:56,423-DEBUG-error:False, FORCESERVO (FORCESERVO,RUNNING)Pos:29.42/0.00 Speed:0.11/0.18, Current:208.00 Force:0.903/1.000
2025-03-23 01:35:56,537-DEBUG-error:False, FORCESERVO (FORCESERVO,RUNNING)Pos:29.43/0.00 Speed:0.17/0.18, Current:192.00 Force:0.923/1.000
2025-03-23 01:35:56,639-DEBUG-error:False, FORCESERVO (FORCESERVO,RUNNING)Pos:29.44/0.00 Speed:0.11/0.20, Current:256.00 Force:0.919/1.000
2025-03-23 01:35:56,740-DEBUG-error:False, FORCESERVO (FORCESERVO,RUNNING)Pos:29.46/0.00 Speed:0.18/0.18, Current:384.00 Force:0.942/1.000
2025-03-23 01:35:56,853-DEBUG-error:False, FORCESERVO (FORCESERVO,RUNNING)Pos:29.47/0.00 Speed:0.00/0.00, Current:400.00 Force:1.017/1.000
2025-03-23 01:35:56,951-DEBUG-error:False, FORCESERVO (FORCESERVO,RUNNING)Pos:29.48/0.00 Speed:0.73/0.63, Current:224.00 Force:0.697/1.000
2025-03-23 01:35:57,049-DEBUG-error:False, FORCESERVO (FORCESERVO,RUNNING)Pos:29.73/0.00 Speed:2.76/2.70, Current:224.00 Force:0.099/1.000
2025-03-23 01:35:57,151-DEBUG-error:False, FORCESERVO (FORCESERVO,RUNNING)Pos:30.02/0.00 Speed:2.85/2.97, Current:112.00 Force:0.130/1.000
2025-03-23 01:35:57,252-DEBUG-error:False, FORCESERVO (FORCESERVO,RUNNING)Pos:30.33/0.00 Speed:3.63/3.38, Current:624.00 Force:0.110/1.000
2025-03-23 01:35:57,353-DEBUG-error:False, FORCESERVO (FORCESERVO,RUNNING)Pos:30.70/0.00 Speed:3.62/3.87, Current:96.00 Force:0.070/1.000
2025-03-23 01:35:57,449-DEBUG-error:False, FORCESERVO (FORCESERVO,RUNNING)Pos:31.05/0.00 Speed:2.62/2.87, Current:608.00 Force:0.466/1.000
2025-03-23 01:35:57,554-DEBUG-error:False, FORCESERVO (FORCESERVO,RUNNING)Pos:31.33/0.00 Speed:2.89/2.99, Current:352.00 Force:0.422/1.000
2025-03-23 01:35:57,663-DEBUG-error:False, FORCESERVO (FORCESERVO,RUNNING)Pos:31.63/0.00 Speed:2.62/2.69, Current:336.00 Force:0.540/1.000
2025-03-23 01:35:57,759-DEBUG-error:False, FORCESERVO (FORCESERVO,RUNNING)Pos:31.87/0.00 Speed:3.02/2.73, Current:144.00 Force:0.522/1.000
2025-03-23 01:35:57,862-DEBUG-error:False, FORCESERVO (FORCESERVO,RUNNING)Pos:32.13/0.00 Speed:2.01/2.04, Current:192.00 Force:0.794/1.000
2025-03-23 01:35:57,959-DEBUG-error:False, FORCESERVO (FORCESERVO,RUNNING)Pos:32.40/0.00 Speed:3.77/3.79, Current:240.00 Force:0.106/1.000
2025-03-23 01:35:58,080-DEBUG-error:False, FORCESERVO (FORCESERVO,RUNNING)Pos:32.83/0.00 Speed:2.82/2.68, Current:112.00 Force:0.541/1.000
2025-03-23 01:35:58,179-DEBUG-error:False, FORCESERVO (FORCESERVO,RUNNING)Pos:33.04/0.00 Speed:1.98/1.93, Current:368.00 Force:0.822/1.000
2025-03-23 01:35:58,283-DEBUG-error:False, FORCESERVO (FORCESERVO,RUNNING)Pos:33.35/0.00 Speed:3.50/3.33, Current:272.00 Force:0.285/1.000
2025-03-23 01:35:58,381-DEBUG-error:False, FORCESERVO (FORCESERVO,RUNNING)Pos:33.59/0.00 Speed:2.29/2.11, Current:48.00 Force:0.768/1.000
2025-03-23 01:35:58,480-DEBUG-error:False, FORCESERVO (FORCESERVO,RUNNING)Pos:33.72/0.00 Speed:0.00/-0.03, Current:320.00 Force:1.613/1.000
2025-03-23 01:35:58,580-DEBUG-error:False, FORCESERVO (FORCESERVO,RUNNING)Pos:33.74/0.00 Speed:1.48/1.47, Current:304.00 Force:0.885/1.000
2025-03-23 01:35:58,685-DEBUG-error:False, FORCESERVO (FORCESERVO,RUNNING)Pos:33.98/0.00 Speed:2.29/2.05, Current:96.00 Force:0.755/1.000
2025-03-23 01:35:58,780-DEBUG-error:False, FORCESERVO (FORCESERVO,RUNNING)Pos:34.17/0.00 Speed:2.08/2.01, Current:240.00 Force:0.810/1.000
2025-03-23 01:35:58,879-DEBUG-error:False, FORCESERVO (FORCESERVO,RUNNING)Pos:34.30/0.00 Speed:0.88/0.98, Current:544.00 Force:1.193/1.000
2025-03-23 01:35:59,000-DEBUG-error:False, FORCESERVO (FORCESERVO,RUNNING)Pos:34.40/0.00 Speed:0.39/0.39, Current:176.00 Force:1.385/1.000
2025-03-23 01:35:59,100-DEBUG-error:False, FORCESERVO (FORCESERVO,RUNNING)Pos:34.42/0.00 Speed:0.20/0.20, Current:336.00 Force:1.395/1.000
2025-03-23 01:35:59,202-DEBUG-error:False, FORCESERVO (FORCESERVO,RUNNING)Pos:34.43/0.00 Speed:0.03/0.01, Current:320.00 Force:1.405/1.000
2025-03-23 01:35:59,299-DEBUG-error:False, FORCESERVO (FORCESERVO,RUNNING)Pos:34.43/0.00 Speed:0.00/-0.15, Current:192.00 Force:1.400/1.000
2025-03-23 01:35:59,409-DEBUG-error:False, FORCESERVO (FORCESERVO,RUNNING)Pos:34.43/0.00 Speed:0.04/0.06, Current:96.00 Force:1.256/1.000
2025-03-23 01:35:59,510-DEBUG-error:False, FORCESERVO (FORCESERVO,RUNNING)Pos:34.46/0.00 Speed:0.36/0.33, Current:208.00 Force:1.129/1.000
2025-03-23 01:35:59,611-DEBUG-error:False, FORCESERVO (FORCESERVO,RUNNING)Pos:34.47/0.00 Speed:0.31/0.41, Current:352.00 Force:1.068/1.000
2025-03-23 01:35:59,721-DEBUG-error:False, FORCESERVO (FORCESERVO,RUNNING)Pos:34.48/0.00 Speed:0.36/0.46, Current:400.00 Force:1.024/1.000
2025-03-23 01:35:59,834-DEBUG-error:False, FORCESERVO (FORCESERVO,RUNNING)Pos:34.58/0.00 Speed:0.73/0.68, Current:624.00 Force:0.959/1.000
2025-03-23 01:35:59,930-DEBUG-error:False, FORCESERVO (FORCESERVO,RUNNING)Pos:34.65/0.00 Speed:0.64/0.73, Current:160.00 Force:0.946/1.000
2025-03-23 01:36:00,053-DEBUG-error:False, FORCESERVO (FORCESERVO,RUNNING)Pos:34.71/0.00 Speed:0.22/0.26, Current:144.00 Force:1.123/1.000
2025-03-23 01:36:00,150-DEBUG-error:False, FORCESERVO (FORCESERVO,RUNNING)Pos:34.73/0.00 Speed:0.10/0.08, Current:288.00 Force:1.170/1.000
2025-03-23 01:36:00,249-DEBUG-error:False, FORCESERVO (FORCESERVO,RUNNING)Pos:34.73/0.00 Speed:0.00/-0.01, Current:480.00 Force:1.178/1.000
2025-03-23 01:36:00,349-DEBUG-error:False, FORCESERVO (FORCESERVO,RUNNING)Pos:34.73/0.00 Speed:0.00/-0.05, Current:144.00 Force:1.163/1.000
2025-03-23 01:36:00,450-DEBUG-error:False, FORCESERVO (FORCESERVO,RUNNING)Pos:34.73/0.00 Speed:0.00/-0.11, Current:272.00 Force:1.161/1.000
2025-03-23 01:36:00,559-DEBUG-error:False, FORCESERVO (FORCESERVO,RUNNING)Pos:34.73/0.00 Speed:0.00/-0.10, Current:352.00 Force:1.133/1.000
2025-03-23 01:36:00,663-DEBUG-error:False, FORCESERVO (FORCESERVO,RUNNING)Pos:34.73/0.00 Speed:-0.04/-0.13, Current:0.00 Force:1.124/1.000
2025-03-23 01:36:00,772-DEBUG-error:False, FORCESERVO (FORCESERVO,RUNNING)Pos:34.72/0.00 Speed:0.00/-0.09, Current:-128.00 Force:1.090/1.000
2025-03-23 01:36:00,869-DEBUG-error:False, FORCESERVO (FORCESERVO,RUNNING)Pos:34.72/0.00 Speed:-0.13/-0.17, Current:-208.00 Force:1.106/1.000
2025-03-23 01:36:00,969-DEBUG-error:False, FORCESERVO (FORCESERVO,RUNNING)Pos:34.71/0.00 Speed:-0.11/-0.07, Current:-176.00 Force:1.055/1.000
2025-03-23 01:36:01,072-DEBUG-error:False, FORCESERVO (FORCESERVO,RUNNING)Pos:34.70/0.00 Speed:-0.08/-0.03, Current:-224.00 Force:1.032/1.000
2025-03-23 01:36:01,169-DEBUG-error:False, FORCESERVO (FORCESERVO,RUNNING)Pos:34.69/0.00 Speed:-0.11/-0.17, Current:-192.00 Force:1.075/1.000
2025-03-23 01:36:01,271-DEBUG-error:False, FORCESERVO (FORCESERVO,RUNNING)Pos:34.68/0.00 Speed:-0.01/-0.08, Current:-208.00 Force:1.033/1.000
2025-03-23 01:36:01,371-DEBUG-error:False, FORCESERVO (FORCESERVO,RUNNING)Pos:34.67/0.00 Speed:0.00/-0.06, Current:-128.00 Force:1.020/1.000
2025-03-23 01:36:01,470-DEBUG-error:False, FORCESERVO (FORCESERVO,RUNNING)Pos:34.67/0.00 Speed:0.00/0.10, Current:-112.00 Force:0.963/1.000
2025-03-23 01:36:01,581-DEBUG-error:False, FORCESERVO (FORCESERVO,RUNNING)Pos:34.67/0.00 Speed:0.00/0.16, Current:16.00 Force:0.949/1.000
2025-03-23 01:36:01,689-DEBUG-error:False, FORCESERVO (FORCESERVO,RUNNING)Pos:34.68/0.00 Speed:0.00/0.17, Current:400.00 Force:0.949/1.000
2025-03-23 01:36:01,821-DEBUG-error:False, FORCESERVO (FORCESERVO,RUNNING)Pos:34.69/0.00 Speed:0.20/0.16, Current:784.00 Force:0.965/1.000
2025-03-23 01:36:01,921-DEBUG-error:False, FORCESERVO (FORCESERVO,RUNNING)Pos:34.70/0.00 Speed:0.11/0.12, Current:512.00 Force:0.983/1.000
2025-03-23 01:36:02,022-DEBUG-error:False, FORCESERVO (FORCESERVO,RUNNING)Pos:34.70/0.00 Speed:0.00/0.03, Current:112.00 Force:1.019/1.000
2025-03-23 01:36:02,126-DEBUG-error:False, FORCESERVO (FORCESERVO,RUNNING)Pos:34.71/0.00 Speed:0.00/-0.00, Current:128.00 Force:1.029/1.000
2025-03-23 01:36:02,228-DEBUG-error:False, FORCESERVO (FORCESERVO,RUNNING)Pos:34.70/0.00 Speed:0.07/0.03, Current:192.00 Force:0.998/1.000
2025-03-23 01:36:02,244-WARNING-Client: Release DexHand.
2025-03-23 01:36:02,295-DEBUG-Hand: DexHand control access has been released.
2025-03-23 01:36:02,296-INFO-Client: exiting program.
