2025-03-09 11:04:14,707-INFO-Client: Start DexHand client.
2025-03-09 11:04:14,707-INFO-Client: Try to start DexHand server.
2025-03-09 11:04:14,712-INFO-Server: Starting server...
2025-03-09 11:04:15,019-INFO-Hand: DexHand has initialized successfully.
2025-03-09 11:04:15,175-DEBUG-error:False, NORMAL (EMPTY,FINISHED)Pos:2.09/0.00 Speed:-0.01/-0.07, Current:-64.00 Force:0.531/0.500
2025-03-09 11:04:15,276-DEBUG-error:False, NORMAL (EMPTY,FINISHED)Pos:2.08/0.00 Speed:-0.03/-0.04, Current:-352.00 Force:0.495/0.500
2025-03-09 11:04:15,386-DEBUG-error:False, NORMAL (EMPTY,FINISHED)Pos:2.08/0.00 Speed:0.00/-0.02, Current:-160.00 Force:0.468/0.500
2025-03-09 11:04:15,505-DEBUG-error:False, NORMAL (EMPTY,FINISHED)Pos:2.07/0.00 Speed:0.00/-0.01, Current:-16.00 Force:0.454/0.500
2025-03-09 11:04:15,605-DEBUG-error:False, NORMAL (EMPTY,FINISHED)Pos:2.07/0.00 Speed:0.00/0.00, Current:-512.00 Force:0.449/0.500
2025-03-09 11:04:15,705-DEBUG-error:False, NORMAL (EMPTY,FINISHED)Pos:2.07/0.00 Speed:0.00/0.01, Current:48.00 Force:0.446/0.500
2025-03-09 11:04:15,805-DEBUG-error:False, NORMAL (EMPTY,FINISHED)Pos:2.07/0.00 Speed:0.00/0.02, Current:0.00 Force:0.446/0.500
2025-03-09 11:04:15,905-DEBUG-error:False, NORMAL (EMPTY,FINISHED)Pos:2.07/0.00 Speed:0.00/0.02, Current:48.00 Force:0.447/0.500
2025-03-09 11:04:16,005-DEBUG-error:False, NORMAL (EMPTY,FINISHED)Pos:2.07/0.00 Speed:0.00/0.03, Current:128.00 Force:0.446/0.500
2025-03-09 11:04:16,105-DEBUG-error:False, NORMAL (EMPTY,FINISHED)Pos:2.07/0.00 Speed:0.00/0.03, Current:-208.00 Force:0.446/0.500
2025-03-09 11:04:16,205-DEBUG-error:False, NORMAL (EMPTY,FINISHED)Pos:2.07/0.00 Speed:0.00/0.04, Current:-64.00 Force:0.449/0.500
2025-03-09 11:04:16,304-DEBUG-error:False, NORMAL (EMPTY,FINISHED)Pos:2.08/0.00 Speed:0.00/0.04, Current:-32.00 Force:0.454/0.500
2025-03-09 11:04:16,404-DEBUG-error:False, NORMAL (EMPTY,FINISHED)Pos:2.08/0.00 Speed:0.00/0.04, Current:-80.00 Force:0.454/0.500
2025-03-09 11:04:16,523-DEBUG-error:False, NORMAL (EMPTY,FINISHED)Pos:2.08/0.00 Speed:0.08/0.05, Current:240.00 Force:0.458/0.500
2025-03-09 11:04:16,624-DEBUG-error:False, NORMAL (EMPTY,FINISHED)Pos:2.08/0.00 Speed:0.00/0.05, Current:80.00 Force:0.458/0.500
2025-03-09 11:04:16,724-DEBUG-error:False, NORMAL (EMPTY,FINISHED)Pos:2.08/0.00 Speed:0.00/0.05, Current:48.00 Force:0.462/0.500
2025-03-09 11:04:16,823-DEBUG-error:False, NORMAL (EMPTY,FINISHED)Pos:2.08/0.00 Speed:0.03/0.06, Current:160.00 Force:0.465/0.500
2025-03-09 11:04:16,924-DEBUG-error:False, NORMAL (EMPTY,FINISHED)Pos:2.08/0.00 Speed:0.00/0.05, Current:208.00 Force:0.477/0.500
2025-03-09 11:04:17,023-DEBUG-error:False, NORMAL (EMPTY,FINISHED)Pos:2.08/0.00 Speed:0.00/0.04, Current:240.00 Force:0.490/0.500
2025-03-09 11:04:17,123-DEBUG-error:False, NORMAL (EMPTY,FINISHED)Pos:2.08/0.00 Speed:0.00/0.04, Current:192.00 Force:0.498/0.500
2025-03-09 11:04:17,223-DEBUG-error:False, NORMAL (EMPTY,FINISHED)Pos:2.09/0.00 Speed:0.00/0.03, Current:288.00 Force:0.511/0.500
2025-03-09 11:04:17,323-DEBUG-error:False, NORMAL (EMPTY,FINISHED)Pos:2.09/0.00 Speed:0.04/0.02, Current:192.00 Force:0.526/0.500
2025-03-09 11:04:17,423-DEBUG-error:False, NORMAL (EMPTY,FINISHED)Pos:2.09/0.00 Speed:0.00/0.01, Current:272.00 Force:0.531/0.500
2025-03-09 11:04:17,523-DEBUG-error:False, NORMAL (EMPTY,FINISHED)Pos:2.09/0.00 Speed:0.00/0.00, Current:224.00 Force:0.537/0.500
2025-03-09 11:04:17,622-DEBUG-error:False, NORMAL (EMPTY,FINISHED)Pos:2.09/0.00 Speed:0.00/-0.00, Current:256.00 Force:0.539/0.500
2025-03-09 11:04:17,723-DEBUG-error:False, NORMAL (EMPTY,FINISHED)Pos:2.09/0.00 Speed:0.00/-0.01, Current:224.00 Force:0.542/0.500
2025-03-09 11:04:17,823-DEBUG-error:False, NORMAL (EMPTY,FINISHED)Pos:2.09/0.00 Speed:0.00/-0.01, Current:176.00 Force:0.539/0.500
2025-03-09 11:04:17,922-DEBUG-error:False, NORMAL (EMPTY,FINISHED)Pos:2.09/0.00 Speed:0.00/-0.02, Current:160.00 Force:0.537/0.500
2025-03-09 11:04:18,023-DEBUG-error:False, NORMAL (EMPTY,FINISHED)Pos:2.09/0.00 Speed:0.00/-0.02, Current:176.00 Force:0.538/0.500
2025-03-09 11:04:18,122-DEBUG-error:False, NORMAL (EMPTY,FINISHED)Pos:2.09/0.00 Speed:0.00/-0.02, Current:176.00 Force:0.536/0.500
2025-03-09 11:04:18,222-DEBUG-error:False, NORMAL (EMPTY,FINISHED)Pos:2.09/0.00 Speed:-0.03/-0.03, Current:208.00 Force:0.537/0.500
2025-03-09 11:04:18,322-DEBUG-error:False, NORMAL (EMPTY,FINISHED)Pos:2.09/0.00 Speed:0.00/-0.03, Current:144.00 Force:0.535/0.500
2025-03-09 11:04:18,423-DEBUG-error:False, NORMAL (EMPTY,FINISHED)Pos:2.09/0.00 Speed:0.00/-0.03, Current:144.00 Force:0.534/0.500
2025-03-09 11:04:18,522-DEBUG-error:False, NORMAL (EMPTY,FINISHED)Pos:2.09/0.00 Speed:0.00/-0.04, Current:64.00 Force:0.533/0.500
2025-03-09 11:04:18,622-DEBUG-error:False, NORMAL (EMPTY,FINISHED)Pos:2.09/0.00 Speed:0.00/-0.04, Current:-32.00 Force:0.531/0.500
2025-03-09 11:04:18,722-DEBUG-error:False, NORMAL (EMPTY,FINISHED)Pos:2.09/0.00 Speed:0.00/-0.04, Current:160.00 Force:0.532/0.500
2025-03-09 11:04:18,822-DEBUG-error:False, NORMAL (EMPTY,FINISHED)Pos:2.09/0.00 Speed:0.00/-0.04, Current:-192.00 Force:0.528/0.500
2025-03-09 11:04:18,922-DEBUG-error:False, NORMAL (EMPTY,FINISHED)Pos:2.09/0.00 Speed:0.00/-0.05, Current:-64.00 Force:0.527/0.500
2025-03-09 11:04:19,022-DEBUG-error:False, NORMAL (EMPTY,FINISHED)Pos:2.09/0.00 Speed:0.00/-0.05, Current:-432.00 Force:0.522/0.500
2025-03-09 11:04:19,122-DEBUG-error:False, NORMAL (EMPTY,FINISHED)Pos:2.08/0.00 Speed:0.00/-0.04, Current:-528.00 Force:0.510/0.500
2025-03-09 11:04:19,222-DEBUG-error:False, NORMAL (EMPTY,FINISHED)Pos:2.08/0.00 Speed:0.00/-0.03, Current:-16.00 Force:0.499/0.500
2025-03-09 11:04:19,321-DEBUG-error:False, NORMAL (EMPTY,FINISHED)Pos:2.08/0.00 Speed:0.00/-0.02, Current:48.00 Force:0.488/0.500
2025-03-09 11:04:19,421-DEBUG-error:False, NORMAL (EMPTY,FINISHED)Pos:2.08/0.00 Speed:-0.01/-0.02, Current:0.00 Force:0.483/0.500
2025-03-09 11:04:19,521-DEBUG-error:False, NORMAL (EMPTY,FINISHED)Pos:2.08/0.00 Speed:0.00/-0.01, Current:-320.00 Force:0.476/0.500
2025-03-09 11:04:19,621-DEBUG-error:False, NORMAL (EMPTY,FINISHED)Pos:2.08/0.00 Speed:0.00/-0.01, Current:-96.00 Force:0.472/0.500
2025-03-09 11:04:19,721-DEBUG-error:False, NORMAL (EMPTY,FINISHED)Pos:2.08/0.00 Speed:0.00/-0.00, Current:-272.00 Force:0.472/0.500
2025-03-09 11:04:19,821-DEBUG-error:False, NORMAL (EMPTY,FINISHED)Pos:2.08/0.00 Speed:0.00/0.00, Current:-16.00 Force:0.471/0.500
2025-03-09 11:04:19,921-DEBUG-error:False, NORMAL (EMPTY,FINISHED)Pos:2.08/0.00 Speed:0.00/0.00, Current:-144.00 Force:0.472/0.500
2025-03-09 11:04:20,020-DEBUG-error:False, NORMAL (EMPTY,FINISHED)Pos:2.08/0.00 Speed:0.00/0.01, Current:64.00 Force:0.469/0.500
2025-03-09 11:04:20,160-DEBUG-error:False, NORMAL (EMPTY,FINISHED)Pos:2.08/0.00 Speed:0.00/0.01, Current:48.00 Force:0.472/0.500
2025-03-09 11:04:20,261-DEBUG-error:False, NORMAL (EMPTY,FINISHED)Pos:2.08/0.00 Speed:0.00/0.02, Current:-32.00 Force:0.471/0.500
2025-03-09 11:04:20,360-DEBUG-error:False, NORMAL (EMPTY,FINISHED)Pos:2.08/0.00 Speed:0.00/0.02, Current:96.00 Force:0.471/0.500
2025-03-09 11:04:20,461-DEBUG-error:False, NORMAL (EMPTY,FINISHED)Pos:2.08/0.00 Speed:0.00/0.02, Current:-112.00 Force:0.474/0.500
2025-03-09 11:04:20,560-DEBUG-error:False, NORMAL (EMPTY,FINISHED)Pos:2.08/0.00 Speed:0.00/0.03, Current:-208.00 Force:0.471/0.500
2025-03-09 11:04:20,660-DEBUG-error:False, NORMAL (EMPTY,FINISHED)Pos:2.08/0.00 Speed:0.00/0.02, Current:-32.00 Force:0.477/0.500
2025-03-09 11:04:20,770-DEBUG-error:False, NORMAL (EMPTY,FINISHED)Pos:2.08/0.00 Speed:0.00/0.03, Current:-32.00 Force:0.475/0.500
2025-03-09 11:04:20,869-DEBUG-error:False, NORMAL (EMPTY,FINISHED)Pos:2.08/0.00 Speed:0.00/0.03, Current:192.00 Force:0.476/0.500
2025-03-09 11:04:20,970-DEBUG-error:False, NORMAL (EMPTY,FINISHED)Pos:2.08/0.00 Speed:0.00/0.03, Current:32.00 Force:0.475/0.500
2025-03-09 11:04:21,070-DEBUG-error:False, NORMAL (EMPTY,FINISHED)Pos:2.08/0.00 Speed:0.00/0.03, Current:80.00 Force:0.478/0.500
2025-03-09 11:04:21,170-DEBUG-error:False, NORMAL (EMPTY,FINISHED)Pos:2.08/0.00 Speed:0.00/0.03, Current:16.00 Force:0.482/0.500
2025-03-09 11:04:21,269-DEBUG-error:False, NORMAL (EMPTY,FINISHED)Pos:2.08/0.00 Speed:0.00/0.03, Current:128.00 Force:0.484/0.500
2025-03-09 11:04:21,369-DEBUG-error:False, NORMAL (EMPTY,FINISHED)Pos:2.08/0.00 Speed:0.00/0.04, Current:160.00 Force:0.484/0.500
2025-03-09 11:04:21,470-DEBUG-error:False, NORMAL (EMPTY,FINISHED)Pos:2.08/0.00 Speed:0.00/0.03, Current:176.00 Force:0.489/0.500
2025-03-09 11:04:21,571-DEBUG-error:False, NORMAL (EMPTY,FINISHED)Pos:2.08/0.00 Speed:0.00/0.03, Current:160.00 Force:0.494/0.500
2025-03-09 11:04:21,672-DEBUG-error:False, NORMAL (EMPTY,FINISHED)Pos:2.08/0.00 Speed:0.08/0.03, Current:256.00 Force:0.499/0.500
2025-03-09 11:04:21,769-DEBUG-error:False, NORMAL (EMPTY,FINISHED)Pos:2.08/0.00 Speed:0.00/0.02, Current:272.00 Force:0.506/0.500
2025-03-09 11:04:21,870-DEBUG-error:False, NORMAL (EMPTY,FINISHED)Pos:2.09/0.00 Speed:0.00/0.02, Current:208.00 Force:0.514/0.500
2025-03-09 11:04:21,969-DEBUG-error:False, NORMAL (EMPTY,FINISHED)Pos:2.09/0.00 Speed:0.00/0.01, Current:208.00 Force:0.518/0.500
2025-03-09 11:04:22,069-DEBUG-error:False, NORMAL (EMPTY,FINISHED)Pos:2.09/0.00 Speed:0.00/0.00, Current:208.00 Force:0.526/0.500
2025-03-09 11:04:22,169-DEBUG-error:False, NORMAL (EMPTY,FINISHED)Pos:2.09/0.00 Speed:0.00/0.00, Current:304.00 Force:0.522/0.500
2025-03-09 11:04:22,269-DEBUG-error:False, NORMAL (EMPTY,FINISHED)Pos:2.09/0.00 Speed:0.00/-0.00, Current:192.00 Force:0.527/0.500
2025-03-09 11:04:22,369-DEBUG-error:False, NORMAL (EMPTY,FINISHED)Pos:2.09/0.00 Speed:0.00/-0.00, Current:240.00 Force:0.526/0.500
2025-03-09 11:04:22,469-DEBUG-error:False, NORMAL (EMPTY,FINISHED)Pos:2.09/0.00 Speed:0.00/-0.01, Current:256.00 Force:0.526/0.500
2025-03-09 11:04:22,568-DEBUG-error:False, NORMAL (EMPTY,FINISHED)Pos:2.09/0.00 Speed:0.00/-0.01, Current:160.00 Force:0.524/0.500
2025-03-09 11:04:22,668-DEBUG-error:False, NORMAL (EMPTY,FINISHED)Pos:2.09/0.00 Speed:0.00/-0.01, Current:192.00 Force:0.527/0.500
2025-03-09 11:04:22,768-DEBUG-error:False, NORMAL (EMPTY,FINISHED)Pos:2.09/0.00 Speed:0.00/-0.02, Current:224.00 Force:0.527/0.500
2025-03-09 11:04:22,868-DEBUG-error:False, NORMAL (EMPTY,FINISHED)Pos:2.09/0.00 Speed:0.00/-0.02, Current:160.00 Force:0.529/0.500
2025-03-09 11:04:22,967-DEBUG-error:False, NORMAL (EMPTY,FINISHED)Pos:2.09/0.00 Speed:0.00/-0.02, Current:128.00 Force:0.527/0.500
2025-03-09 11:04:23,069-DEBUG-error:False, NORMAL (EMPTY,FINISHED)Pos:2.09/0.00 Speed:0.00/-0.02, Current:64.00 Force:0.525/0.500
2025-03-09 11:04:23,168-DEBUG-error:False, NORMAL (EMPTY,FINISHED)Pos:2.09/0.00 Speed:0.00/-0.03, Current:144.00 Force:0.525/0.500
2025-03-09 11:04:23,268-DEBUG-error:False, NORMAL (EMPTY,FINISHED)Pos:2.09/0.00 Speed:0.00/-0.03, Current:96.00 Force:0.524/0.500
2025-03-09 11:04:23,368-DEBUG-error:False, NORMAL (EMPTY,FINISHED)Pos:2.09/0.00 Speed:0.00/-0.03, Current:0.00 Force:0.520/0.500
2025-03-09 11:04:23,478-DEBUG-error:False, NORMAL (EMPTY,FINISHED)Pos:2.09/0.00 Speed:0.00/-0.03, Current:80.00 Force:0.519/0.500
2025-03-09 11:04:23,578-DEBUG-error:False, NORMAL (EMPTY,FINISHED)Pos:2.09/0.00 Speed:0.00/-0.03, Current:0.00 Force:0.518/0.500
2025-03-09 11:04:23,678-DEBUG-error:False, NORMAL (EMPTY,FINISHED)Pos:2.09/0.00 Speed:0.00/-0.03, Current:-320.00 Force:0.519/0.500
2025-03-09 11:04:23,777-DEBUG-error:False, NORMAL (EMPTY,FINISHED)Pos:2.09/0.00 Speed:0.00/-0.04, Current:-48.00 Force:0.518/0.500
2025-03-09 11:04:23,877-DEBUG-error:False, NORMAL (EMPTY,FINISHED)Pos:2.09/0.00 Speed:0.00/-0.04, Current:-96.00 Force:0.521/0.500
2025-03-09 11:04:23,978-DEBUG-error:False, NORMAL (EMPTY,FINISHED)Pos:2.08/0.00 Speed:-0.08/-0.03, Current:-80.00 Force:0.511/0.500
2025-03-09 11:04:24,083-DEBUG-error:False, NORMAL (EMPTY,FINISHED)Pos:2.08/0.00 Speed:0.00/-0.03, Current:16.00 Force:0.507/0.500
2025-03-09 11:04:24,177-DEBUG-error:False, NORMAL (EMPTY,FINISHED)Pos:2.08/0.00 Speed:0.00/-0.02, Current:-48.00 Force:0.494/0.500
2025-03-09 11:04:24,276-DEBUG-error:False, NORMAL (EMPTY,FINISHED)Pos:2.08/0.00 Speed:0.00/-0.02, Current:-256.00 Force:0.491/0.500
2025-03-09 11:04:24,378-DEBUG-error:False, NORMAL (EMPTY,FINISHED)Pos:2.08/0.00 Speed:0.00/-0.01, Current:-16.00 Force:0.482/0.500
2025-03-09 11:04:24,477-DEBUG-error:False, NORMAL (EMPTY,FINISHED)Pos:2.08/0.00 Speed:0.00/-0.01, Current:64.00 Force:0.479/0.500
2025-03-09 11:04:24,587-DEBUG-error:False, NORMAL (EMPTY,FINISHED)Pos:2.08/0.00 Speed:0.00/-0.01, Current:-80.00 Force:0.477/0.500
2025-03-09 11:04:24,690-DEBUG-error:False, NORMAL (EMPTY,FINISHED)Pos:2.08/0.00 Speed:0.00/-0.00, Current:-608.00 Force:0.481/0.500
2025-03-09 11:04:24,788-DEBUG-error:False, NORMAL (EMPTY,FINISHED)Pos:2.08/0.00 Speed:0.00/0.00, Current:-592.00 Force:0.477/0.500
2025-03-09 11:04:24,888-DEBUG-error:False, NORMAL (EMPTY,FINISHED)Pos:2.08/0.00 Speed:0.00/0.00, Current:-32.00 Force:0.477/0.500
2025-03-09 11:04:24,988-DEBUG-error:False, NORMAL (EMPTY,FINISHED)Pos:2.08/0.00 Speed:0.00/0.01, Current:0.00 Force:0.476/0.500
2025-03-09 11:04:25,086-DEBUG-error:False, NORMAL (EMPTY,FINISHED)Pos:2.08/0.00 Speed:0.00/0.01, Current:-352.00 Force:0.473/0.500
2025-03-09 11:04:25,127-INFO-Tac3D: Tac3D has initialized successfully
2025-03-09 11:04:25,128-INFO-Server: Started.
2025-03-09 11:04:25,128-INFO-Client: Acquire DexHand control.
2025-03-09 11:04:25,161-DEBUG-Hand: Hand is under control.
2025-03-09 11:04:25,172-INFO-Client: Set DexHand's position zeropoint.
2025-03-09 11:04:25,173-INFO-Hand: Finding home position...
2025-03-09 11:04:25,187-DEBUG-error:False, SETHOME (SETZERO,RUNNING)Pos:2.06/0.00 Speed:-3.60/-4.00, Current:-400.00 Force:0.474/0.500
2025-03-09 11:04:25,286-DEBUG-error:False, SETHOME (SETZERO,RUNNING)Pos:1.67/0.00 Speed:-3.94/-4.00, Current:-96.00 Force:-0.900/0.500
2025-03-09 11:04:25,386-DEBUG-error:False, SETHOME (SETZERO,RUNNING)Pos:1.27/0.00 Speed:-4.16/-4.00, Current:-384.00 Force:-0.021/0.500
2025-03-09 11:04:25,486-DEBUG-error:False, SETHOME (SETZERO,RUNNING)Pos:0.87/0.00 Speed:-3.76/-4.00, Current:-688.00 Force:-0.016/0.500
2025-03-09 11:04:25,589-DEBUG-error:False, SETHOME (SETZERO,RUNNING)Pos:0.47/0.00 Speed:-3.97/-4.00, Current:-368.00 Force:-0.020/0.500
2025-03-09 11:04:25,687-DEBUG-error:False, SETHOME (SETZERO,RUNNING)Pos:0.07/0.00 Speed:-4.04/-4.00, Current:-448.00 Force:-0.021/0.500
2025-03-09 11:04:25,786-DEBUG-error:False, SETHOME (SETZERO,RUNNING)Pos:-0.33/0.00 Speed:-4.29/-4.00, Current:-304.00 Force:-0.023/0.500
2025-03-09 11:04:25,886-DEBUG-error:False, SETHOME (SETZERO,RUNNING)Pos:-0.73/0.00 Speed:-3.62/-4.00, Current:-432.00 Force:-0.019/0.500
2025-03-09 11:04:25,985-DEBUG-error:False, SETHOME (SETZERO,RUNNING)Pos:-1.14/0.00 Speed:-4.04/-4.00, Current:-640.00 Force:-0.021/0.500
2025-03-09 11:04:26,085-DEBUG-error:False, SETHOME (SETZERO,RUNNING)Pos:-1.54/0.00 Speed:-4.15/-4.00, Current:-448.00 Force:-0.022/0.500
2025-03-09 11:04:26,186-DEBUG-error:False, SETHOME (SETZERO,RUNNING)Pos:-1.94/0.00 Speed:-4.19/-4.00, Current:-192.00 Force:-0.021/0.500
2025-03-09 11:04:26,286-DEBUG-error:False, SETHOME (SETZERO,RUNNING)Pos:-2.34/0.00 Speed:-3.87/-4.00, Current:-80.00 Force:-0.023/0.500
2025-03-09 11:04:26,386-DEBUG-error:False, SETHOME (SETZERO,RUNNING)Pos:-2.74/0.00 Speed:-3.94/-4.00, Current:-256.00 Force:-0.023/0.500
2025-03-09 11:04:26,486-DEBUG-error:False, SETHOME (SETZERO,RUNNING)Pos:-3.14/0.00 Speed:-4.19/-4.00, Current:-352.00 Force:-0.023/0.500
2025-03-09 11:04:26,587-DEBUG-error:False, SETHOME (SETZERO,RUNNING)Pos:-3.54/0.00 Speed:-3.74/-4.00, Current:-480.00 Force:-0.023/0.500
2025-03-09 11:04:26,685-DEBUG-error:False, SETHOME (SETZERO,RUNNING)Pos:-3.94/0.00 Speed:-3.84/-4.00, Current:-336.00 Force:-0.024/0.500
2025-03-09 11:04:26,786-DEBUG-error:False, SETHOME (SETZERO,RUNNING)Pos:-4.34/0.00 Speed:-4.33/-4.00, Current:-176.00 Force:-0.022/0.500
2025-03-09 11:04:26,892-DEBUG-error:False, SETHOME (SETZERO,RUNNING)Pos:-4.74/0.00 Speed:-4.02/-4.00, Current:-448.00 Force:-0.024/0.500
2025-03-09 11:04:26,985-DEBUG-error:False, SETHOME (SETZERO,RUNNING)Pos:-5.14/0.00 Speed:-4.04/-4.00, Current:-336.00 Force:-0.023/0.500
2025-03-09 11:04:27,085-DEBUG-error:False, SETHOME (SETZERO,RUNNING)Pos:-5.55/0.00 Speed:-3.77/-4.00, Current:-320.00 Force:-0.019/0.500
2025-03-09 11:04:27,187-DEBUG-error:False, SETHOME (SETZERO,RUNNING)Pos:-5.95/0.00 Speed:-4.08/-4.00, Current:-128.00 Force:-0.025/0.500
2025-03-09 11:04:27,287-DEBUG-error:False, SETHOME (SETZERO,RUNNING)Pos:-6.35/0.00 Speed:-3.99/-4.00, Current:-352.00 Force:-0.023/0.500
2025-03-09 11:04:27,385-DEBUG-error:False, SETHOME (SETZERO,RUNNING)Pos:-6.75/0.00 Speed:-3.97/-4.00, Current:-352.00 Force:-0.023/0.500
2025-03-09 11:04:27,484-DEBUG-error:False, SETHOME (SETZERO,RUNNING)Pos:-7.15/0.00 Speed:-4.02/-4.00, Current:-224.00 Force:-0.024/0.500
2025-03-09 11:04:27,585-DEBUG-error:False, SETHOME (SETZERO,RUNNING)Pos:-7.55/0.00 Speed:-4.04/-4.00, Current:-256.00 Force:-0.024/0.500
2025-03-09 11:04:27,684-DEBUG-error:False, SETHOME (SETZERO,RUNNING)Pos:-7.96/0.00 Speed:-4.20/-4.00, Current:-272.00 Force:-0.027/0.500
2025-03-09 11:04:27,785-DEBUG-error:False, SETHOME (SETZERO,RUNNING)Pos:-8.35/0.00 Speed:-3.81/-4.00, Current:-384.00 Force:-0.025/0.500
2025-03-09 11:04:27,885-DEBUG-error:False, SETHOME (SETZERO,RUNNING)Pos:-8.75/0.00 Speed:-3.76/-4.00, Current:-640.00 Force:-0.025/0.500
2025-03-09 11:04:27,984-DEBUG-error:False, SETHOME (SETZERO,RUNNING)Pos:-9.16/0.00 Speed:-4.22/-4.00, Current:-48.00 Force:-0.024/0.500
2025-03-09 11:04:28,099-DEBUG-error:False, SETHOME (SETZERO,RUNNING)Pos:-9.59/0.00 Speed:-3.71/-4.00, Current:-448.00 Force:-0.024/0.500
2025-03-09 11:04:28,194-DEBUG-error:False, SETHOME (SETZERO,RUNNING)Pos:-9.99/0.00 Speed:-4.23/-4.00, Current:-288.00 Force:-0.024/0.500
2025-03-09 11:04:28,295-DEBUG-error:False, SETHOME (SETZERO,RUNNING)Pos:-10.39/0.00 Speed:-4.09/-4.00, Current:-320.00 Force:-0.024/0.500
2025-03-09 11:04:28,396-DEBUG-error:False, SETHOME (SETZERO,RUNNING)Pos:-10.80/0.00 Speed:-4.08/-4.00, Current:-304.00 Force:-0.025/0.500
2025-03-09 11:04:28,496-DEBUG-error:False, SETHOME (SETZERO,RUNNING)Pos:-11.20/0.00 Speed:-3.66/-4.00, Current:-400.00 Force:-0.024/0.500
2025-03-09 11:04:28,595-DEBUG-error:False, SETHOME (SETZERO,RUNNING)Pos:-11.60/0.00 Speed:-4.15/-4.00, Current:16.00 Force:-0.027/0.500
2025-03-09 11:04:28,698-DEBUG-error:False, SETHOME (SETZERO,RUNNING)Pos:-12.00/0.00 Speed:-4.08/-4.00, Current:-96.00 Force:-0.024/0.500
2025-03-09 11:04:28,794-DEBUG-error:False, SETHOME (SETZERO,RUNNING)Pos:-12.41/0.00 Speed:-3.78/-4.00, Current:-160.00 Force:-0.024/0.500
2025-03-09 11:04:28,894-DEBUG-error:False, SETHOME (SETZERO,RUNNING)Pos:-12.81/0.00 Speed:-3.91/-4.00, Current:-272.00 Force:-0.026/0.500
2025-03-09 11:04:28,996-DEBUG-error:False, SETHOME (SETZERO,RUNNING)Pos:-13.21/0.00 Speed:-3.77/-4.00, Current:-352.00 Force:-0.026/0.500
2025-03-09 11:04:29,093-DEBUG-error:False, SETHOME (SETZERO,RUNNING)Pos:-13.60/0.00 Speed:-3.83/-4.00, Current:-416.00 Force:-0.023/0.500
2025-03-09 11:04:29,195-DEBUG-error:False, SETHOME (SETZERO,RUNNING)Pos:-14.00/0.00 Speed:-3.98/-4.00, Current:-320.00 Force:-0.023/0.500
2025-03-09 11:04:29,297-DEBUG-error:False, SETHOME (SETZERO,RUNNING)Pos:-14.41/0.00 Speed:-3.85/-4.00, Current:-368.00 Force:-0.025/0.500
2025-03-09 11:04:29,394-DEBUG-error:False, SETHOME (SETZERO,RUNNING)Pos:-14.80/0.00 Speed:-4.02/-4.00, Current:-112.00 Force:-0.024/0.500
2025-03-09 11:04:29,495-DEBUG-error:False, SETHOME (SETZERO,RUNNING)Pos:-15.21/0.00 Speed:-4.17/-4.00, Current:-720.00 Force:-0.024/0.500
2025-03-09 11:04:29,595-DEBUG-error:False, SETHOME (SETZERO,RUNNING)Pos:-15.61/0.00 Speed:-3.90/-4.00, Current:-464.00 Force:-0.023/0.500
2025-03-09 11:04:29,693-DEBUG-error:False, SETHOME (SETZERO,RUNNING)Pos:-16.01/0.00 Speed:-3.71/-4.00, Current:-224.00 Force:-0.024/0.500
2025-03-09 11:04:29,793-DEBUG-error:False, SETHOME (SETZERO,RUNNING)Pos:-16.41/0.00 Speed:-4.12/-4.00, Current:-256.00 Force:-0.025/0.500
2025-03-09 11:04:29,893-DEBUG-error:False, SETHOME (SETZERO,RUNNING)Pos:-16.81/0.00 Speed:-3.97/-4.00, Current:-384.00 Force:-0.025/0.500
2025-03-09 11:04:29,994-DEBUG-error:False, SETHOME (SETZERO,RUNNING)Pos:-17.22/0.00 Speed:-3.94/-4.00, Current:-272.00 Force:-0.026/0.500
2025-03-09 11:04:30,092-DEBUG-error:False, SETHOME (SETZERO,RUNNING)Pos:-17.61/0.00 Speed:-4.08/-4.00, Current:-240.00 Force:-0.029/0.500
2025-03-09 11:04:30,195-DEBUG-error:False, SETHOME (SETZERO,RUNNING)Pos:-18.01/0.00 Speed:-4.15/-4.00, Current:-416.00 Force:-0.027/0.500
2025-03-09 11:04:30,294-DEBUG-error:False, SETHOME (SETZERO,RUNNING)Pos:-18.42/0.00 Speed:-4.11/-4.00, Current:-144.00 Force:-0.027/0.500
2025-03-09 11:04:30,395-DEBUG-error:False, SETHOME (SETZERO,RUNNING)Pos:-18.81/0.00 Speed:-3.81/-4.00, Current:-224.00 Force:-0.028/0.500
2025-03-09 11:04:30,494-DEBUG-error:False, SETHOME (SETZERO,RUNNING)Pos:-19.22/0.00 Speed:-4.27/-4.00, Current:-16.00 Force:-0.023/0.500
2025-03-09 11:04:30,593-DEBUG-error:False, SETHOME (SETZERO,RUNNING)Pos:-19.61/0.00 Speed:-4.19/-4.00, Current:-176.00 Force:-0.025/0.500
2025-03-09 11:04:30,695-DEBUG-error:False, SETHOME (SETZERO,RUNNING)Pos:-20.02/0.00 Speed:-3.97/-4.00, Current:-480.00 Force:-0.024/0.500
2025-03-09 11:04:30,793-DEBUG-error:False, SETHOME (SETZERO,RUNNING)Pos:-20.42/0.00 Speed:-3.49/-4.00, Current:-480.00 Force:-0.026/0.500
2025-03-09 11:04:30,896-DEBUG-error:False, SETHOME (SETZERO,RUNNING)Pos:-20.82/0.00 Speed:-4.11/-4.00, Current:-288.00 Force:-0.024/0.500
2025-03-09 11:04:30,993-DEBUG-error:False, SETHOME (SETZERO,RUNNING)Pos:-21.22/0.00 Speed:-4.19/-4.00, Current:-352.00 Force:-0.025/0.500
2025-03-09 11:04:31,094-DEBUG-error:False, SETHOME (SETZERO,RUNNING)Pos:-21.62/0.00 Speed:-3.84/-4.00, Current:-560.00 Force:-0.025/0.500
2025-03-09 11:04:31,193-DEBUG-error:False, SETHOME (SETZERO,RUNNING)Pos:-22.02/0.00 Speed:-4.05/-4.00, Current:-192.00 Force:-0.027/0.500
2025-03-09 11:04:31,292-DEBUG-error:False, SETHOME (SETZERO,RUNNING)Pos:-22.42/0.00 Speed:-4.13/-4.00, Current:-144.00 Force:-0.024/0.500
2025-03-09 11:04:31,393-DEBUG-error:False, SETHOME (SETZERO,RUNNING)Pos:-22.83/0.00 Speed:-4.17/-4.00, Current:-128.00 Force:-0.024/0.500
2025-03-09 11:04:31,491-DEBUG-error:False, SETHOME (SETZERO,RUNNING)Pos:-23.22/0.00 Speed:-3.87/-4.00, Current:-352.00 Force:-0.024/0.500
2025-03-09 11:04:31,594-DEBUG-error:False, SETHOME (SETZERO,RUNNING)Pos:-23.62/0.00 Speed:-3.66/-4.00, Current:-448.00 Force:-0.022/0.500
2025-03-09 11:04:31,693-DEBUG-error:False, SETHOME (SETZERO,RUNNING)Pos:-24.02/0.00 Speed:-4.30/-4.00, Current:-272.00 Force:-0.029/0.500
2025-03-09 11:04:31,795-DEBUG-error:False, SETHOME (SETZERO,RUNNING)Pos:-24.43/0.00 Speed:-4.19/-4.00, Current:-272.00 Force:-0.026/0.500
2025-03-09 11:04:31,892-DEBUG-error:False, SETHOME (SETZERO,RUNNING)Pos:-24.82/0.00 Speed:-3.62/-4.00, Current:-384.00 Force:-0.026/0.500
2025-03-09 11:04:31,994-DEBUG-error:False, SETHOME (SETZERO,RUNNING)Pos:-25.22/0.00 Speed:-4.06/-4.00, Current:-80.00 Force:-0.027/0.500
2025-03-09 11:04:32,096-DEBUG-error:False, SETHOME (SETZERO,RUNNING)Pos:-25.63/0.00 Speed:-4.13/-4.00, Current:-48.00 Force:-0.028/0.500
2025-03-09 11:04:32,193-DEBUG-error:False, SETHOME (SETZERO,RUNNING)Pos:-26.03/0.00 Speed:-4.12/-4.00, Current:-16.00 Force:-0.025/0.500
2025-03-09 11:04:32,292-DEBUG-error:False, SETHOME (SETZERO,RUNNING)Pos:-26.43/0.00 Speed:-3.73/-4.00, Current:-640.00 Force:-0.027/0.500
2025-03-09 11:04:32,393-DEBUG-error:False, SETHOME (SETZERO,RUNNING)Pos:-26.84/0.00 Speed:-4.12/-4.00, Current:-320.00 Force:-0.023/0.500
2025-03-09 11:04:32,495-DEBUG-error:False, SETHOME (SETZERO,RUNNING)Pos:-27.24/0.00 Speed:-4.16/-4.00, Current:-224.00 Force:-0.025/0.500
2025-03-09 11:04:32,592-DEBUG-error:False, SETHOME (SETZERO,RUNNING)Pos:-27.64/0.00 Speed:-3.92/-4.00, Current:-304.00 Force:-0.025/0.500
2025-03-09 11:04:32,692-DEBUG-error:False, SETHOME (SETZERO,RUNNING)Pos:-28.04/0.00 Speed:-4.04/-4.00, Current:-272.00 Force:-0.027/0.500
2025-03-09 11:04:32,792-DEBUG-error:False, SETHOME (SETZERO,RUNNING)Pos:-28.44/0.00 Speed:-3.76/-4.00, Current:-224.00 Force:-0.023/0.500
2025-03-09 11:04:32,894-DEBUG-error:False, SETHOME (SETZERO,RUNNING)Pos:-28.84/0.00 Speed:-4.17/-4.00, Current:-128.00 Force:-0.025/0.500
2025-03-09 11:04:32,993-DEBUG-error:False, SETHOME (SETZERO,RUNNING)Pos:-29.24/0.00 Speed:-4.06/-4.00, Current:-400.00 Force:-0.025/0.500
2025-03-09 11:04:33,093-DEBUG-error:False, SETHOME (SETZERO,RUNNING)Pos:-29.64/0.00 Speed:-3.71/-4.00, Current:-208.00 Force:-0.023/0.500
2025-03-09 11:04:33,192-DEBUG-error:False, SETHOME (SETZERO,RUNNING)Pos:-30.04/0.00 Speed:-3.97/-4.00, Current:-336.00 Force:-0.025/0.500
2025-03-09 11:04:33,291-DEBUG-error:False, SETHOME (SETZERO,RUNNING)Pos:-30.44/0.00 Speed:-4.20/-4.00, Current:-368.00 Force:-0.022/0.500
2025-03-09 11:04:33,392-DEBUG-error:False, SETHOME (SETZERO,RUNNING)Pos:-30.84/0.00 Speed:-4.19/-4.00, Current:-336.00 Force:-0.024/0.500
2025-03-09 11:04:33,492-DEBUG-error:False, SETHOME (SETZERO,RUNNING)Pos:-31.24/0.00 Speed:-4.04/-4.00, Current:-288.00 Force:-0.029/0.500
2025-03-09 11:04:33,592-DEBUG-error:False, SETHOME (SETZERO,RUNNING)Pos:-31.64/0.00 Speed:-4.04/-4.00, Current:-560.00 Force:-0.025/0.500
2025-03-09 11:04:33,692-DEBUG-error:False, SETHOME (SETZERO,RUNNING)Pos:-32.05/0.00 Speed:-4.23/-4.00, Current:32.00 Force:-0.024/0.500
2025-03-09 11:04:33,792-DEBUG-error:False, SETHOME (SETZERO,RUNNING)Pos:-32.45/0.00 Speed:-3.84/-4.00, Current:-448.00 Force:-0.026/0.500
2025-03-09 11:04:33,891-DEBUG-error:False, SETHOME (SETZERO,RUNNING)Pos:-32.84/0.00 Speed:-3.85/-4.00, Current:-368.00 Force:-0.025/0.500
2025-03-09 11:04:33,992-DEBUG-error:False, SETHOME (SETZERO,RUNNING)Pos:-33.25/0.00 Speed:-4.17/-4.00, Current:-128.00 Force:-0.025/0.500
2025-03-09 11:04:34,092-DEBUG-error:False, SETHOME (SETZERO,RUNNING)Pos:-33.65/0.00 Speed:-4.01/-4.00, Current:-320.00 Force:-0.024/0.500
2025-03-09 11:04:34,193-DEBUG-error:False, SETHOME (SETZERO,RUNNING)Pos:-34.04/0.00 Speed:-3.77/-4.00, Current:-512.00 Force:-0.025/0.500
2025-03-09 11:04:34,293-DEBUG-error:False, SETHOME (SETZERO,RUNNING)Pos:-34.44/0.00 Speed:-3.99/-4.00, Current:-352.00 Force:-0.026/0.500
2025-03-09 11:04:34,391-DEBUG-error:False, SETHOME (SETZERO,RUNNING)Pos:-34.84/0.00 Speed:-3.95/-4.00, Current:-384.00 Force:-0.027/0.500
2025-03-09 11:04:34,491-DEBUG-error:False, SETHOME (SETZERO,RUNNING)Pos:-35.25/0.00 Speed:-4.13/-4.00, Current:-624.00 Force:-0.024/0.500
2025-03-09 11:04:34,594-DEBUG-error:False, SETHOME (SETZERO,RUNNING)Pos:-35.65/0.00 Speed:-3.76/-4.00, Current:-224.00 Force:-0.026/0.500
2025-03-09 11:04:34,694-DEBUG-error:False, SETHOME (SETZERO,RUNNING)Pos:-36.05/0.00 Speed:-3.85/-4.00, Current:-624.00 Force:-0.028/0.500
2025-03-09 11:04:34,792-DEBUG-error:False, SETHOME (SETZERO,RUNNING)Pos:-36.45/0.00 Speed:-4.02/-4.00, Current:-128.00 Force:-0.029/0.500
2025-03-09 11:04:34,892-DEBUG-error:False, SETHOME (SETZERO,RUNNING)Pos:-36.85/0.00 Speed:-4.20/-4.00, Current:-256.00 Force:-0.028/0.500
2025-03-09 11:04:34,991-DEBUG-error:False, SETHOME (SETZERO,RUNNING)Pos:-37.25/0.00 Speed:-3.73/-4.00, Current:-400.00 Force:-0.028/0.500
2025-03-09 11:04:35,091-DEBUG-error:False, SETHOME (SETZERO,RUNNING)Pos:-37.65/0.00 Speed:-3.91/-4.00, Current:-320.00 Force:-0.028/0.500
2025-03-09 11:04:35,191-DEBUG-error:False, SETHOME (SETZERO,RUNNING)Pos:-38.05/0.00 Speed:-4.22/-4.00, Current:-224.00 Force:-0.027/0.500
2025-03-09 11:04:35,294-DEBUG-error:False, SETHOME (SETZERO,RUNNING)Pos:-38.46/0.00 Speed:-4.11/-4.00, Current:-256.00 Force:-0.029/0.500
2025-03-09 11:04:35,391-DEBUG-error:False, SETHOME (SETZERO,RUNNING)Pos:-38.86/0.00 Speed:-3.81/-4.00, Current:-240.00 Force:-0.031/0.500
2025-03-09 11:04:35,490-DEBUG-error:False, SETHOME (SETZERO,RUNNING)Pos:-39.26/0.00 Speed:-4.08/-4.00, Current:-224.00 Force:-0.027/0.500
2025-03-09 11:04:35,592-DEBUG-error:False, SETHOME (SETZERO,RUNNING)Pos:-39.65/0.00 Speed:-4.22/-4.00, Current:-736.00 Force:-0.024/0.500
2025-03-09 11:04:35,691-DEBUG-error:False, SETHOME (SETZERO,RUNNING)Pos:-40.06/0.00 Speed:-4.05/-4.00, Current:-272.00 Force:-0.027/0.500
2025-03-09 11:04:35,793-DEBUG-error:False, SETHOME (SETZERO,RUNNING)Pos:-40.46/0.00 Speed:-3.76/-4.00, Current:-416.00 Force:-0.030/0.500
2025-03-09 11:04:35,891-DEBUG-error:False, SETHOME (SETZERO,RUNNING)Pos:-40.86/0.00 Speed:-3.92/-4.00, Current:-352.00 Force:-0.031/0.500
2025-03-09 11:04:35,992-DEBUG-error:False, SETHOME (SETZERO,RUNNING)Pos:-41.26/0.00 Speed:-4.29/-4.00, Current:-272.00 Force:-0.026/0.500
2025-03-09 11:04:36,090-DEBUG-error:False, SETHOME (SETZERO,RUNNING)Pos:-41.66/0.00 Speed:-3.85/-4.00, Current:-368.00 Force:-0.026/0.500
2025-03-09 11:04:36,194-DEBUG-error:False, SETHOME (SETZERO,RUNNING)Pos:-42.06/0.00 Speed:-3.85/-4.00, Current:-720.00 Force:-0.027/0.500
2025-03-09 11:04:36,294-DEBUG-error:False, SETHOME (SETZERO,RUNNING)Pos:-42.46/0.00 Speed:-4.29/-4.00, Current:-96.00 Force:-0.025/0.500
2025-03-09 11:04:36,391-DEBUG-error:False, SETHOME (SETZERO,RUNNING)Pos:-42.86/0.00 Speed:-4.09/-4.00, Current:-528.00 Force:-0.029/0.500
2025-03-09 11:04:36,491-DEBUG-error:False, SETHOME (SETZERO,RUNNING)Pos:-43.26/0.00 Speed:-4.09/-4.00, Current:-176.00 Force:-0.026/0.500
2025-03-09 11:04:36,592-DEBUG-error:False, SETHOME (SETZERO,RUNNING)Pos:-43.66/0.00 Speed:-3.80/-4.00, Current:-272.00 Force:-0.024/0.500
2025-03-09 11:04:36,690-DEBUG-error:False, SETHOME (SETZERO,RUNNING)Pos:-44.06/0.00 Speed:-3.92/-4.00, Current:-368.00 Force:-0.026/0.500
2025-03-09 11:04:36,795-DEBUG-error:False, SETHOME (SETZERO,RUNNING)Pos:-44.47/0.00 Speed:-4.08/-4.00, Current:-368.00 Force:-0.027/0.500
2025-03-09 11:04:36,890-DEBUG-error:False, SETHOME (SETZERO,RUNNING)Pos:-44.86/0.00 Speed:-3.91/-4.00, Current:-384.00 Force:-0.027/0.500
2025-03-09 11:04:36,990-DEBUG-error:False, SETHOME (SETZERO,RUNNING)Pos:-45.23/0.00 Speed:-2.92/-4.00, Current:-1360.00 Force:-0.025/0.500
2025-03-09 11:04:37,065-INFO-Hand: Home position is found.
2025-03-09 11:04:37,066-INFO-Client: exiting program.
2025-03-09 11:04:37,071-INFO-Client: Halt DexHand.
2025-03-09 11:04:37,076-WARNING-Server: Got emergency task Halt.
2025-03-09 11:04:37,077-INFO-Hand: Halting DexHand...
2025-03-09 11:04:37,089-INFO-Hand: DexHand has halted.
2025-03-09 11:04:37,089-INFO-Hand: DexHand service is available again.
2025-03-09 11:04:37,090-DEBUG-error:False, STOP (SETZERO,ABORTED)Pos:-0.13/0.00 Speed:-0.08/0.00, Current:-1712.00 Force:-0.026/0.500
2025-03-09 11:04:37,090-WARNING-Client: Release DexHand.
2025-03-09 11:04:37,125-DEBUG-Hand: DexHand control access has been released.
