2025-03-17 20:32:26,871-INFO-Client: Start DexHand client.
2025-03-17 20:32:26,872-INFO-Client: Try to start DexHand server.
2025-03-17 20:32:26,875-INFO-Server: Starting server...
2025-03-17 20:32:26,876-INFO-Server: Started.
2025-03-17 20:32:26,876-INFO-Client: exiting program.
2025-03-17 20:32:40,490-INFO-Client: Start DexHand client.
2025-03-17 20:32:40,490-INFO-Client: Try to start DexHand server.
2025-03-17 20:32:40,494-INFO-Server: Starting server...
2025-03-17 20:32:40,494-INFO-Server: Started.
2025-03-17 20:32:40,495-INFO-Client: Acquire DexHand control.
2025-03-17 20:32:40,511-DEBUG-Hand: Hand is under control.
2025-03-17 20:32:40,511-INFO-Client: Set DexHand's position zeropoint.
2025-03-17 20:32:40,527-INFO-Hand: Finding home position...
2025-03-17 20:32:40,579-DEBUG-error:False, SETHOME (SETZERO,RUNNING)Pos:47.76/0.00 Speed:-3.94/-4.00, Current:-16.00 Force:4.552/5.000
2025-03-17 20:32:40,679-DEBUG-error:False, SETHOME (SETZERO,RUNNING)Pos:47.39/0.00 Speed:-3.50/-4.00, Current:-256.00 Force:1.468/5.000
2025-03-17 20:32:40,778-DEBUG-error:False, SETHOME (SETZERO,RUNNING)Pos:47.01/0.00 Speed:-3.99/-4.00, Current:-624.00 Force:-0.486/5.000
2025-03-17 20:32:40,878-DEBUG-error:False, SETHOME (SETZERO,RUNNING)Pos:46.62/0.00 Speed:-3.62/-4.00, Current:-496.00 Force:0.049/5.000
2025-03-17 20:32:40,979-DEBUG-error:False, SETHOME (SETZERO,RUNNING)Pos:46.21/0.00 Speed:-3.92/-4.00, Current:-32.00 Force:0.004/5.000
2025-03-17 20:32:41,078-DEBUG-error:False, SETHOME (SETZERO,RUNNING)Pos:45.81/0.00 Speed:-4.05/-4.00, Current:-240.00 Force:0.008/5.000
2025-03-17 20:32:41,178-DEBUG-error:False, SETHOME (SETZERO,RUNNING)Pos:45.41/0.00 Speed:-3.87/-4.00, Current:-528.00 Force:0.008/5.000
2025-03-17 20:32:41,279-DEBUG-error:False, SETHOME (SETZERO,RUNNING)Pos:45.01/0.00 Speed:-3.84/-4.00, Current:-448.00 Force:0.001/5.000
2025-03-17 20:32:41,379-DEBUG-error:False, SETHOME (SETZERO,RUNNING)Pos:44.61/0.00 Speed:-4.08/-4.00, Current:-224.00 Force:0.009/5.000
2025-03-17 20:32:41,478-DEBUG-error:False, SETHOME (SETZERO,RUNNING)Pos:44.20/0.00 Speed:-4.22/-4.00, Current:-208.00 Force:0.005/5.000
2025-03-17 20:32:41,578-DEBUG-error:False, SETHOME (SETZERO,RUNNING)Pos:43.80/0.00 Speed:-4.05/-4.00, Current:-288.00 Force:0.007/5.000
2025-03-17 20:32:41,678-DEBUG-error:False, SETHOME (SETZERO,RUNNING)Pos:43.40/0.00 Speed:-3.95/-4.00, Current:-560.00 Force:0.005/5.000
2025-03-17 20:32:41,779-DEBUG-error:False, SETHOME (SETZERO,RUNNING)Pos:43.00/0.00 Speed:-4.12/-4.00, Current:-592.00 Force:0.004/5.000
2025-03-17 20:32:41,878-DEBUG-error:False, SETHOME (SETZERO,RUNNING)Pos:42.60/0.00 Speed:-4.12/-4.00, Current:-160.00 Force:0.003/5.000
2025-03-17 20:32:41,977-DEBUG-error:False, SETHOME (SETZERO,RUNNING)Pos:42.20/0.00 Speed:-4.36/-4.00, Current:-592.00 Force:0.008/5.000
2025-03-17 20:32:42,077-DEBUG-error:False, SETHOME (SETZERO,RUNNING)Pos:41.81/0.00 Speed:-3.57/-4.00, Current:-608.00 Force:0.003/5.000
2025-03-17 20:32:42,179-DEBUG-error:False, SETHOME (SETZERO,RUNNING)Pos:41.40/0.00 Speed:-4.04/-4.00, Current:-336.00 Force:0.006/5.000
2025-03-17 20:32:42,279-DEBUG-error:False, SETHOME (SETZERO,RUNNING)Pos:41.00/0.00 Speed:-4.08/-4.00, Current:-336.00 Force:0.002/5.000
2025-03-17 20:32:42,378-DEBUG-error:False, SETHOME (SETZERO,RUNNING)Pos:40.60/0.00 Speed:-3.71/-4.00, Current:-464.00 Force:0.005/5.000
2025-03-17 20:32:42,478-DEBUG-error:False, SETHOME (SETZERO,RUNNING)Pos:40.21/0.00 Speed:-4.02/-4.00, Current:-304.00 Force:0.004/5.000
2025-03-17 20:32:42,580-DEBUG-error:False, SETHOME (SETZERO,RUNNING)Pos:39.80/0.00 Speed:-4.12/-4.00, Current:-48.00 Force:0.003/5.000
2025-03-17 20:32:42,678-DEBUG-error:False, SETHOME (SETZERO,RUNNING)Pos:39.40/0.00 Speed:-4.16/-4.00, Current:-704.00 Force:0.006/5.000
2025-03-17 20:32:42,778-DEBUG-error:False, SETHOME (SETZERO,RUNNING)Pos:39.00/0.00 Speed:-3.90/-4.00, Current:-32.00 Force:0.003/5.000
2025-03-17 20:32:42,878-DEBUG-error:False, SETHOME (SETZERO,RUNNING)Pos:38.59/0.00 Speed:-3.78/-4.00, Current:-384.00 Force:0.004/5.000
2025-03-17 20:32:42,978-DEBUG-error:False, SETHOME (SETZERO,RUNNING)Pos:38.19/0.00 Speed:-4.20/-4.00, Current:-256.00 Force:0.003/5.000
2025-03-17 20:32:43,078-DEBUG-error:False, SETHOME (SETZERO,RUNNING)Pos:37.79/0.00 Speed:-4.16/-4.00, Current:-272.00 Force:0.005/5.000
2025-03-17 20:32:43,178-DEBUG-error:False, SETHOME (SETZERO,RUNNING)Pos:37.39/0.00 Speed:-3.90/-4.00, Current:-304.00 Force:0.001/5.000
2025-03-17 20:32:43,277-DEBUG-error:False, SETHOME (SETZERO,RUNNING)Pos:36.99/0.00 Speed:-3.88/-4.00, Current:-320.00 Force:0.002/5.000
2025-03-17 20:32:43,378-DEBUG-error:False, SETHOME (SETZERO,RUNNING)Pos:36.59/0.00 Speed:-3.94/-4.00, Current:-240.00 Force:0.005/5.000
2025-03-17 20:32:43,477-DEBUG-error:False, SETHOME (SETZERO,RUNNING)Pos:36.19/0.00 Speed:-4.01/-4.00, Current:-160.00 Force:0.006/5.000
2025-03-17 20:32:43,577-DEBUG-error:False, SETHOME (SETZERO,RUNNING)Pos:35.79/0.00 Speed:-3.95/-4.00, Current:-144.00 Force:0.009/5.000
2025-03-17 20:32:43,677-DEBUG-error:False, SETHOME (SETZERO,RUNNING)Pos:35.38/0.00 Speed:-4.13/-4.00, Current:-272.00 Force:0.005/5.000
2025-03-17 20:32:43,780-DEBUG-error:False, SETHOME (SETZERO,RUNNING)Pos:34.98/0.00 Speed:-4.20/-4.00, Current:-576.00 Force:-0.000/5.000
2025-03-17 20:32:43,878-DEBUG-error:False, SETHOME (SETZERO,RUNNING)Pos:34.58/0.00 Speed:-4.06/-4.00, Current:-208.00 Force:0.004/5.000
2025-03-17 20:32:43,977-DEBUG-error:False, SETHOME (SETZERO,RUNNING)Pos:34.18/0.00 Speed:-3.77/-4.00, Current:-304.00 Force:0.003/5.000
2025-03-17 20:32:44,080-DEBUG-error:False, SETHOME (SETZERO,RUNNING)Pos:33.78/0.00 Speed:-3.91/-4.00, Current:-272.00 Force:0.002/5.000
2025-03-17 20:32:44,180-DEBUG-error:False, SETHOME (SETZERO,RUNNING)Pos:33.38/0.00 Speed:-4.23/-4.00, Current:-176.00 Force:0.002/5.000
2025-03-17 20:32:44,280-DEBUG-error:False, SETHOME (SETZERO,RUNNING)Pos:32.97/0.00 Speed:-4.22/-4.00, Current:-48.00 Force:0.004/5.000
2025-03-17 20:32:44,378-DEBUG-error:False, SETHOME (SETZERO,RUNNING)Pos:32.58/0.00 Speed:-3.81/-4.00, Current:-96.00 Force:0.003/5.000
2025-03-17 20:32:44,479-DEBUG-error:False, SETHOME (SETZERO,RUNNING)Pos:32.18/0.00 Speed:-3.84/-4.00, Current:-64.00 Force:0.007/5.000
2025-03-17 20:32:44,578-DEBUG-error:False, SETHOME (SETZERO,RUNNING)Pos:31.78/0.00 Speed:-3.95/-4.00, Current:-160.00 Force:0.005/5.000
2025-03-17 20:32:44,680-DEBUG-error:False, SETHOME (SETZERO,RUNNING)Pos:31.38/0.00 Speed:-4.12/-4.00, Current:-240.00 Force:0.004/5.000
2025-03-17 20:32:44,778-DEBUG-error:False, SETHOME (SETZERO,RUNNING)Pos:30.98/0.00 Speed:-3.85/-4.00, Current:-384.00 Force:0.008/5.000
2025-03-17 20:32:44,878-DEBUG-error:False, SETHOME (SETZERO,RUNNING)Pos:30.58/0.00 Speed:-3.92/-4.00, Current:-400.00 Force:0.003/5.000
2025-03-17 20:32:44,979-DEBUG-error:False, SETHOME (SETZERO,RUNNING)Pos:30.18/0.00 Speed:-4.19/-4.00, Current:-288.00 Force:0.007/5.000
2025-03-17 20:32:45,079-DEBUG-error:False, SETHOME (SETZERO,RUNNING)Pos:29.77/0.00 Speed:-4.12/-4.00, Current:-96.00 Force:0.009/5.000
2025-03-17 20:32:45,178-DEBUG-error:False, SETHOME (SETZERO,RUNNING)Pos:29.38/0.00 Speed:-3.94/-4.00, Current:-224.00 Force:0.005/5.000
2025-03-17 20:32:45,282-DEBUG-error:False, SETHOME (SETZERO,RUNNING)Pos:28.97/0.00 Speed:-4.02/-4.00, Current:-720.00 Force:0.007/5.000
2025-03-17 20:32:45,378-DEBUG-error:False, SETHOME (SETZERO,RUNNING)Pos:28.57/0.00 Speed:-4.17/-4.00, Current:-144.00 Force:0.003/5.000
2025-03-17 20:32:45,480-DEBUG-error:False, SETHOME (SETZERO,RUNNING)Pos:28.17/0.00 Speed:-4.05/-4.00, Current:-528.00 Force:0.006/5.000
2025-03-17 20:32:45,578-DEBUG-error:False, SETHOME (SETZERO,RUNNING)Pos:27.76/0.00 Speed:-3.56/-4.00, Current:-448.00 Force:0.004/5.000
2025-03-17 20:32:45,678-DEBUG-error:False, SETHOME (SETZERO,RUNNING)Pos:27.37/0.00 Speed:-3.87/-4.00, Current:-336.00 Force:0.008/5.000
2025-03-17 20:32:45,777-DEBUG-error:False, SETHOME (SETZERO,RUNNING)Pos:26.97/0.00 Speed:-4.17/-4.00, Current:-192.00 Force:0.004/5.000
2025-03-17 20:32:45,878-DEBUG-error:False, SETHOME (SETZERO,RUNNING)Pos:26.57/0.00 Speed:-3.91/-4.00, Current:-368.00 Force:0.005/5.000
2025-03-17 20:32:45,978-DEBUG-error:False, SETHOME (SETZERO,RUNNING)Pos:26.17/0.00 Speed:-3.95/-4.00, Current:-240.00 Force:0.004/5.000
2025-03-17 20:32:46,085-DEBUG-error:False, SETHOME (SETZERO,RUNNING)Pos:25.77/0.00 Speed:-4.09/-4.00, Current:-800.00 Force:0.007/5.000
2025-03-17 20:32:46,178-DEBUG-error:False, SETHOME (SETZERO,RUNNING)Pos:25.37/0.00 Speed:-3.98/-4.00, Current:-208.00 Force:0.004/5.000
2025-03-17 20:32:46,280-DEBUG-error:False, SETHOME (SETZERO,RUNNING)Pos:24.97/0.00 Speed:-3.80/-4.00, Current:-944.00 Force:0.006/5.000
2025-03-17 20:32:46,377-DEBUG-error:False, SETHOME (SETZERO,RUNNING)Pos:24.57/0.00 Speed:-3.74/-4.00, Current:-240.00 Force:0.006/5.000
2025-03-17 20:32:46,478-DEBUG-error:False, SETHOME (SETZERO,RUNNING)Pos:24.16/0.00 Speed:-4.22/-4.00, Current:-176.00 Force:0.008/5.000
2025-03-17 20:32:46,577-DEBUG-error:False, SETHOME (SETZERO,RUNNING)Pos:23.77/0.00 Speed:-4.13/-4.00, Current:-208.00 Force:0.005/5.000
2025-03-17 20:32:46,683-DEBUG-error:False, SETHOME (SETZERO,RUNNING)Pos:23.37/0.00 Speed:-3.66/-4.00, Current:-448.00 Force:0.003/5.000
2025-03-17 20:32:46,778-DEBUG-error:False, SETHOME (SETZERO,RUNNING)Pos:22.96/0.00 Speed:-3.94/-4.00, Current:-256.00 Force:0.004/5.000
2025-03-17 20:32:46,878-DEBUG-error:False, SETHOME (SETZERO,RUNNING)Pos:22.56/0.00 Speed:-3.81/-4.00, Current:-528.00 Force:0.004/5.000
2025-03-17 20:32:46,978-DEBUG-error:False, SETHOME (SETZERO,RUNNING)Pos:22.16/0.00 Speed:-4.23/-4.00, Current:-80.00 Force:0.006/5.000
2025-03-17 20:32:47,080-DEBUG-error:False, SETHOME (SETZERO,RUNNING)Pos:21.76/0.00 Speed:-3.90/-4.00, Current:-928.00 Force:0.007/5.000
2025-03-17 20:32:47,178-DEBUG-error:False, SETHOME (SETZERO,RUNNING)Pos:21.36/0.00 Speed:-4.06/-4.00, Current:-224.00 Force:0.003/5.000
2025-03-17 20:32:47,277-DEBUG-error:False, SETHOME (SETZERO,RUNNING)Pos:20.96/0.00 Speed:-4.20/-4.00, Current:-240.00 Force:0.005/5.000
2025-03-17 20:32:47,378-DEBUG-error:False, SETHOME (SETZERO,RUNNING)Pos:20.56/0.00 Speed:-3.81/-4.00, Current:-496.00 Force:0.003/5.000
2025-03-17 20:32:47,479-DEBUG-error:False, SETHOME (SETZERO,RUNNING)Pos:20.16/0.00 Speed:-3.78/-4.00, Current:-464.00 Force:0.005/5.000
2025-03-17 20:32:47,578-DEBUG-error:False, SETHOME (SETZERO,RUNNING)Pos:19.76/0.00 Speed:-4.08/-4.00, Current:-272.00 Force:0.004/5.000
2025-03-17 20:32:47,678-DEBUG-error:False, SETHOME (SETZERO,RUNNING)Pos:19.36/0.00 Speed:-4.12/-4.00, Current:-528.00 Force:0.008/5.000
2025-03-17 20:32:47,779-DEBUG-error:False, SETHOME (SETZERO,RUNNING)Pos:18.95/0.00 Speed:-4.09/-4.00, Current:-160.00 Force:0.004/5.000
2025-03-17 20:32:47,880-DEBUG-error:False, SETHOME (SETZERO,RUNNING)Pos:18.55/0.00 Speed:-3.67/-4.00, Current:-176.00 Force:0.005/5.000
2025-03-17 20:32:47,978-DEBUG-error:False, SETHOME (SETZERO,RUNNING)Pos:18.15/0.00 Speed:-3.98/-4.00, Current:-688.00 Force:0.007/5.000
2025-03-17 20:32:48,078-DEBUG-error:False, SETHOME (SETZERO,RUNNING)Pos:17.74/0.00 Speed:-4.06/-4.00, Current:-176.00 Force:0.005/5.000
2025-03-17 20:32:48,178-DEBUG-error:False, SETHOME (SETZERO,RUNNING)Pos:17.35/0.00 Speed:-3.92/-4.00, Current:-352.00 Force:0.006/5.000
2025-03-17 20:32:48,278-DEBUG-error:False, SETHOME (SETZERO,RUNNING)Pos:16.95/0.00 Speed:-3.88/-4.00, Current:-320.00 Force:0.004/5.000
2025-03-17 20:32:48,379-DEBUG-error:False, SETHOME (SETZERO,RUNNING)Pos:16.55/0.00 Speed:-4.02/-4.00, Current:-272.00 Force:0.003/5.000
2025-03-17 20:32:48,478-DEBUG-error:False, SETHOME (SETZERO,RUNNING)Pos:16.15/0.00 Speed:-4.09/-4.00, Current:-288.00 Force:0.003/5.000
2025-03-17 20:32:48,579-DEBUG-error:False, SETHOME (SETZERO,RUNNING)Pos:15.75/0.00 Speed:-3.70/-4.00, Current:-176.00 Force:0.010/5.000
2025-03-17 20:32:48,678-DEBUG-error:False, SETHOME (SETZERO,RUNNING)Pos:15.34/0.00 Speed:-3.83/-4.00, Current:-384.00 Force:0.003/5.000
2025-03-17 20:32:48,778-DEBUG-error:False, SETHOME (SETZERO,RUNNING)Pos:14.95/0.00 Speed:-4.31/-4.00, Current:-560.00 Force:0.003/5.000
2025-03-17 20:32:48,878-DEBUG-error:False, SETHOME (SETZERO,RUNNING)Pos:14.55/0.00 Speed:-3.97/-4.00, Current:-672.00 Force:0.008/5.000
2025-03-17 20:32:48,977-DEBUG-error:False, SETHOME (SETZERO,RUNNING)Pos:14.14/0.00 Speed:-3.91/-4.00, Current:-352.00 Force:0.005/5.000
2025-03-17 20:32:49,077-DEBUG-error:False, SETHOME (SETZERO,RUNNING)Pos:13.75/0.00 Speed:-3.90/-4.00, Current:-304.00 Force:0.003/5.000
2025-03-17 20:32:49,178-DEBUG-error:False, SETHOME (SETZERO,RUNNING)Pos:13.34/0.00 Speed:-4.22/-4.00, Current:-256.00 Force:0.004/5.000
2025-03-17 20:32:49,278-DEBUG-error:False, SETHOME (SETZERO,RUNNING)Pos:12.94/0.00 Speed:-4.20/-4.00, Current:-256.00 Force:0.003/5.000
2025-03-17 20:32:49,378-DEBUG-error:False, SETHOME (SETZERO,RUNNING)Pos:12.54/0.00 Speed:-3.80/-4.00, Current:-256.00 Force:0.004/5.000
2025-03-17 20:32:49,477-DEBUG-error:False, SETHOME (SETZERO,RUNNING)Pos:12.14/0.00 Speed:-3.95/-4.00, Current:-352.00 Force:0.007/5.000
2025-03-17 20:32:49,578-DEBUG-error:False, SETHOME (SETZERO,RUNNING)Pos:11.74/0.00 Speed:-4.12/-4.00, Current:-736.00 Force:0.003/5.000
2025-03-17 20:32:49,678-DEBUG-error:False, SETHOME (SETZERO,RUNNING)Pos:11.34/0.00 Speed:-4.08/-4.00, Current:-400.00 Force:0.004/5.000
2025-03-17 20:32:49,778-DEBUG-error:False, SETHOME (SETZERO,RUNNING)Pos:10.94/0.00 Speed:-4.05/-4.00, Current:-240.00 Force:0.005/5.000
2025-03-17 20:32:49,879-DEBUG-error:False, SETHOME (SETZERO,RUNNING)Pos:10.54/0.00 Speed:-3.87/-4.00, Current:-368.00 Force:0.002/5.000
2025-03-17 20:32:49,978-DEBUG-error:False, SETHOME (SETZERO,RUNNING)Pos:10.14/0.00 Speed:-4.11/-4.00, Current:-384.00 Force:0.004/5.000
2025-03-17 20:32:50,077-DEBUG-error:False, SETHOME (SETZERO,RUNNING)Pos:9.74/0.00 Speed:-4.16/-4.00, Current:-368.00 Force:0.003/5.000
2025-03-17 20:32:50,178-DEBUG-error:False, SETHOME (SETZERO,RUNNING)Pos:9.34/0.00 Speed:-3.78/-4.00, Current:-400.00 Force:0.005/5.000
2025-03-17 20:32:50,278-DEBUG-error:False, SETHOME (SETZERO,RUNNING)Pos:8.94/0.00 Speed:-4.04/-4.00, Current:-272.00 Force:0.006/5.000
2025-03-17 20:32:50,388-DEBUG-error:False, SETHOME (SETZERO,RUNNING)Pos:8.50/0.00 Speed:-3.88/-4.00, Current:-864.00 Force:0.005/5.000
2025-03-17 20:32:50,488-DEBUG-error:False, SETHOME (SETZERO,RUNNING)Pos:8.09/0.00 Speed:-4.13/-4.00, Current:-32.00 Force:0.003/5.000
2025-03-17 20:32:50,588-DEBUG-error:False, SETHOME (SETZERO,RUNNING)Pos:7.69/0.00 Speed:-4.06/-4.00, Current:-176.00 Force:0.003/5.000
2025-03-17 20:32:50,687-DEBUG-error:False, SETHOME (SETZERO,RUNNING)Pos:7.29/0.00 Speed:-4.04/-4.00, Current:-368.00 Force:0.002/5.000
2025-03-17 20:32:50,793-DEBUG-error:False, SETHOME (SETZERO,RUNNING)Pos:6.89/0.00 Speed:-3.64/-4.00, Current:-432.00 Force:0.001/5.000
2025-03-17 20:32:50,888-DEBUG-error:False, SETHOME (SETZERO,RUNNING)Pos:6.49/0.00 Speed:-4.13/-4.00, Current:-256.00 Force:0.004/5.000
2025-03-17 20:32:50,988-DEBUG-error:False, SETHOME (SETZERO,RUNNING)Pos:6.09/0.00 Speed:-4.41/-4.00, Current:-112.00 Force:0.006/5.000
2025-03-17 20:32:51,088-DEBUG-error:False, SETHOME (SETZERO,RUNNING)Pos:5.69/0.00 Speed:-3.77/-4.00, Current:-256.00 Force:0.004/5.000
2025-03-17 20:32:51,187-DEBUG-error:False, SETHOME (SETZERO,RUNNING)Pos:5.29/0.00 Speed:-3.88/-4.00, Current:-256.00 Force:0.006/5.000
2025-03-17 20:32:51,287-DEBUG-error:False, SETHOME (SETZERO,RUNNING)Pos:4.88/0.00 Speed:-4.06/-4.00, Current:-400.00 Force:0.005/5.000
2025-03-17 20:32:51,388-DEBUG-error:False, SETHOME (SETZERO,RUNNING)Pos:4.48/0.00 Speed:-4.30/-4.00, Current:-528.00 Force:0.005/5.000
2025-03-17 20:32:51,487-DEBUG-error:False, SETHOME (SETZERO,RUNNING)Pos:4.08/0.00 Speed:-4.08/-4.00, Current:-272.00 Force:0.004/5.000
2025-03-17 20:32:51,588-DEBUG-error:False, SETHOME (SETZERO,RUNNING)Pos:3.69/0.00 Speed:-3.63/-4.00, Current:-464.00 Force:0.003/5.000
2025-03-17 20:32:51,688-DEBUG-error:False, SETHOME (SETZERO,RUNNING)Pos:3.28/0.00 Speed:-4.15/-4.00, Current:-224.00 Force:0.004/5.000
2025-03-17 20:32:51,787-DEBUG-error:False, SETHOME (SETZERO,RUNNING)Pos:2.88/0.00 Speed:-4.09/-4.00, Current:-288.00 Force:0.003/5.000
2025-03-17 20:32:51,893-DEBUG-error:False, SETHOME (SETZERO,RUNNING)Pos:2.48/0.00 Speed:-3.87/-4.00, Current:-288.00 Force:-0.001/5.000
2025-03-17 20:32:51,988-DEBUG-error:False, SETHOME (SETZERO,RUNNING)Pos:2.08/0.00 Speed:-3.95/-4.00, Current:-496.00 Force:0.000/5.000
2025-03-17 20:32:52,088-DEBUG-error:False, SETHOME (SETZERO,RUNNING)Pos:1.68/0.00 Speed:-3.98/-4.00, Current:-64.00 Force:0.004/5.000
2025-03-17 20:32:52,190-DEBUG-error:False, SETHOME (SETZERO,RUNNING)Pos:1.28/0.00 Speed:-4.16/-4.00, Current:-96.00 Force:0.001/5.000
2025-03-17 20:32:52,288-DEBUG-error:False, SETHOME (SETZERO,RUNNING)Pos:0.88/0.00 Speed:-3.99/-4.00, Current:-272.00 Force:0.003/5.000
2025-03-17 20:32:52,387-DEBUG-error:False, SETHOME (SETZERO,RUNNING)Pos:0.48/0.00 Speed:-3.94/-4.00, Current:-288.00 Force:0.007/5.000
2025-03-17 20:32:52,487-DEBUG-error:False, SETHOME (SETZERO,RUNNING)Pos:0.09/0.00 Speed:-3.55/-4.00, Current:-752.00 Force:0.007/5.000
2025-03-17 20:32:52,577-INFO-Hand: Home position is found.
2025-03-17 20:32:52,578-INFO-Client: exiting program.
2025-03-17 20:32:52,584-INFO-Client: Halt DexHand.
2025-03-17 20:32:52,587-DEBUG-error:False, STOP (SETZERO,FINISHED)Pos:-0.13/0.00 Speed:1.79/0.00, Current:-2368.00 Force:0.008/5.000
2025-03-17 20:32:52,589-WARNING-Server: Got emergency task Halt.
2025-03-17 20:32:52,590-INFO-Hand: Halting DexHand...
2025-03-17 20:32:52,600-INFO-Hand: DexHand has halted.
2025-03-17 20:32:52,600-WARNING-Client: Release DexHand.
2025-03-17 20:32:52,601-INFO-Hand: DexHand service is available again.
2025-03-17 20:32:52,661-DEBUG-Hand: DexHand control access has been released.
2025-03-17 20:33:51,531-INFO-Client: Start DexHand client.
2025-03-17 20:33:51,531-INFO-Client: Try to start DexHand server.
2025-03-17 20:33:52,437-ERROR-Client: Timeout. DexHand Server may be not available.
2025-03-17 20:33:52,532-WARNING-Client: Timeout. The package may be lost.
2025-03-17 20:33:52,532-INFO-Client: exiting program.
2025-03-17 20:34:27,498-INFO-Client: Start DexHand client.
2025-03-17 20:34:27,498-INFO-Client: Try to start DexHand server.
2025-03-17 20:34:27,502-INFO-Server: Starting server...
2025-03-17 20:34:27,818-INFO-Hand: DexHand has initialized successfully.
2025-03-17 20:34:27,957-DEBUG-error:False, NORMAL (EMPTY,FINISHED)Pos:0.06/0.00 Speed:0.00/0.00, Current:-128.00 Force:0.004/0.000
2025-03-17 20:34:28,058-DEBUG-error:False, NORMAL (EMPTY,FINISHED)Pos:0.06/0.00 Speed:0.00/0.00, Current:-128.00 Force:0.003/0.000
2025-03-17 20:34:28,158-DEBUG-error:False, NORMAL (EMPTY,FINISHED)Pos:0.06/0.00 Speed:0.00/0.00, Current:-64.00 Force:0.001/0.000
2025-03-17 20:34:28,258-DEBUG-error:False, NORMAL (EMPTY,FINISHED)Pos:0.06/0.00 Speed:0.00/0.00, Current:-64.00 Force:0.005/0.000
2025-03-17 20:34:28,359-DEBUG-error:False, NORMAL (EMPTY,FINISHED)Pos:0.06/0.00 Speed:0.00/0.00, Current:384.00 Force:0.005/0.000
2025-03-17 20:34:28,459-DEBUG-error:False, NORMAL (EMPTY,FINISHED)Pos:0.06/0.00 Speed:0.00/0.00, Current:240.00 Force:0.003/0.000
2025-03-17 20:34:28,558-DEBUG-error:False, NORMAL (EMPTY,FINISHED)Pos:0.06/0.00 Speed:0.00/0.00, Current:-80.00 Force:0.004/0.000
2025-03-17 20:34:28,659-DEBUG-error:False, NORMAL (EMPTY,FINISHED)Pos:0.06/0.00 Speed:0.00/0.00, Current:-80.00 Force:0.005/0.000
2025-03-17 20:34:28,759-DEBUG-error:False, NORMAL (EMPTY,FINISHED)Pos:0.06/0.00 Speed:0.00/0.00, Current:-80.00 Force:0.005/0.000
2025-03-17 20:34:28,859-DEBUG-error:False, NORMAL (EMPTY,FINISHED)Pos:0.06/0.00 Speed:0.00/0.00, Current:-128.00 Force:0.006/0.000
2025-03-17 20:34:28,958-DEBUG-error:False, NORMAL (EMPTY,FINISHED)Pos:0.06/0.00 Speed:0.00/0.00, Current:-48.00 Force:0.004/0.000
2025-03-17 20:34:29,057-DEBUG-error:False, NORMAL (EMPTY,FINISHED)Pos:0.06/0.00 Speed:0.00/0.00, Current:-128.00 Force:0.003/0.000
2025-03-17 20:34:29,157-DEBUG-error:False, NORMAL (EMPTY,FINISHED)Pos:0.06/0.00 Speed:0.00/0.00, Current:-48.00 Force:0.004/0.000
2025-03-17 20:34:29,282-DEBUG-error:False, NORMAL (EMPTY,FINISHED)Pos:0.06/0.00 Speed:0.00/0.00, Current:32.00 Force:0.003/0.000
2025-03-17 20:34:29,377-DEBUG-error:False, NORMAL (EMPTY,FINISHED)Pos:0.06/0.00 Speed:0.00/0.00, Current:-128.00 Force:0.004/0.000
2025-03-17 20:34:29,476-DEBUG-error:False, NORMAL (EMPTY,FINISHED)Pos:0.06/0.00 Speed:0.00/0.00, Current:-64.00 Force:0.002/0.000
2025-03-17 20:34:29,577-DEBUG-error:False, NORMAL (EMPTY,FINISHED)Pos:0.06/0.00 Speed:0.00/0.00, Current:-32.00 Force:0.002/0.000
2025-03-17 20:34:29,677-DEBUG-error:False, NORMAL (EMPTY,FINISHED)Pos:0.06/0.00 Speed:0.00/0.00, Current:32.00 Force:0.004/0.000
2025-03-17 20:34:29,777-DEBUG-error:False, NORMAL (EMPTY,FINISHED)Pos:0.06/0.00 Speed:0.00/0.00, Current:-128.00 Force:0.005/0.000
2025-03-17 20:34:29,877-DEBUG-error:False, NORMAL (EMPTY,FINISHED)Pos:0.06/0.00 Speed:0.00/0.00, Current:80.00 Force:0.005/0.000
2025-03-17 20:34:29,977-DEBUG-error:False, NORMAL (EMPTY,FINISHED)Pos:0.06/0.00 Speed:0.00/0.00, Current:-128.00 Force:0.004/0.000
2025-03-17 20:34:30,078-DEBUG-error:False, NORMAL (EMPTY,FINISHED)Pos:0.06/0.00 Speed:0.00/0.00, Current:16.00 Force:0.005/0.000
2025-03-17 20:34:30,177-DEBUG-error:False, NORMAL (EMPTY,FINISHED)Pos:0.06/0.00 Speed:0.00/0.00, Current:96.00 Force:0.003/0.000
2025-03-17 20:34:30,277-DEBUG-error:False, NORMAL (EMPTY,FINISHED)Pos:0.06/0.00 Speed:0.00/0.00, Current:-64.00 Force:0.003/0.000
2025-03-17 20:34:30,377-DEBUG-error:False, NORMAL (EMPTY,FINISHED)Pos:0.06/0.00 Speed:0.00/0.00, Current:-112.00 Force:0.003/0.000
2025-03-17 20:34:30,477-DEBUG-error:False, NORMAL (EMPTY,FINISHED)Pos:0.06/0.00 Speed:0.00/0.00, Current:-80.00 Force:0.005/0.000
2025-03-17 20:34:30,577-DEBUG-error:False, NORMAL (EMPTY,FINISHED)Pos:0.06/0.00 Speed:0.00/0.00, Current:-48.00 Force:0.004/0.000
2025-03-17 20:34:30,677-DEBUG-error:False, NORMAL (EMPTY,FINISHED)Pos:0.06/0.00 Speed:0.00/0.00, Current:0.00 Force:0.002/0.000
2025-03-17 20:34:30,776-DEBUG-error:False, NORMAL (EMPTY,FINISHED)Pos:0.06/0.00 Speed:0.00/0.00, Current:-64.00 Force:0.005/0.000
2025-03-17 20:34:30,876-DEBUG-error:False, NORMAL (EMPTY,FINISHED)Pos:0.06/0.00 Speed:0.00/0.00, Current:176.00 Force:0.003/0.000
2025-03-17 20:34:30,977-DEBUG-error:False, NORMAL (EMPTY,FINISHED)Pos:0.06/0.00 Speed:0.00/0.00, Current:-128.00 Force:0.004/0.000
2025-03-17 20:34:31,076-DEBUG-error:False, NORMAL (EMPTY,FINISHED)Pos:0.06/0.00 Speed:0.00/0.00, Current:-32.00 Force:0.006/0.000
2025-03-17 20:34:31,177-DEBUG-error:False, NORMAL (EMPTY,FINISHED)Pos:0.06/0.00 Speed:0.00/0.00, Current:-16.00 Force:0.006/0.000
2025-03-17 20:34:31,276-DEBUG-error:False, NORMAL (EMPTY,FINISHED)Pos:0.06/0.00 Speed:0.00/0.00, Current:-48.00 Force:0.002/0.000
2025-03-17 20:34:31,376-DEBUG-error:False, NORMAL (EMPTY,FINISHED)Pos:0.06/0.00 Speed:0.00/0.00, Current:-144.00 Force:0.004/0.000
2025-03-17 20:34:31,478-DEBUG-error:False, NORMAL (EMPTY,FINISHED)Pos:0.06/0.00 Speed:0.00/0.00, Current:-32.00 Force:0.005/0.000
2025-03-17 20:34:31,578-DEBUG-error:False, NORMAL (EMPTY,FINISHED)Pos:0.06/0.00 Speed:0.00/0.00, Current:48.00 Force:0.004/0.000
2025-03-17 20:34:31,678-DEBUG-error:False, NORMAL (EMPTY,FINISHED)Pos:0.06/0.00 Speed:0.00/0.00, Current:-64.00 Force:0.004/0.000
2025-03-17 20:34:31,848-DEBUG-error:False, NORMAL (EMPTY,FINISHED)Pos:0.06/0.00 Speed:0.00/0.00, Current:-64.00 Force:0.005/0.000
2025-03-17 20:34:31,947-DEBUG-error:False, NORMAL (EMPTY,FINISHED)Pos:0.06/0.00 Speed:0.00/0.00, Current:-32.00 Force:0.006/0.000
2025-03-17 20:34:32,047-DEBUG-error:False, NORMAL (EMPTY,FINISHED)Pos:0.06/0.00 Speed:0.00/0.00, Current:352.00 Force:0.004/0.000
2025-03-17 20:34:32,167-DEBUG-error:False, NORMAL (EMPTY,FINISHED)Pos:0.06/0.00 Speed:0.00/0.00, Current:16.00 Force:0.004/0.000
2025-03-17 20:34:32,287-DEBUG-error:False, NORMAL (EMPTY,FINISHED)Pos:0.06/0.00 Speed:0.00/0.00, Current:-16.00 Force:0.003/0.000
2025-03-17 20:34:32,386-DEBUG-error:False, NORMAL (EMPTY,FINISHED)Pos:0.06/0.00 Speed:0.00/0.00, Current:352.00 Force:0.005/0.000
2025-03-17 20:34:32,486-DEBUG-error:False, NORMAL (EMPTY,FINISHED)Pos:0.06/0.00 Speed:0.00/0.00, Current:16.00 Force:0.006/0.000
2025-03-17 20:34:32,586-DEBUG-error:False, NORMAL (EMPTY,FINISHED)Pos:0.06/0.00 Speed:0.00/0.00, Current:336.00 Force:0.002/0.000
2025-03-17 20:34:32,687-DEBUG-error:False, NORMAL (EMPTY,FINISHED)Pos:0.06/0.00 Speed:0.00/0.00, Current:-128.00 Force:0.005/0.000
2025-03-17 20:34:32,787-DEBUG-error:False, NORMAL (EMPTY,FINISHED)Pos:0.06/0.00 Speed:0.00/0.00, Current:-80.00 Force:0.002/0.000
2025-03-17 20:34:32,886-DEBUG-error:False, NORMAL (EMPTY,FINISHED)Pos:0.06/0.00 Speed:0.00/0.00, Current:-112.00 Force:0.003/0.000
2025-03-17 20:34:32,997-DEBUG-error:False, NORMAL (EMPTY,FINISHED)Pos:0.06/0.00 Speed:0.00/0.00, Current:-80.00 Force:0.003/0.000
2025-03-17 20:34:33,097-DEBUG-error:False, NORMAL (EMPTY,FINISHED)Pos:0.06/0.00 Speed:0.00/0.00, Current:-128.00 Force:0.002/0.000
2025-03-17 20:34:33,198-DEBUG-error:False, NORMAL (EMPTY,FINISHED)Pos:0.06/0.00 Speed:0.00/0.00, Current:208.00 Force:0.003/0.000
2025-03-17 20:34:33,297-DEBUG-error:False, NORMAL (EMPTY,FINISHED)Pos:0.06/0.00 Speed:0.00/0.00, Current:-96.00 Force:0.004/0.000
2025-03-17 20:34:33,397-DEBUG-error:False, NORMAL (EMPTY,FINISHED)Pos:0.06/0.00 Speed:0.00/0.00, Current:192.00 Force:0.001/0.000
2025-03-17 20:34:33,497-DEBUG-error:False, NORMAL (EMPTY,FINISHED)Pos:0.06/0.00 Speed:0.00/0.00, Current:-96.00 Force:0.008/0.000
2025-03-17 20:34:33,597-DEBUG-error:False, NORMAL (EMPTY,FINISHED)Pos:0.06/0.00 Speed:0.00/0.00, Current:-48.00 Force:0.001/0.000
2025-03-17 20:34:33,697-DEBUG-error:False, NORMAL (EMPTY,FINISHED)Pos:0.06/0.00 Speed:0.00/0.00, Current:-96.00 Force:0.006/0.000
2025-03-17 20:34:33,796-DEBUG-error:False, NORMAL (EMPTY,FINISHED)Pos:0.06/0.00 Speed:0.00/0.00, Current:224.00 Force:0.006/0.000
2025-03-17 20:34:33,896-DEBUG-error:False, NORMAL (EMPTY,FINISHED)Pos:0.06/0.00 Speed:0.00/0.00, Current:-32.00 Force:0.005/0.000
2025-03-17 20:34:33,996-DEBUG-error:False, NORMAL (EMPTY,FINISHED)Pos:0.06/0.00 Speed:0.00/0.00, Current:-96.00 Force:0.007/0.000
2025-03-17 20:34:34,097-DEBUG-error:False, NORMAL (EMPTY,FINISHED)Pos:0.06/0.00 Speed:0.00/0.00, Current:160.00 Force:0.006/0.000
2025-03-17 20:34:34,197-DEBUG-error:False, NORMAL (EMPTY,FINISHED)Pos:0.06/0.00 Speed:0.00/0.00, Current:272.00 Force:0.005/0.000
2025-03-17 20:34:34,301-DEBUG-error:False, NORMAL (EMPTY,FINISHED)Pos:0.06/0.00 Speed:0.00/0.00, Current:368.00 Force:0.003/0.000
2025-03-17 20:34:34,397-DEBUG-error:False, NORMAL (EMPTY,FINISHED)Pos:0.06/0.00 Speed:0.00/0.00, Current:400.00 Force:0.004/0.000
2025-03-17 20:34:34,499-DEBUG-error:False, NORMAL (EMPTY,FINISHED)Pos:0.06/0.00 Speed:0.00/0.00, Current:-80.00 Force:0.003/0.000
2025-03-17 20:34:34,596-DEBUG-error:False, NORMAL (EMPTY,FINISHED)Pos:0.06/0.00 Speed:0.00/0.00, Current:-128.00 Force:0.005/0.000
2025-03-17 20:34:34,696-DEBUG-error:False, NORMAL (EMPTY,FINISHED)Pos:0.06/0.00 Speed:0.00/0.00, Current:-128.00 Force:0.005/0.000
2025-03-17 20:34:34,797-DEBUG-error:False, NORMAL (EMPTY,FINISHED)Pos:0.06/0.00 Speed:0.00/0.00, Current:176.00 Force:0.005/0.000
2025-03-17 20:34:34,896-DEBUG-error:False, NORMAL (EMPTY,FINISHED)Pos:0.06/0.00 Speed:0.00/0.00, Current:-128.00 Force:0.003/0.000
2025-03-17 20:34:34,997-DEBUG-error:False, NORMAL (EMPTY,FINISHED)Pos:0.06/0.00 Speed:0.00/0.00, Current:-64.00 Force:0.006/0.000
2025-03-17 20:34:35,096-DEBUG-error:False, NORMAL (EMPTY,FINISHED)Pos:0.06/0.00 Speed:0.00/0.00, Current:-96.00 Force:0.005/0.000
2025-03-17 20:34:35,196-DEBUG-error:False, NORMAL (EMPTY,FINISHED)Pos:0.06/0.00 Speed:0.00/0.00, Current:-128.00 Force:0.005/0.000
2025-03-17 20:34:35,296-DEBUG-error:False, NORMAL (EMPTY,FINISHED)Pos:0.06/0.00 Speed:0.00/0.00, Current:-64.00 Force:0.005/0.000
2025-03-17 20:34:35,396-DEBUG-error:False, NORMAL (EMPTY,FINISHED)Pos:0.06/0.00 Speed:0.00/0.00, Current:-48.00 Force:0.003/0.000
2025-03-17 20:34:35,496-DEBUG-error:False, NORMAL (EMPTY,FINISHED)Pos:0.06/0.00 Speed:0.00/0.00, Current:-128.00 Force:0.006/0.000
2025-03-17 20:34:35,597-DEBUG-error:False, NORMAL (EMPTY,FINISHED)Pos:0.06/0.00 Speed:0.00/0.00, Current:-128.00 Force:0.004/0.000
2025-03-17 20:34:35,697-DEBUG-error:False, NORMAL (EMPTY,FINISHED)Pos:0.06/0.00 Speed:0.00/0.00, Current:-80.00 Force:0.003/0.000
2025-03-17 20:34:35,796-DEBUG-error:False, NORMAL (EMPTY,FINISHED)Pos:0.06/0.00 Speed:0.00/0.00, Current:-112.00 Force:0.002/0.000
2025-03-17 20:34:35,897-DEBUG-error:False, NORMAL (EMPTY,FINISHED)Pos:0.06/0.00 Speed:0.00/0.00, Current:144.00 Force:0.003/0.000
2025-03-17 20:34:35,996-DEBUG-error:False, NORMAL (EMPTY,FINISHED)Pos:0.06/0.00 Speed:0.00/0.00, Current:256.00 Force:0.005/0.000
2025-03-17 20:34:36,097-DEBUG-error:False, NORMAL (EMPTY,FINISHED)Pos:0.06/0.00 Speed:0.00/0.00, Current:288.00 Force:0.005/0.000
2025-03-17 20:34:36,196-DEBUG-error:False, NORMAL (EMPTY,FINISHED)Pos:0.06/0.00 Speed:0.00/0.00, Current:-64.00 Force:0.004/0.000
2025-03-17 20:34:36,297-DEBUG-error:False, NORMAL (EMPTY,FINISHED)Pos:0.06/0.00 Speed:0.00/0.00, Current:368.00 Force:0.005/0.000
2025-03-17 20:34:36,397-DEBUG-error:False, NORMAL (EMPTY,FINISHED)Pos:0.06/0.00 Speed:0.00/0.00, Current:0.00 Force:0.008/0.000
2025-03-17 20:34:36,498-DEBUG-error:False, NORMAL (EMPTY,FINISHED)Pos:0.06/0.00 Speed:0.00/0.00, Current:144.00 Force:0.003/0.000
2025-03-17 20:34:36,597-DEBUG-error:False, NORMAL (EMPTY,FINISHED)Pos:0.06/0.00 Speed:0.00/0.00, Current:-48.00 Force:-0.000/0.000
2025-03-17 20:34:36,697-DEBUG-error:False, NORMAL (EMPTY,FINISHED)Pos:0.06/0.00 Speed:0.00/0.00, Current:-112.00 Force:0.005/0.000
2025-03-17 20:34:36,797-DEBUG-error:False, NORMAL (EMPTY,FINISHED)Pos:0.06/0.00 Speed:0.00/0.00, Current:-32.00 Force:0.004/0.000
2025-03-17 20:34:36,896-DEBUG-error:False, NORMAL (EMPTY,FINISHED)Pos:0.06/0.00 Speed:0.00/0.00, Current:368.00 Force:0.002/0.000
2025-03-17 20:34:36,996-DEBUG-error:False, NORMAL (EMPTY,FINISHED)Pos:0.06/0.00 Speed:0.00/0.00, Current:-64.00 Force:-0.001/0.000
2025-03-17 20:34:37,096-DEBUG-error:False, NORMAL (EMPTY,FINISHED)Pos:0.06/0.00 Speed:0.00/0.00, Current:-128.00 Force:0.002/0.000
2025-03-17 20:34:37,198-DEBUG-error:False, NORMAL (EMPTY,FINISHED)Pos:0.06/0.00 Speed:0.00/0.00, Current:-128.00 Force:0.004/0.000
2025-03-17 20:34:37,297-DEBUG-error:False, NORMAL (EMPTY,FINISHED)Pos:0.06/0.00 Speed:0.00/0.00, Current:144.00 Force:0.002/0.000
2025-03-17 20:34:37,396-DEBUG-error:False, NORMAL (EMPTY,FINISHED)Pos:0.06/0.00 Speed:0.00/0.00, Current:208.00 Force:0.003/0.000
2025-03-17 20:34:37,499-DEBUG-error:False, NORMAL (EMPTY,FINISHED)Pos:0.06/0.00 Speed:0.00/0.00, Current:-32.00 Force:0.005/0.000
2025-03-17 20:34:37,596-DEBUG-error:False, NORMAL (EMPTY,FINISHED)Pos:0.06/0.00 Speed:0.00/0.00, Current:-128.00 Force:0.004/0.000
2025-03-17 20:34:37,697-DEBUG-error:False, NORMAL (EMPTY,FINISHED)Pos:0.06/0.00 Speed:0.00/0.00, Current:-112.00 Force:0.007/0.000
2025-03-17 20:34:37,799-DEBUG-error:False, NORMAL (EMPTY,FINISHED)Pos:0.06/0.00 Speed:0.00/0.00, Current:304.00 Force:0.007/0.000
2025-03-17 20:34:37,897-DEBUG-error:False, NORMAL (EMPTY,FINISHED)Pos:0.06/0.00 Speed:0.00/0.00, Current:304.00 Force:0.001/0.000
2025-03-17 20:34:37,909-INFO-Server: Started.
2025-03-17 20:34:37,909-INFO-Tac3D: Tac3D has initialized successfully
2025-03-17 20:34:37,910-INFO-Client: exiting program.
